#
# There is insufficient memory for the Java Runtime Environment to continue.
# Native memory allocation (malloc) failed to allocate 45536 bytes for Chunk::new
# Possible reasons:
#   The system is out of physical RAM or swap space
#   The process is running with CompressedOops enabled, and the Java Heap may be blocking the growth of the native heap
# Possible solutions:
#   Reduce memory load on the system
#   Increase physical memory or swap space
#   Check if swap backing store is full
#   Decrease Java heap size (-Xmx/-Xms)
#   Decrease number of Java threads
#   Decrease Java thread stack sizes (-Xss)
#   Set larger code cache with -XX:ReservedCodeCacheSize=
#   JVM is running with Unscaled Compressed Oops mode in which the Java heap is
#     placed in the first 4GB address space. The Java Heap base address is the
#     maximum limit for the native heap growth. Please use -XX:HeapBaseMinAddress
#     to set the Java Heap base and to place the Java Heap above 4GB virtual address.
# This output file may be truncated or incomplete.
#
#  Out of Memory Error (arena.cpp:184), pid=12176, tid=5096
#
# JRE version: Java(TM) SE Runtime Environment (18.0.2+9) (build 18.0.2+9-61)
# Java VM: Java HotSpot(TM) 64-Bit Server VM (18.0.2+9-61, mixed mode, sharing, tiered, compressed oops, compressed class ptrs, g1 gc, windows-amd64)
# No core dump will be written. Minidumps are not enabled by default on client versions of Windows
#

---------------  S U M M A R Y ------------

Command Line: -javaagent:C:\Program Files\JetBrains\IntelliJ IDEA Community Edition 2022.2\lib\idea_rt.jar=64978:C:\Program Files\JetBrains\IntelliJ IDEA Community Edition 2022.2\bin -Dfile.encoding=UTF-8 com.example.library.LibraryApplication

Host: AMD Ryzen 5 2500X Quad-Core Processor          , 8 cores, 7G,  Windows 10 , 64 bit Build 19041 (10.0.19041.1806)
Time: Thu Aug 11 17:40:10 2022 Türkiye Standart Saati elapsed time: 0.316164 seconds (0d 0h 0m 0s)

---------------  T H R E A D  ---------------

Current thread (0x0000016975c15890):  JavaThread "C2 CompilerThread0" daemon [_thread_in_native, id=5096, stack(0x0000004983800000,0x0000004983900000)]


Current CompileTask:
C2:    316  292       4       java.lang.AbstractStringBuilder::append (77 bytes)

Stack: [0x0000004983800000,0x0000004983900000]
Native frames: (J=compiled Java code, j=interpreted, Vv=VM code, C=native code)
V  [jvm.dll+0x6993ca]
V  [jvm.dll+0x7f481d]
V  [jvm.dll+0x7f612e]
V  [jvm.dll+0x7f67e3]
V  [jvm.dll+0x25cdaf]
V  [jvm.dll+0xb8c2f]
V  [jvm.dll+0xb8fa5]
V  [jvm.dll+0x2c7cbf]
V  [jvm.dll+0x5a0d8e]
V  [jvm.dll+0x23876e]
V  [jvm.dll+0x231cf5]
V  [jvm.dll+0x22f21b]
V  [jvm.dll+0x1ba01c]
V  [jvm.dll+0x23ec9a]
V  [jvm.dll+0x23cf85]
V  [jvm.dll+0x7a6e21]
V  [jvm.dll+0x7a125a]
V  [jvm.dll+0x698275]
C  [ucrtbase.dll+0x21bb2]
C  [KERNEL32.DLL+0x17034]
C  [ntdll.dll+0x52651]


---------------  P R O C E S S  ---------------

Threads class SMR info:
_java_thread_list=0x000001697a077a80, length=11, elements={
0x0000016957a40f30, 0x0000016975bf1e30, 0x0000016975bf3aa0, 0x0000016975c0d200,
0x0000016975c0dba0, 0x0000016975c0e540, 0x0000016975c0f430, 0x0000016975c15890,
0x0000016975c1e3c0, 0x0000016975c33dd0, 0x000001697a09de20
}

Java Threads: ( => current thread )
  0x0000016957a40f30 JavaThread "main" [_thread_in_native, id=14092, stack(0x0000004982b00000,0x0000004982c00000)]
  0x0000016975bf1e30 JavaThread "Reference Handler" daemon [_thread_blocked, id=2280, stack(0x0000004983200000,0x0000004983300000)]
  0x0000016975bf3aa0 JavaThread "Finalizer" daemon [_thread_blocked, id=9988, stack(0x0000004983300000,0x0000004983400000)]
  0x0000016975c0d200 JavaThread "Signal Dispatcher" daemon [_thread_blocked, id=7252, stack(0x0000004983400000,0x0000004983500000)]
  0x0000016975c0dba0 JavaThread "Attach Listener" daemon [_thread_blocked, id=7108, stack(0x0000004983500000,0x0000004983600000)]
  0x0000016975c0e540 JavaThread "Service Thread" daemon [_thread_blocked, id=6496, stack(0x0000004983600000,0x0000004983700000)]
  0x0000016975c0f430 JavaThread "Monitor Deflation Thread" daemon [_thread_blocked, id=8784, stack(0x0000004983700000,0x0000004983800000)]
=>0x0000016975c15890 JavaThread "C2 CompilerThread0" daemon [_thread_in_native, id=5096, stack(0x0000004983800000,0x0000004983900000)]
  0x0000016975c1e3c0 JavaThread "C1 CompilerThread0" daemon [_thread_blocked, id=10120, stack(0x0000004983900000,0x0000004983a00000)]
  0x0000016975c33dd0 JavaThread "Sweeper thread" daemon [_thread_blocked, id=8436, stack(0x0000004983a00000,0x0000004983b00000)]
  0x000001697a09de20 JavaThread "Common-Cleaner" daemon [_thread_blocked, id=7064, stack(0x0000004983b00000,0x0000004983c00000)]

Other Threads:
  0x0000016957abb060 VMThread "VM Thread" [stack: 0x0000004983100000,0x0000004983200000] [id=3832]
  0x0000016957a9eb60 WorkerThread "GC Thread#0" [stack: 0x0000004982c00000,0x0000004982d00000] [id=3604]
  0x0000016957ab38c0 ConcurrentGCThread "G1 Main Marker" [stack: 0x0000004982d00000,0x0000004982e00000] [id=696]
  0x0000016957ab4a50 WorkerThread "G1 Conc#0" [stack: 0x0000004982e00000,0x0000004982f00000] [id=3584]
  0x0000016975aa70b0 ConcurrentGCThread "G1 Refine#0" [stack: 0x0000004982f00000,0x0000004983000000] [id=13364]
  0x0000016975aa78d0 ConcurrentGCThread "G1 Service" [stack: 0x0000004983000000,0x0000004983100000] [id=10060]

Threads with active compile tasks:
C2 CompilerThread0      345  292       4       java.lang.AbstractStringBuilder::append (77 bytes)

VM state: not at safepoint (normal execution)

VM Mutex/Monitor currently owned by a thread: None

Heap address: 0x0000000081000000, size: 2032 MB, Compressed Oops mode: 32-bit

CDS archive(s) mapped at: [0x0000000800000000-0x0000000800ba0000-0x0000000800ba0000), size 12189696, SharedBaseAddress: 0x0000000800000000, ArchiveRelocationMode: 0.
Compressed class space mapped at: 0x0000000800c00000-0x0000000840c00000, reserved size: 1073741824
Narrow klass base: 0x0000000800000000, Narrow klass shift: 0, Narrow klass range: 0x100000000

GC Precious Log:
 CardTable entry size: 512
 Card Set container configuration: InlinePtr #cards 5 size 8 Array Of Cards #cards 12 size 40 Howl #buckets 4 coarsen threshold 1843 Howl Bitmap #cards 512 size 80 coarsen threshold 460 Card regions per heap region 1 cards per card region 2048
 CPUs: 8 total, 8 available
 Memory: 8121M
 Large Page Support: Disabled
 NUMA Support: Disabled
 Compressed Oops: Enabled (32-bit)
 Heap Region Size: 1M
 Heap Min Capacity: 8M
 Heap Initial Capacity: 128M
 Heap Max Capacity: 2032M
 Pre-touch: Disabled
 Parallel Workers: 8
 Concurrent Workers: 2
 Concurrent Refinement Workers: 8
 Periodic GC: Disabled

Heap:
 garbage-first heap   total 131072K, used 6144K [0x0000000081000000, 0x0000000100000000)
  region size 1024K, 7 young (7168K), 0 survivors (0K)
 Metaspace       used 384K, committed 576K, reserved 1114112K
  class space    used 13K, committed 128K, reserved 1048576K

Heap Regions: E=young(eden), S=young(survivor), O=old, HS=humongous(starts), HC=humongous(continues), CS=collection set, F=free, OA=open archive, CA=closed archive, TAMS=top-at-mark-start (previous, next)
|   0|0x0000000081000000, 0x0000000081100000, 0x0000000081100000|100%|HS|  |TAMS 0x0000000081000000, 0x0000000081000000| Complete 
|   1|0x0000000081100000, 0x0000000081100000, 0x0000000081200000|  0%| F|  |TAMS 0x0000000081100000, 0x0000000081100000| Untracked 
|   2|0x0000000081200000, 0x0000000081200000, 0x0000000081300000|  0%| F|  |TAMS 0x0000000081200000, 0x0000000081200000| Untracked 
|   3|0x0000000081300000, 0x0000000081300000, 0x0000000081400000|  0%| F|  |TAMS 0x0000000081300000, 0x0000000081300000| Untracked 
|   4|0x0000000081400000, 0x0000000081400000, 0x0000000081500000|  0%| F|  |TAMS 0x0000000081400000, 0x0000000081400000| Untracked 
|   5|0x0000000081500000, 0x0000000081500000, 0x0000000081600000|  0%| F|  |TAMS 0x0000000081500000, 0x0000000081500000| Untracked 
|   6|0x0000000081600000, 0x0000000081600000, 0x0000000081700000|  0%| F|  |TAMS 0x0000000081600000, 0x0000000081600000| Untracked 
|   7|0x0000000081700000, 0x0000000081700000, 0x0000000081800000|  0%| F|  |TAMS 0x0000000081700000, 0x0000000081700000| Untracked 
|   8|0x0000000081800000, 0x0000000081800000, 0x0000000081900000|  0%| F|  |TAMS 0x0000000081800000, 0x0000000081800000| Untracked 
|   9|0x0000000081900000, 0x0000000081900000, 0x0000000081a00000|  0%| F|  |TAMS 0x0000000081900000, 0x0000000081900000| Untracked 
|  10|0x0000000081a00000, 0x0000000081a00000, 0x0000000081b00000|  0%| F|  |TAMS 0x0000000081a00000, 0x0000000081a00000| Untracked 
|  11|0x0000000081b00000, 0x0000000081b00000, 0x0000000081c00000|  0%| F|  |TAMS 0x0000000081b00000, 0x0000000081b00000| Untracked 
|  12|0x0000000081c00000, 0x0000000081c00000, 0x0000000081d00000|  0%| F|  |TAMS 0x0000000081c00000, 0x0000000081c00000| Untracked 
|  13|0x0000000081d00000, 0x0000000081d00000, 0x0000000081e00000|  0%| F|  |TAMS 0x0000000081d00000, 0x0000000081d00000| Untracked 
|  14|0x0000000081e00000, 0x0000000081e00000, 0x0000000081f00000|  0%| F|  |TAMS 0x0000000081e00000, 0x0000000081e00000| Untracked 
|  15|0x0000000081f00000, 0x0000000081f00000, 0x0000000082000000|  0%| F|  |TAMS 0x0000000081f00000, 0x0000000081f00000| Untracked 
|  16|0x0000000082000000, 0x0000000082000000, 0x0000000082100000|  0%| F|  |TAMS 0x0000000082000000, 0x0000000082000000| Untracked 
|  17|0x0000000082100000, 0x0000000082100000, 0x0000000082200000|  0%| F|  |TAMS 0x0000000082100000, 0x0000000082100000| Untracked 
|  18|0x0000000082200000, 0x0000000082200000, 0x0000000082300000|  0%| F|  |TAMS 0x0000000082200000, 0x0000000082200000| Untracked 
|  19|0x0000000082300000, 0x0000000082300000, 0x0000000082400000|  0%| F|  |TAMS 0x0000000082300000, 0x0000000082300000| Untracked 
|  20|0x0000000082400000, 0x0000000082400000, 0x0000000082500000|  0%| F|  |TAMS 0x0000000082400000, 0x0000000082400000| Untracked 
|  21|0x0000000082500000, 0x0000000082500000, 0x0000000082600000|  0%| F|  |TAMS 0x0000000082500000, 0x0000000082500000| Untracked 
|  22|0x0000000082600000, 0x0000000082600000, 0x0000000082700000|  0%| F|  |TAMS 0x0000000082600000, 0x0000000082600000| Untracked 
|  23|0x0000000082700000, 0x0000000082700000, 0x0000000082800000|  0%| F|  |TAMS 0x0000000082700000, 0x0000000082700000| Untracked 
|  24|0x0000000082800000, 0x0000000082800000, 0x0000000082900000|  0%| F|  |TAMS 0x0000000082800000, 0x0000000082800000| Untracked 
|  25|0x0000000082900000, 0x0000000082900000, 0x0000000082a00000|  0%| F|  |TAMS 0x0000000082900000, 0x0000000082900000| Untracked 
|  26|0x0000000082a00000, 0x0000000082a00000, 0x0000000082b00000|  0%| F|  |TAMS 0x0000000082a00000, 0x0000000082a00000| Untracked 
|  27|0x0000000082b00000, 0x0000000082b00000, 0x0000000082c00000|  0%| F|  |TAMS 0x0000000082b00000, 0x0000000082b00000| Untracked 
|  28|0x0000000082c00000, 0x0000000082c00000, 0x0000000082d00000|  0%| F|  |TAMS 0x0000000082c00000, 0x0000000082c00000| Untracked 
|  29|0x0000000082d00000, 0x0000000082d00000, 0x0000000082e00000|  0%| F|  |TAMS 0x0000000082d00000, 0x0000000082d00000| Untracked 
|  30|0x0000000082e00000, 0x0000000082e00000, 0x0000000082f00000|  0%| F|  |TAMS 0x0000000082e00000, 0x0000000082e00000| Untracked 
|  31|0x0000000082f00000, 0x0000000082f00000, 0x0000000083000000|  0%| F|  |TAMS 0x0000000082f00000, 0x0000000082f00000| Untracked 
|  32|0x0000000083000000, 0x0000000083000000, 0x0000000083100000|  0%| F|  |TAMS 0x0000000083000000, 0x0000000083000000| Untracked 
|  33|0x0000000083100000, 0x0000000083100000, 0x0000000083200000|  0%| F|  |TAMS 0x0000000083100000, 0x0000000083100000| Untracked 
|  34|0x0000000083200000, 0x0000000083200000, 0x0000000083300000|  0%| F|  |TAMS 0x0000000083200000, 0x0000000083200000| Untracked 
|  35|0x0000000083300000, 0x0000000083300000, 0x0000000083400000|  0%| F|  |TAMS 0x0000000083300000, 0x0000000083300000| Untracked 
|  36|0x0000000083400000, 0x0000000083400000, 0x0000000083500000|  0%| F|  |TAMS 0x0000000083400000, 0x0000000083400000| Untracked 
|  37|0x0000000083500000, 0x0000000083500000, 0x0000000083600000|  0%| F|  |TAMS 0x0000000083500000, 0x0000000083500000| Untracked 
|  38|0x0000000083600000, 0x0000000083600000, 0x0000000083700000|  0%| F|  |TAMS 0x0000000083600000, 0x0000000083600000| Untracked 
|  39|0x0000000083700000, 0x0000000083700000, 0x0000000083800000|  0%| F|  |TAMS 0x0000000083700000, 0x0000000083700000| Untracked 
|  40|0x0000000083800000, 0x0000000083800000, 0x0000000083900000|  0%| F|  |TAMS 0x0000000083800000, 0x0000000083800000| Untracked 
|  41|0x0000000083900000, 0x0000000083900000, 0x0000000083a00000|  0%| F|  |TAMS 0x0000000083900000, 0x0000000083900000| Untracked 
|  42|0x0000000083a00000, 0x0000000083a00000, 0x0000000083b00000|  0%| F|  |TAMS 0x0000000083a00000, 0x0000000083a00000| Untracked 
|  43|0x0000000083b00000, 0x0000000083b00000, 0x0000000083c00000|  0%| F|  |TAMS 0x0000000083b00000, 0x0000000083b00000| Untracked 
|  44|0x0000000083c00000, 0x0000000083c00000, 0x0000000083d00000|  0%| F|  |TAMS 0x0000000083c00000, 0x0000000083c00000| Untracked 
|  45|0x0000000083d00000, 0x0000000083d00000, 0x0000000083e00000|  0%| F|  |TAMS 0x0000000083d00000, 0x0000000083d00000| Untracked 
|  46|0x0000000083e00000, 0x0000000083e00000, 0x0000000083f00000|  0%| F|  |TAMS 0x0000000083e00000, 0x0000000083e00000| Untracked 
|  47|0x0000000083f00000, 0x0000000083f00000, 0x0000000084000000|  0%| F|  |TAMS 0x0000000083f00000, 0x0000000083f00000| Untracked 
|  48|0x0000000084000000, 0x0000000084000000, 0x0000000084100000|  0%| F|  |TAMS 0x0000000084000000, 0x0000000084000000| Untracked 
|  49|0x0000000084100000, 0x0000000084100000, 0x0000000084200000|  0%| F|  |TAMS 0x0000000084100000, 0x0000000084100000| Untracked 
|  50|0x0000000084200000, 0x0000000084200000, 0x0000000084300000|  0%| F|  |TAMS 0x0000000084200000, 0x0000000084200000| Untracked 
|  51|0x0000000084300000, 0x0000000084300000, 0x0000000084400000|  0%| F|  |TAMS 0x0000000084300000, 0x0000000084300000| Untracked 
|  52|0x0000000084400000, 0x0000000084400000, 0x0000000084500000|  0%| F|  |TAMS 0x0000000084400000, 0x0000000084400000| Untracked 
|  53|0x0000000084500000, 0x0000000084500000, 0x0000000084600000|  0%| F|  |TAMS 0x0000000084500000, 0x0000000084500000| Untracked 
|  54|0x0000000084600000, 0x0000000084600000, 0x0000000084700000|  0%| F|  |TAMS 0x0000000084600000, 0x0000000084600000| Untracked 
|  55|0x0000000084700000, 0x0000000084700000, 0x0000000084800000|  0%| F|  |TAMS 0x0000000084700000, 0x0000000084700000| Untracked 
|  56|0x0000000084800000, 0x0000000084800000, 0x0000000084900000|  0%| F|  |TAMS 0x0000000084800000, 0x0000000084800000| Untracked 
|  57|0x0000000084900000, 0x0000000084900000, 0x0000000084a00000|  0%| F|  |TAMS 0x0000000084900000, 0x0000000084900000| Untracked 
|  58|0x0000000084a00000, 0x0000000084a00000, 0x0000000084b00000|  0%| F|  |TAMS 0x0000000084a00000, 0x0000000084a00000| Untracked 
|  59|0x0000000084b00000, 0x0000000084b00000, 0x0000000084c00000|  0%| F|  |TAMS 0x0000000084b00000, 0x0000000084b00000| Untracked 
|  60|0x0000000084c00000, 0x0000000084c00000, 0x0000000084d00000|  0%| F|  |TAMS 0x0000000084c00000, 0x0000000084c00000| Untracked 
|  61|0x0000000084d00000, 0x0000000084d00000, 0x0000000084e00000|  0%| F|  |TAMS 0x0000000084d00000, 0x0000000084d00000| Untracked 
|  62|0x0000000084e00000, 0x0000000084e00000, 0x0000000084f00000|  0%| F|  |TAMS 0x0000000084e00000, 0x0000000084e00000| Untracked 
|  63|0x0000000084f00000, 0x0000000084f00000, 0x0000000085000000|  0%| F|  |TAMS 0x0000000084f00000, 0x0000000084f00000| Untracked 
|  64|0x0000000085000000, 0x0000000085000000, 0x0000000085100000|  0%| F|  |TAMS 0x0000000085000000, 0x0000000085000000| Untracked 
|  65|0x0000000085100000, 0x0000000085100000, 0x0000000085200000|  0%| F|  |TAMS 0x0000000085100000, 0x0000000085100000| Untracked 
|  66|0x0000000085200000, 0x0000000085200000, 0x0000000085300000|  0%| F|  |TAMS 0x0000000085200000, 0x0000000085200000| Untracked 
|  67|0x0000000085300000, 0x0000000085300000, 0x0000000085400000|  0%| F|  |TAMS 0x0000000085300000, 0x0000000085300000| Untracked 
|  68|0x0000000085400000, 0x0000000085400000, 0x0000000085500000|  0%| F|  |TAMS 0x0000000085400000, 0x0000000085400000| Untracked 
|  69|0x0000000085500000, 0x0000000085500000, 0x0000000085600000|  0%| F|  |TAMS 0x0000000085500000, 0x0000000085500000| Untracked 
|  70|0x0000000085600000, 0x0000000085600000, 0x0000000085700000|  0%| F|  |TAMS 0x0000000085600000, 0x0000000085600000| Untracked 
|  71|0x0000000085700000, 0x0000000085700000, 0x0000000085800000|  0%| F|  |TAMS 0x0000000085700000, 0x0000000085700000| Untracked 
|  72|0x0000000085800000, 0x0000000085800000, 0x0000000085900000|  0%| F|  |TAMS 0x0000000085800000, 0x0000000085800000| Untracked 
|  73|0x0000000085900000, 0x0000000085900000, 0x0000000085a00000|  0%| F|  |TAMS 0x0000000085900000, 0x0000000085900000| Untracked 
|  74|0x0000000085a00000, 0x0000000085a00000, 0x0000000085b00000|  0%| F|  |TAMS 0x0000000085a00000, 0x0000000085a00000| Untracked 
|  75|0x0000000085b00000, 0x0000000085b00000, 0x0000000085c00000|  0%| F|  |TAMS 0x0000000085b00000, 0x0000000085b00000| Untracked 
|  76|0x0000000085c00000, 0x0000000085c00000, 0x0000000085d00000|  0%| F|  |TAMS 0x0000000085c00000, 0x0000000085c00000| Untracked 
|  77|0x0000000085d00000, 0x0000000085d00000, 0x0000000085e00000|  0%| F|  |TAMS 0x0000000085d00000, 0x0000000085d00000| Untracked 
|  78|0x0000000085e00000, 0x0000000085e00000, 0x0000000085f00000|  0%| F|  |TAMS 0x0000000085e00000, 0x0000000085e00000| Untracked 
|  79|0x0000000085f00000, 0x0000000085f00000, 0x0000000086000000|  0%| F|  |TAMS 0x0000000085f00000, 0x0000000085f00000| Untracked 
|  80|0x0000000086000000, 0x0000000086000000, 0x0000000086100000|  0%| F|  |TAMS 0x0000000086000000, 0x0000000086000000| Untracked 
|  81|0x0000000086100000, 0x0000000086100000, 0x0000000086200000|  0%| F|  |TAMS 0x0000000086100000, 0x0000000086100000| Untracked 
|  82|0x0000000086200000, 0x0000000086200000, 0x0000000086300000|  0%| F|  |TAMS 0x0000000086200000, 0x0000000086200000| Untracked 
|  83|0x0000000086300000, 0x0000000086300000, 0x0000000086400000|  0%| F|  |TAMS 0x0000000086300000, 0x0000000086300000| Untracked 
|  84|0x0000000086400000, 0x0000000086400000, 0x0000000086500000|  0%| F|  |TAMS 0x0000000086400000, 0x0000000086400000| Untracked 
|  85|0x0000000086500000, 0x0000000086500000, 0x0000000086600000|  0%| F|  |TAMS 0x0000000086500000, 0x0000000086500000| Untracked 
|  86|0x0000000086600000, 0x0000000086600000, 0x0000000086700000|  0%| F|  |TAMS 0x0000000086600000, 0x0000000086600000| Untracked 
|  87|0x0000000086700000, 0x0000000086700000, 0x0000000086800000|  0%| F|  |TAMS 0x0000000086700000, 0x0000000086700000| Untracked 
|  88|0x0000000086800000, 0x0000000086800000, 0x0000000086900000|  0%| F|  |TAMS 0x0000000086800000, 0x0000000086800000| Untracked 
|  89|0x0000000086900000, 0x0000000086900000, 0x0000000086a00000|  0%| F|  |TAMS 0x0000000086900000, 0x0000000086900000| Untracked 
|  90|0x0000000086a00000, 0x0000000086a00000, 0x0000000086b00000|  0%| F|  |TAMS 0x0000000086a00000, 0x0000000086a00000| Untracked 
|  91|0x0000000086b00000, 0x0000000086b00000, 0x0000000086c00000|  0%| F|  |TAMS 0x0000000086b00000, 0x0000000086b00000| Untracked 
|  92|0x0000000086c00000, 0x0000000086c00000, 0x0000000086d00000|  0%| F|  |TAMS 0x0000000086c00000, 0x0000000086c00000| Untracked 
|  93|0x0000000086d00000, 0x0000000086d00000, 0x0000000086e00000|  0%| F|  |TAMS 0x0000000086d00000, 0x0000000086d00000| Untracked 
|  94|0x0000000086e00000, 0x0000000086e00000, 0x0000000086f00000|  0%| F|  |TAMS 0x0000000086e00000, 0x0000000086e00000| Untracked 
|  95|0x0000000086f00000, 0x0000000086f00000, 0x0000000087000000|  0%| F|  |TAMS 0x0000000086f00000, 0x0000000086f00000| Untracked 
|  96|0x0000000087000000, 0x0000000087000000, 0x0000000087100000|  0%| F|  |TAMS 0x0000000087000000, 0x0000000087000000| Untracked 
|  97|0x0000000087100000, 0x0000000087100000, 0x0000000087200000|  0%| F|  |TAMS 0x0000000087100000, 0x0000000087100000| Untracked 
|  98|0x0000000087200000, 0x0000000087200000, 0x0000000087300000|  0%| F|  |TAMS 0x0000000087200000, 0x0000000087200000| Untracked 
|  99|0x0000000087300000, 0x0000000087300000, 0x0000000087400000|  0%| F|  |TAMS 0x0000000087300000, 0x0000000087300000| Untracked 
| 100|0x0000000087400000, 0x0000000087400000, 0x0000000087500000|  0%| F|  |TAMS 0x0000000087400000, 0x0000000087400000| Untracked 
| 101|0x0000000087500000, 0x0000000087500000, 0x0000000087600000|  0%| F|  |TAMS 0x0000000087500000, 0x0000000087500000| Untracked 
| 102|0x0000000087600000, 0x0000000087600000, 0x0000000087700000|  0%| F|  |TAMS 0x0000000087600000, 0x0000000087600000| Untracked 
| 103|0x0000000087700000, 0x0000000087700000, 0x0000000087800000|  0%| F|  |TAMS 0x0000000087700000, 0x0000000087700000| Untracked 
| 104|0x0000000087800000, 0x0000000087800000, 0x0000000087900000|  0%| F|  |TAMS 0x0000000087800000, 0x0000000087800000| Untracked 
| 105|0x0000000087900000, 0x0000000087900000, 0x0000000087a00000|  0%| F|  |TAMS 0x0000000087900000, 0x0000000087900000| Untracked 
| 106|0x0000000087a00000, 0x0000000087a00000, 0x0000000087b00000|  0%| F|  |TAMS 0x0000000087a00000, 0x0000000087a00000| Untracked 
| 107|0x0000000087b00000, 0x0000000087b00000, 0x0000000087c00000|  0%| F|  |TAMS 0x0000000087b00000, 0x0000000087b00000| Untracked 
| 108|0x0000000087c00000, 0x0000000087c00000, 0x0000000087d00000|  0%| F|  |TAMS 0x0000000087c00000, 0x0000000087c00000| Untracked 
| 109|0x0000000087d00000, 0x0000000087d00000, 0x0000000087e00000|  0%| F|  |TAMS 0x0000000087d00000, 0x0000000087d00000| Untracked 
| 110|0x0000000087e00000, 0x0000000087e00000, 0x0000000087f00000|  0%| F|  |TAMS 0x0000000087e00000, 0x0000000087e00000| Untracked 
| 111|0x0000000087f00000, 0x0000000087f00000, 0x0000000088000000|  0%| F|  |TAMS 0x0000000087f00000, 0x0000000087f00000| Untracked 
| 112|0x0000000088000000, 0x0000000088000000, 0x0000000088100000|  0%| F|  |TAMS 0x0000000088000000, 0x0000000088000000| Untracked 
| 113|0x0000000088100000, 0x0000000088100000, 0x0000000088200000|  0%| F|  |TAMS 0x0000000088100000, 0x0000000088100000| Untracked 
| 114|0x0000000088200000, 0x0000000088200000, 0x0000000088300000|  0%| F|  |TAMS 0x0000000088200000, 0x0000000088200000| Untracked 
| 115|0x0000000088300000, 0x0000000088300000, 0x0000000088400000|  0%| F|  |TAMS 0x0000000088300000, 0x0000000088300000| Untracked 
| 116|0x0000000088400000, 0x0000000088400000, 0x0000000088500000|  0%| F|  |TAMS 0x0000000088400000, 0x0000000088400000| Untracked 
| 117|0x0000000088500000, 0x0000000088500000, 0x0000000088600000|  0%| F|  |TAMS 0x0000000088500000, 0x0000000088500000| Untracked 
| 118|0x0000000088600000, 0x0000000088600000, 0x0000000088700000|  0%| F|  |TAMS 0x0000000088600000, 0x0000000088600000| Untracked 
| 119|0x0000000088700000, 0x0000000088700000, 0x0000000088800000|  0%| F|  |TAMS 0x0000000088700000, 0x0000000088700000| Untracked 
| 120|0x0000000088800000, 0x0000000088800000, 0x0000000088900000|  0%| F|  |TAMS 0x0000000088800000, 0x0000000088800000| Untracked 
| 121|0x0000000088900000, 0x000000008898cd10, 0x0000000088a00000| 55%| E|  |TAMS 0x0000000088900000, 0x0000000088900000| Complete 
| 122|0x0000000088a00000, 0x0000000088b00000, 0x0000000088b00000|100%| E|CS|TAMS 0x0000000088a00000, 0x0000000088a00000| Complete 
| 123|0x0000000088b00000, 0x0000000088c00000, 0x0000000088c00000|100%| E|CS|TAMS 0x0000000088b00000, 0x0000000088b00000| Complete 
| 124|0x0000000088c00000, 0x0000000088d00000, 0x0000000088d00000|100%| E|CS|TAMS 0x0000000088c00000, 0x0000000088c00000| Complete 
| 125|0x0000000088d00000, 0x0000000088e00000, 0x0000000088e00000|100%| E|  |TAMS 0x0000000088d00000, 0x0000000088d00000| Complete 
| 126|0x0000000088e00000, 0x0000000088f00000, 0x0000000088f00000|100%| E|CS|TAMS 0x0000000088e00000, 0x0000000088e00000| Complete 
| 127|0x0000000088f00000, 0x0000000089000000, 0x0000000089000000|100%| E|CS|TAMS 0x0000000088f00000, 0x0000000088f00000| Complete 

Card table byte_map: [0x000001696eaa0000,0x000001696eea0000] _byte_map_base: 0x000001696e698000

Marking Bits (Prev, Next): (CMBitMap*) 0x0000016957a9f160, (CMBitMap*) 0x0000016957a9f1a0
 Prev Bits: [0x000001696f2a0000, 0x0000016971260000)
 Next Bits: [0x0000016971260000, 0x0000016973220000)

Polling page: 0x0000016955a30000

Metaspace:

Usage:
  Non-class:    372.93 KB used.
      Class:     13.41 KB used.
       Both:    386.34 KB used.

Virtual space:
  Non-class space:       64.00 MB reserved,     448.00 KB ( <1%) committed,  1 nodes.
      Class space:        1.00 GB reserved,     128.00 KB ( <1%) committed,  1 nodes.
             Both:        1.06 GB reserved,     576.00 KB ( <1%) committed. 

Chunk freelists:
   Non-Class:  4.00 MB
       Class:  3.75 MB
        Both:  7.74 MB

MaxMetaspaceSize: unlimited
CompressedClassSpaceSize: 1.00 GB
Initial GC threshold: 21.00 MB
Current GC threshold: 21.00 MB
CDS: on
MetaspaceReclaimPolicy: balanced
 - commit_granule_bytes: 65536.
 - commit_granule_words: 8192.
 - virtual_space_node_default_size: 8388608.
 - enlarge_chunks_in_place: 1.
 - new_chunks_are_fully_committed: 0.
 - uncommit_free_chunks: 1.
 - use_allocation_guard: 0.


Internal statistics:

num_allocs_failed_limit: 0.
num_arena_births: 6.
num_arena_deaths: 0.
num_vsnodes_births: 2.
num_vsnodes_deaths: 0.
num_space_committed: 9.
num_space_uncommitted: 0.
num_chunks_returned_to_freelist: 0.
num_chunks_taken_from_freelist: 7.
num_chunk_merges: 0.
num_chunk_splits: 4.
num_chunks_enlarged: 2.
num_inconsistent_stats: 0.

CodeHeap 'non-profiled nmethods': size=120000Kb used=105Kb max_used=105Kb free=119894Kb
 bounds [0x0000016966e40000, 0x00000169670b0000, 0x000001696e370000]
CodeHeap 'profiled nmethods': size=120000Kb used=382Kb max_used=382Kb free=119617Kb
 bounds [0x000001695f910000, 0x000001695fb80000, 0x0000016966e40000]
CodeHeap 'non-nmethods': size=5760Kb used=1106Kb max_used=1122Kb free=4653Kb
 bounds [0x000001695f370000, 0x000001695f5e0000, 0x000001695f910000]
 total_blobs=680 nmethods=311 adapters=282
 compilation: enabled
              stopped_count=0, restarted_count=0
 full_count=0

Compilation events (20 events):
Event: 0.292 Thread 0x0000016975c1e3c0 nmethod 279 0x0000016966e58810 code [0x0000016966e589a0, 0x0000016966e58a78]
Event: 0.295 Thread 0x0000016975c1e3c0  281       3       java.util.zip.ZipFile$Source::isManifestName (165 bytes)
Event: 0.296 Thread 0x0000016975c1e3c0 nmethod 281 0x000001695f961990 code [0x000001695f961b60, 0x000001695f9620f8]
Event: 0.296 Thread 0x0000016975c1e3c0  282       3       java.util.jar.JarFile::match (132 bytes)
Event: 0.296 Thread 0x0000016975c1e3c0 nmethod 282 0x000001695f962290 code [0x000001695f962480, 0x000001695f9629f8]
Event: 0.296 Thread 0x0000016975c1e3c0  283       3       java.lang.String::toLowerCase (29 bytes)
Event: 0.297 Thread 0x0000016975c1e3c0 nmethod 283 0x000001695f962d10 code [0x000001695f962ee0, 0x000001695f963198]
Event: 0.297 Thread 0x0000016975c1e3c0  286   !   3       java.util.zip.ZipFile$Source::readFullyAt (74 bytes)
Event: 0.297 Thread 0x0000016975c1e3c0 nmethod 286 0x000001695f963290 code [0x000001695f963480, 0x000001695f963a08]
Event: 0.300 Thread 0x0000016975c1e3c0  287       3       java.util.ArrayDeque::inc (12 bytes)
Event: 0.301 Thread 0x0000016975c1e3c0 nmethod 287 0x000001695f963e10 code [0x000001695f963fa0, 0x000001695f9640d8]
Event: 0.301 Thread 0x0000016975c1e3c0  288       3       java.lang.StringLatin1::replace (198 bytes)
Event: 0.301 Thread 0x0000016975c1e3c0 nmethod 288 0x000001695f964190 code [0x000001695f964420, 0x000001695f9651a8]
Event: 0.301 Thread 0x0000016975c1e3c0  289       3       java.io.WinNTFileSystem::normalize (224 bytes)
Event: 0.302 Thread 0x0000016975c1e3c0 nmethod 289 0x000001695f965690 code [0x000001695f965a60, 0x000001695f9675d8]
Event: 0.305 Thread 0x0000016975c1e3c0  290       3       java.util.zip.ZipFile$Source::getEntryHash (7 bytes)
Event: 0.305 Thread 0x0000016975c1e3c0 nmethod 290 0x000001695f968010 code [0x000001695f9681a0, 0x000001695f9682d8]
Event: 0.308 Thread 0x0000016975c1e3c0  291       3       java.lang.String::startsWith (7 bytes)
Event: 0.308 Thread 0x0000016975c1e3c0 nmethod 291 0x000001695f968390 code [0x000001695f968520, 0x000001695f968668]
Event: 0.310 Thread 0x0000016975c15890  292       4       java.lang.AbstractStringBuilder::append (77 bytes)

GC Heap History (0 events):
No events

Deoptimization events (20 events):
Event: 0.196 Thread 0x0000016957a40f30 Uncommon trap: trap_request=0xffffffde fr.pc=0x0000016966e4e8f4 relative=0x00000000000008f4
Event: 0.196 Thread 0x0000016957a40f30 Uncommon trap: reason=class_check action=maybe_recompile pc=0x0000016966e4e8f4 method=java.util.HashMap.putVal(ILjava/lang/Object;Ljava/lang/Object;ZZ)Ljava/lang/Object; @ 152 c2
Event: 0.196 Thread 0x0000016957a40f30 DEOPT PACKING pc=0x0000016966e4e8f4 sp=0x0000004982bfe3f0
Event: 0.196 Thread 0x0000016957a40f30 DEOPT UNPACKING pc=0x000001695f3c23a3 sp=0x0000004982bfe380 mode 2
Event: 0.196 Thread 0x0000016957a40f30 Uncommon trap: trap_request=0xffffffde fr.pc=0x0000016966e4e8f4 relative=0x00000000000008f4
Event: 0.196 Thread 0x0000016957a40f30 Uncommon trap: reason=class_check action=maybe_recompile pc=0x0000016966e4e8f4 method=java.util.HashMap.putVal(ILjava/lang/Object;Ljava/lang/Object;ZZ)Ljava/lang/Object; @ 152 c2
Event: 0.196 Thread 0x0000016957a40f30 DEOPT PACKING pc=0x0000016966e4e8f4 sp=0x0000004982bfe3f0
Event: 0.196 Thread 0x0000016957a40f30 DEOPT UNPACKING pc=0x000001695f3c23a3 sp=0x0000004982bfe380 mode 2
Event: 0.196 Thread 0x0000016957a40f30 Uncommon trap: trap_request=0xffffffde fr.pc=0x0000016966e4e8f4 relative=0x00000000000008f4
Event: 0.196 Thread 0x0000016957a40f30 Uncommon trap: reason=class_check action=maybe_recompile pc=0x0000016966e4e8f4 method=java.util.HashMap.putVal(ILjava/lang/Object;Ljava/lang/Object;ZZ)Ljava/lang/Object; @ 152 c2
Event: 0.196 Thread 0x0000016957a40f30 DEOPT PACKING pc=0x0000016966e4e8f4 sp=0x0000004982bfe3f0
Event: 0.196 Thread 0x0000016957a40f30 DEOPT UNPACKING pc=0x000001695f3c23a3 sp=0x0000004982bfe380 mode 2
Event: 0.196 Thread 0x0000016957a40f30 Uncommon trap: trap_request=0xffffffde fr.pc=0x0000016966e4e8f4 relative=0x00000000000008f4
Event: 0.196 Thread 0x0000016957a40f30 Uncommon trap: reason=class_check action=maybe_recompile pc=0x0000016966e4e8f4 method=java.util.HashMap.putVal(ILjava/lang/Object;Ljava/lang/Object;ZZ)Ljava/lang/Object; @ 152 c2
Event: 0.196 Thread 0x0000016957a40f30 DEOPT PACKING pc=0x0000016966e4e8f4 sp=0x0000004982bfe3f0
Event: 0.196 Thread 0x0000016957a40f30 DEOPT UNPACKING pc=0x000001695f3c23a3 sp=0x0000004982bfe380 mode 2
Event: 0.226 Thread 0x0000016957a40f30 DEOPT PACKING pc=0x000001695f91a067 sp=0x0000004982bfdd30
Event: 0.226 Thread 0x0000016957a40f30 DEOPT UNPACKING pc=0x000001695f3c2b43 sp=0x0000004982bfd150 mode 0
Event: 0.246 Thread 0x0000016957a40f30 DEOPT PACKING pc=0x000001695f918151 sp=0x0000004982bfdcf0
Event: 0.246 Thread 0x0000016957a40f30 DEOPT UNPACKING pc=0x000001695f3c2b43 sp=0x0000004982bfd168 mode 0

Classes loaded (14 events):
Event: 0.035 Loading class sun/nio/cs/MS1254
Event: 0.035 Loading class sun/nio/cs/MS1254 done
Event: 0.036 Loading class sun/nio/cs/MS1254$Holder
Event: 0.036 Loading class sun/nio/cs/MS1254$Holder done
Event: 0.142 Loading class sun/instrument/InstrumentationImpl
Event: 0.142 Loading class java/lang/instrument/Instrumentation
Event: 0.142 Loading class java/lang/instrument/Instrumentation done
Event: 0.142 Loading class sun/instrument/InstrumentationImpl done
Event: 0.144 Loading class sun/instrument/TransformerManager
Event: 0.144 Loading class sun/instrument/TransformerManager done
Event: 0.144 Loading class sun/instrument/TransformerManager$TransformerInfo
Event: 0.144 Loading class sun/instrument/TransformerManager$TransformerInfo done
Event: 0.145 Loading class jdk/internal/loader/URLClassPath$FileLoader
Event: 0.146 Loading class jdk/internal/loader/URLClassPath$FileLoader done

Classes unloaded (0 events):
No events

Classes redefined (0 events):
No events

Internal exceptions (0 events):
No events

VM Operations (2 events):
Event: 0.128 Executing VM operation: HandshakeAllThreads
Event: 0.128 Executing VM operation: HandshakeAllThreads done

Events (18 events):
Event: 0.014 Loaded shared library C:\Program Files\Java\jdk-18.0.2\bin\java.dll
Event: 0.025 Loaded shared library C:\Program Files\Java\jdk-18.0.2\bin\jsvml.dll
Event: 0.025 Thread 0x0000016957a40f30 Thread added: 0x0000016957a40f30
Event: 0.027 Thread 0x0000016975bf1e30 Thread added: 0x0000016975bf1e30
Event: 0.028 Thread 0x0000016975bf3aa0 Thread added: 0x0000016975bf3aa0
Event: 0.040 Thread 0x0000016975c0d200 Thread added: 0x0000016975c0d200
Event: 0.040 Thread 0x0000016975c0dba0 Thread added: 0x0000016975c0dba0
Event: 0.040 Thread 0x0000016975c0e540 Thread added: 0x0000016975c0e540
Event: 0.040 Thread 0x0000016975c0f430 Thread added: 0x0000016975c0f430
Event: 0.040 Thread 0x0000016975c15890 Thread added: 0x0000016975c15890
Event: 0.041 Thread 0x0000016975c1e3c0 Thread added: 0x0000016975c1e3c0
Event: 0.041 Thread 0x0000016975c33dd0 Thread added: 0x0000016975c33dd0
Event: 0.118 Thread 0x000001697a09de20 Thread added: 0x000001697a09de20
Event: 0.140 Loaded shared library C:\Program Files\Java\jdk-18.0.2\bin\zip.dll
Event: 0.143 Loaded shared library C:\Program Files\Java\jdk-18.0.2\bin\instrument.dll
Event: 0.152 Loaded shared library C:\Program Files\Java\jdk-18.0.2\bin\net.dll
Event: 0.154 Loaded shared library C:\Program Files\Java\jdk-18.0.2\bin\nio.dll
Event: 0.159 Loaded shared library C:\Program Files\Java\jdk-18.0.2\bin\zip.dll


Dynamic libraries:
0x00007ff6f8230000 - 0x00007ff6f8240000 	C:\Program Files\Java\jdk-18.0.2\bin\java.exe
0x00007ffa4b9d0000 - 0x00007ffa4bbc8000 	C:\WINDOWS\SYSTEM32\ntdll.dll
0x00007ffa4ada0000 - 0x00007ffa4ae5d000 	C:\WINDOWS\System32\KERNEL32.DLL
0x00007ffa493a0000 - 0x00007ffa4966e000 	C:\WINDOWS\System32\KERNELBASE.dll
0x00007ffa49200000 - 0x00007ffa49300000 	C:\WINDOWS\System32\ucrtbase.dll
0x00007ffa3c3b0000 - 0x00007ffa3c3ca000 	C:\Program Files\Java\jdk-18.0.2\bin\VCRUNTIME140.dll
0x00007ffa3c390000 - 0x00007ffa3c3a8000 	C:\Program Files\Java\jdk-18.0.2\bin\jli.dll
0x00007ffa49f00000 - 0x00007ffa49fae000 	C:\WINDOWS\System32\ADVAPI32.dll
0x00007ffa4b3c0000 - 0x00007ffa4b45e000 	C:\WINDOWS\System32\msvcrt.dll
0x00007ffa4a0a0000 - 0x00007ffa4a13c000 	C:\WINDOWS\System32\sechost.dll
0x00007ffa4b290000 - 0x00007ffa4b3b5000 	C:\WINDOWS\System32\RPCRT4.dll
0x00007ffa49ac0000 - 0x00007ffa49c60000 	C:\WINDOWS\System32\USER32.dll
0x00007ffa365f0000 - 0x00007ffa3688a000 	C:\WINDOWS\WinSxS\amd64_microsoft.windows.common-controls_6595b64144ccf1df_6.0.19041.1110_none_60b5254171f9507e\COMCTL32.dll
0x00007ffa49950000 - 0x00007ffa49972000 	C:\WINDOWS\System32\win32u.dll
0x00007ffa4aba0000 - 0x00007ffa4abca000 	C:\WINDOWS\System32\GDI32.dll
0x00007ffa490f0000 - 0x00007ffa491fb000 	C:\WINDOWS\System32\gdi32full.dll
0x00007ffa49300000 - 0x00007ffa4939d000 	C:\WINDOWS\System32\msvcp_win.dll
0x00007ffa42b70000 - 0x00007ffa42b7a000 	C:\WINDOWS\SYSTEM32\VERSION.dll
0x00007ffa4a340000 - 0x00007ffa4a370000 	C:\WINDOWS\System32\IMM32.DLL
0x00007ffa3d740000 - 0x00007ffa3d74c000 	C:\Program Files\Java\jdk-18.0.2\bin\vcruntime140_1.dll
0x00007ffa229a0000 - 0x00007ffa22a2d000 	C:\Program Files\Java\jdk-18.0.2\bin\msvcp140.dll
0x00007ff9e9430000 - 0x00007ff9ea041000 	C:\Program Files\Java\jdk-18.0.2\bin\server\jvm.dll
0x00007ffa4a090000 - 0x00007ffa4a098000 	C:\WINDOWS\System32\PSAPI.DLL
0x00007ffa405f0000 - 0x00007ffa40617000 	C:\WINDOWS\SYSTEM32\WINMM.dll
0x00007ffa35650000 - 0x00007ffa35659000 	C:\WINDOWS\SYSTEM32\WSOCK32.dll
0x00007ffa4b220000 - 0x00007ffa4b28b000 	C:\WINDOWS\System32\WS2_32.dll
0x00007ffa47010000 - 0x00007ffa47022000 	C:\WINDOWS\SYSTEM32\kernel.appcore.dll
0x00007ffa3ce80000 - 0x00007ffa3ce8a000 	C:\Program Files\Java\jdk-18.0.2\bin\jimage.dll
0x00007ffa42d30000 - 0x00007ffa42f14000 	C:\WINDOWS\SYSTEM32\DBGHELP.DLL
0x00007ffa42640000 - 0x00007ffa4266c000 	C:\WINDOWS\SYSTEM32\dbgcore.DLL
0x00007ffa49670000 - 0x00007ffa496f2000 	C:\WINDOWS\System32\bcryptPrimitives.dll
0x00007ffa3c800000 - 0x00007ffa3c80e000 	C:\Program Files\Java\jdk-18.0.2\bin\instrument.dll
0x00007ffa3c360000 - 0x00007ffa3c385000 	C:\Program Files\Java\jdk-18.0.2\bin\java.dll
0x00007ffa228c0000 - 0x00007ffa22996000 	C:\Program Files\Java\jdk-18.0.2\bin\jsvml.dll
0x00007ffa4a370000 - 0x00007ffa4aab4000 	C:\WINDOWS\System32\SHELL32.dll
0x00007ffa47210000 - 0x00007ffa479a4000 	C:\WINDOWS\SYSTEM32\windows.storage.dll
0x00007ffa4ae60000 - 0x00007ffa4b1b4000 	C:\WINDOWS\System32\combase.dll
0x00007ffa48b50000 - 0x00007ffa48b80000 	C:\WINDOWS\SYSTEM32\Wldp.dll
0x00007ffa4a290000 - 0x00007ffa4a33d000 	C:\WINDOWS\System32\SHCORE.dll
0x00007ffa4b460000 - 0x00007ffa4b4b5000 	C:\WINDOWS\System32\shlwapi.dll
0x00007ffa49030000 - 0x00007ffa4904f000 	C:\WINDOWS\SYSTEM32\profapi.dll
0x00007ffa3bf40000 - 0x00007ffa3bf58000 	C:\Program Files\Java\jdk-18.0.2\bin\zip.dll
0x00007ffa3c2f0000 - 0x00007ffa3c303000 	C:\Program Files\Java\jdk-18.0.2\bin\net.dll
0x00007ffa3d8d0000 - 0x00007ffa3d9da000 	C:\WINDOWS\SYSTEM32\WINHTTP.dll
0x00007ffa488b0000 - 0x00007ffa4891a000 	C:\WINDOWS\system32\mswsock.dll
0x00007ffa3c200000 - 0x00007ffa3c216000 	C:\Program Files\Java\jdk-18.0.2\bin\nio.dll

dbghelp: loaded successfully - version: 4.0.5 - missing functions: none
symbol engine: initialized successfully - sym options: 0x614 - pdb path: .;C:\Program Files\Java\jdk-18.0.2\bin;C:\WINDOWS\SYSTEM32;C:\WINDOWS\WinSxS\amd64_microsoft.windows.common-controls_6595b64144ccf1df_6.0.19041.1110_none_60b5254171f9507e;C:\Program Files\Java\jdk-18.0.2\bin\server

VM Arguments:
jvm_args: -javaagent:C:\Program Files\JetBrains\IntelliJ IDEA Community Edition 2022.2\lib\idea_rt.jar=64978:C:\Program Files\JetBrains\IntelliJ IDEA Community Edition 2022.2\bin -Dfile.encoding=UTF-8 
java_command: com.example.library.LibraryApplication
java_class_path (initial): C:\Users\Bayram\Desktop\lib\target\classes;C:\Users\Bayram\.m2\repository\org\springframework\boot\spring-boot-starter-data-jpa\2.7.1\spring-boot-starter-data-jpa-2.7.1.jar;C:\Users\Bayram\.m2\repository\org\springframework\boot\spring-boot-starter-aop\2.7.1\spring-boot-starter-aop-2.7.1.jar;C:\Users\Bayram\.m2\repository\org\aspectj\aspectjweaver\1.9.7\aspectjweaver-1.9.7.jar;C:\Users\Bayram\.m2\repository\jakarta\transaction\jakarta.transaction-api\1.3.3\jakarta.transaction-api-1.3.3.jar;C:\Users\Bayram\.m2\repository\jakarta\persistence\jakarta.persistence-api\2.2.3\jakarta.persistence-api-2.2.3.jar;C:\Users\Bayram\.m2\repository\org\hibernate\hibernate-core\5.6.9.Final\hibernate-core-5.6.9.Final.jar;C:\Users\Bayram\.m2\repository\org\jboss\logging\jboss-logging\3.4.3.Final\jboss-logging-3.4.3.Final.jar;C:\Users\Bayram\.m2\repository\net\bytebuddy\byte-buddy\1.12.11\byte-buddy-1.12.11.jar;C:\Users\Bayram\.m2\repository\antlr\antlr\2.7.7\antlr-2.7.7.jar;C:\Users\Bayram\.m2\repository\org\jboss\jandex\2.4.2.Final\jandex-2.4.2.Final.jar;C:\Users\Bayram\.m2\repository\com\fasterxml\classmate\1.5.1\classmate-1.5.1.jar;C:\Users\Bayram\.m2\repository\org\hibernate\common\hibernate-commons-annotations\5.1.2.Final\hibernate-commons-annotations-5.1.2.Final.jar;C:\Users\Bayram\.m2\repository\org\glassfish\jaxb\jaxb-runtime\2.3.6\jaxb-runtime-2.3.6.jar;C:\Users\Bayram\.m2\repository\org\glassfish\jaxb\txw2\2.3.6\txw2-2.3.6.jar;C:\Users\Bayram\.m2\repository\com\sun\istack\istack-commons-runtime\3.0.12\istack-commons-runtime-3.0.12.jar;C:\Users\Bayram\.m2\repository\com\sun\activation\jakarta.activation\1.2.2\jakarta.activation-1.2.2.jar;C:\Users\Bayram\.m2\repository\org\springframework\data\spring-data-jpa\2.7.1\spring-data-jpa-2.7.1.jar;C:\Users\Bayram\.m2\repository\org\springframework\data\spring-data-commons\2.7.1\spring-data-commons-2.7.1.jar;C:\Users\Bayram\.m2\repository\org\springframework\spring-orm\5.3.21\spring-orm-5.3.21.jar;C:\Users\Bayram\.m2\repository\org\springframework\spring-context\5.3.21\spring-context-5.3.21.jar;C:\Users\Bayram\.m2\repository\org\springframework\spring-tx\5.3.21\spring-tx-5.3.21.jar;C:\Users\Bayram\.m2\repository\org\springframework\spring-beans\5.3.21\spring-beans-5.3.21.jar;C:\Users\Bayram\.m2\repository\org\slf4j\slf4j-api\1.7.36\slf4j-api-1.7.36.jar;C:\Users\Bayram\.m2\repository\org\springframework\spring-aspects\5.3.21\spring-aspects-5.3.21.jar;C:\Users\Bayram\.m2\repository\org\springframework\boot\spring-boot-starter-web\2.7.1\spring-boot-starter-web-2.7.1.jar;C:\Users\Bayram\.m2\repository\org\springframework\boot\spring-boot-starter\2.7.1\spring-boot-starter-2.7.1.jar;C:\Users\Bayram\.m2\repository\org\springframework\boot\spring-boot\2.7.1\spring-boot-2.7.1.jar;C:\Users\Bayram\.m2\repository\org\springframework\boot\spring-boot-autoconfigure\2.7.1\spring-boot-autoconfigure-2.7.1.jar;C:\Users\Bayram\.m2\repository\org\springframework\boot\spring-boot-starter-logging\2.7.1\spring-boot-starter-logging-2.7.1.jar;C:\Users\Bayram\.m2\repository\ch\qos\logback\logback-classic\1.2.11\logback-classic-1.2.11.jar;C:\Users\Bayram\.m2\repository\ch\qos\logback\logback-core\1.2.11\logback-core-1.2.11.jar;C:\Users\Bayram\.m2\repository\org\apache\logging\log4j\log4j-to-slf4j\2.17.2\log4j-to-slf4j-2.17.2.jar;C:\Users\Bayram\.m2\repository\org\apache\logging\log4j\log4j-api\2.17.2\log4j-api-2.17.2.jar;C:\Users\Bayram\.m2\repository\org\slf4j\jul-to-slf4j\1.7.36\jul-to-slf4j-1.7.36.jar;C:\Users\Bayram\.m2\repository\jakarta\annotation\jakarta.annotation-api\1.3.5\jakarta.annotation-api-1.3.5.jar;C:\Users\Bayram\.m2\repository\org\yaml\snakeyaml\1.30\snakeyaml-1.30.jar;C:\Users\Bayram\.m2\repository\org\springframework\boot\spring-boot-starter-json\2.7.1\spring-boot-starter-json-2.7.1.jar;C:\Users\Bayram\.m2\repository\com\fasterxml\jackson\datatype\jackson-datatype-jdk8\2.13.3\jackson-datatype-jdk8-2.13.3.jar;C:\Users\Bayram\.m2\repository\com\fasterxml\jackson\datatype\jackson-datatype-jsr310\2.13.3\jackson-datatype-jsr310-2.13.3.jar;C:\Users\Bayram\.m2\repository\com\fasterxml\jackson\module\jackson-module-parameter-names\2.13.3\jackson-module-parameter-names-2.13.3.jar;C:\Users\Bayram\.m2\repository\org\springframework\boot\spring-boot-starter-tomcat\2.7.1\spring-boot-starter-tomcat-2.7.1.jar;C:\Users\Bayram\.m2\repository\org\apache\tomcat\embed\tomcat-embed-core\9.0.64\tomcat-embed-core-9.0.64.jar;C:\Users\Bayram\.m2\repository\org\apache\tomcat\embed\tomcat-embed-el\9.0.64\tomcat-embed-el-9.0.64.jar;C:\Users\Bayram\.m2\repository\org\apache\tomcat\embed\tomcat-embed-websocket\9.0.64\tomcat-embed-websocket-9.0.64.jar;C:\Users\Bayram\.m2\repository\org\springframework\spring-web\5.3.21\spring-web-5.3.21.jar;C:\Users\Bayram\.m2\repository\org\springframework\spring-webmvc\5.3.21\spring-webmvc-5.3.21.jar;C:\Users\Bayram\.m2\repository\org\springframework\spring-expression\5.3.21\spring-expression-5.3.21.jar;C:\Users\Bayram\.m2\repository\org\springframework\boot\spring-boot-starter-jdbc\2.7.1\spring-boot-starter-jdbc-2.7.1.jar;C:\Users\Bayram\.m2\repository\com\zaxxer\HikariCP\4.0.3\HikariCP-4.0.3.jar;C:\Users\Bayram\.m2\repository\org\springframework\spring-jdbc\5.3.21\spring-jdbc-5.3.21.jar;C:\Users\Bayram\.m2\repository\org\postgresql\postgresql\42.3.6\postgresql-42.3.6.jar;C:\Users\Bayram\.m2\repository\org\checkerframework\checker-qual\3.5.0\checker-qual-3.5.0.jar;C:\Users\Bayram\.m2\repository\jakarta\xml\bind\jakarta.xml.bind-api\2.3.3\jakarta.xml.bind-api-2.3.3.jar;C:\Users\Bayram\.m2\repository\jakarta\activation\jakarta.activation-api\1.2.2\jakarta.activation-api-1.2.2.jar;C:\Users\Bayram\.m2\repository\org\springframework\spring-core\5.3.21\spring-core-5.3.21.jar;C:\Users\Bayram\.m2\repository\org\springframework\spring-jcl\5.3.21\spring-jcl-5.3.21.jar;C:\Users\Bayram\.m2\repository\org\springframework\boot\spring-boot-starter-amqp\2.7.1\spring-boot-starter-amqp-2.7.1.jar;C:\Users\Bayram\.m2\repository\org\springframework\spring-messaging\5.3.21\spring-messaging-5.3.21.jar;C:\Users\Bayram\.m2\repository\org\springframework\amqp\spring-rabbit\2.4.6\spring-rabbit-2.4.6.jar;C:\Users\Bayram\.m2\repository\org\springframework\amqp\spring-amqp\2.4.6\spring-amqp-2.4.6.jar;C:\Users\Bayram\.m2\repository\org\springframework\retry\spring-retry\1.3.3\spring-retry-1.3.3.jar;C:\Users\Bayram\.m2\repository\com\rabbitmq\amqp-client\5.14.2\amqp-client-5.14.2.jar;C:\Users\Bayram\.m2\repository\org\springframework\boot\spring-boot-starter-security\2.7.1\spring-boot-starter-security-2.7.1.jar;C:\Users\Bayram\.m2\repository\org\springframework\spring-aop\5.3.21\spring-aop-5.3.21.jar;C:\Users\Bayram\.m2\repository\org\springframework\security\spring-security-config\5.7.2\spring-security-config-5.7.2.jar;C:\Users\Bayram\.m2\repository\org\springframework\security\spring-security-core\5.7.2\spring-security-core-5.7.2.jar;C:\Users\Bayram\.m2\repository\org\springframework\security\spring-security-crypto\5.7.2\spring-security-crypto-5.7.2.jar;C:\Users\Bayram\.m2\repository\org\springframework\security\spring-security-web\5.7.2\spring-security-web-5.7.2.jar;C:\Users\Bayram\.m2\repository\io\jsonwebtoken\jjwt\0.9.1\jjwt-0.9.1.jar;C:\Users\Bayram\.m2\repository\com\fasterxml\jackson\core\jackson-databind\2.13.3\jackson-databind-2.13.3.jar;C:\Users\Bayram\.m2\repository\com\fasterxml\jackson\core\jackson-annotations\2.13.3\jackson-annotations-2.13.3.jar;C:\Users\Bayram\.m2\repository\com\fasterxml\jackson\core\jackson-core\2.13.3\jackson-core-2.13.3.jar;C:\Users\Bayram\.m2\repository\com\auth0\java-jwt\3.18.2\java-jwt-3.18.2.jar;C:\Users\Bayram\.m2\repository\org\projectlombok\lombok\1.18.24\lombok-1.18.24.jar
Launcher Type: SUN_STANDARD

[Global flags]
     intx CICompilerCount                          = 4                                         {product} {ergonomic}
     uint ConcGCThreads                            = 2                                         {product} {ergonomic}
     uint G1ConcRefinementThreads                  = 8                                         {product} {ergonomic}
   size_t G1HeapRegionSize                         = 1048576                                   {product} {ergonomic}
    uintx GCDrainStackTargetSize                   = 64                                        {product} {ergonomic}
   size_t InitialHeapSize                          = 134217728                                 {product} {ergonomic}
   size_t MarkStackSize                            = 4194304                                   {product} {ergonomic}
   size_t MaxHeapSize                              = 2130706432                                {product} {ergonomic}
   size_t MaxNewSize                               = 1278214144                                {product} {ergonomic}
   size_t MinHeapDeltaBytes                        = 1048576                                   {product} {ergonomic}
   size_t MinHeapSize                              = 8388608                                   {product} {ergonomic}
    uintx NonNMethodCodeHeapSize                   = 5839372                                {pd product} {ergonomic}
    uintx NonProfiledCodeHeapSize                  = 122909434                              {pd product} {ergonomic}
    uintx ProfiledCodeHeapSize                     = 122909434                              {pd product} {ergonomic}
    uintx ReservedCodeCacheSize                    = 251658240                              {pd product} {ergonomic}
     bool SegmentedCodeCache                       = true                                      {product} {ergonomic}
   size_t SoftMaxHeapSize                          = 2130706432                             {manageable} {ergonomic}
     bool UseCompressedClassPointers               = true                           {product lp64_product} {ergonomic}
     bool UseCompressedOops                        = true                           {product lp64_product} {ergonomic}
     bool UseG1GC                                  = true                                      {product} {ergonomic}
     bool UseLargePagesIndividualAllocation        = false                                  {pd product} {ergonomic}

Logging:
Log output configuration:
 #0: stdout all=warning uptime,level,tags foldmultilines=false
 #1: stderr all=off uptime,level,tags foldmultilines=false

Environment Variables:
JAVA_HOME=C:\Program Files\Java\jdk1.8.0_271
PATH=C:\Program Files (x86)\Razer\ChromaBroadcast\bin;C:\Program Files\Razer\ChromaBroadcast\bin;C:\Program Files (x86)\NVIDIA Corporation\PhysX\Common;C:\Program Files\Common Files\Oracle\Java\javapath;C:\Program Files (x86)\Common Files\Oracle\Java\javapath;C:\WINDOWS\system32;C:\WINDOWS;C:\WINDOWS\System32\Wbem;C:\WINDOWS\System32\WindowsPowerShell\v1.0\;C:\WINDOWS\System32\OpenSSH\;C:\ProgramData\chocolatey\bin;C:\Program Files\OpenJDK\openjdk-8u275-b01\bin;%JAVA-HOME%\bin;C:\HashiCorp\Vagrant\bin;C:\Program Files\dotnet\;C:\Program Files\Microsoft SQL Server\130\Tools\Binn\;C:\Program Files\Microsoft SQL Server\Client SDK\ODBC\170\Tools\Binn\;C:\WINDOWS\system32\config\systemprofile\AppData\Local\Microsoft\WindowsApps;C:\Program Files\Git\cmd;C:\Program Files (x86)\Microsoft SQL Server\100\Tools\Binn\;C:\Program Files\Microsoft SQL Server\100\Tools\Binn\;C:\Program Files\Microsoft SQL Server\100\DTS\Binn\;C:\Program Files (x86)\Microsoft SQL Server\100\Tools\Binn\VSShell\Common7\IDE\;C:\Program Files (x86)\Microsoft Visual Studio 9.0\Common7\IDE\PrivateAssemblies\;C:\Program Files (x86)\Microsoft SQL Server\100\DTS\Binn\;C:\Program Files\nodejs\;C:\Users\Bayram\anaconda3;C:\Users\Bayram\anaconda3\Library\mingw-w64\bin;C:\Users\Bayram\anaconda3\Library\usr\bin;C:\Users\Bayram\anaconda3\Library\bin;C:\Users\Bayram\anaconda3\Scripts;C:\Users\Bayram\AppData\Local\Programs\Python\Python39\Scripts\;C:\Users\Bayram\AppData\Local\Programs\Python\Python39\;C:\Program Files\MySQL\MySQL Shell 8.0\bin\;C:\Users\Bayram\AppData\Local\Microsoft\WindowsApps;C:\Users\Bayram\AppData\Local\Programs\Microsoft VS Code\bin;C:\Users\Bayram\AppData\Local\Android\Sdk\platform-tools;C:\Users\Bayram\.dotnet\tools;C:\Users\Bayram\AppData\Local\GitHubDesktop\bin;C:\spark\hadoop;C:\Users\Bayram\AppData\Roaming\npm
USERNAME=Bayram
OS=Windows_NT
PROCESSOR_IDENTIFIER=AMD64 Family 23 Model 8 Stepping 2, AuthenticAMD



---------------  S Y S T E M  ---------------

OS:
 Windows 10 , 64 bit Build 19041 (10.0.19041.1806)
OS uptime: 1 days 2:30 hours

CPU: total 8 (initial active 8) (8 cores per cpu, 2 threads per core) family 23 model 8 stepping 2 microcode 0x0, cx8, cmov, fxsr, ht, mmx, 3dnowpref, sse, sse2, sse3, ssse3, sse4a, sse4.1, sse4.2, popcnt, lzcnt, tsc, tscinvbit, avx, avx2, aes, clmul, bmi1, bmi2, adx, sha, fma, vzeroupper, clflush, clflushopt

Memory: 4k page, system-wide physical 8121M (1011M free)
TotalPageFile size 11991M (AvailPageFile size 0M)
current process WorkingSet (physical memory assigned to process): 39M, peak: 39M
current process commit charge ("private bytes"): 213M, peak: 213M

vm_info: Java HotSpot(TM) 64-Bit Server VM (18.0.2+9-61) for windows-amd64 JRE (18.0.2+9-61), built on Jun  7 2022 13:09:01 by "mach5one" with MS VC++ 16.8 / 16.9 (VS2019)

END.
