#
# There is insufficient memory for the Java Runtime Environment to continue.
# Native memory allocation (malloc) failed to allocate 1345888 bytes for Chunk::new
# Possible reasons:
#   The system is out of physical RAM or swap space
#   The process is running with CompressedOops enabled, and the Java Heap may be blocking the growth of the native heap
# Possible solutions:
#   Reduce memory load on the system
#   Increase physical memory or swap space
#   Check if swap backing store is full
#   Decrease Java heap size (-Xmx/-Xms)
#   Decrease number of Java threads
#   Decrease Java thread stack sizes (-Xss)
#   Set larger code cache with -XX:ReservedCodeCacheSize=
#   JVM is running with Unscaled Compressed Oops mode in which the Java heap is
#     placed in the first 4GB address space. The Java Heap base address is the
#     maximum limit for the native heap growth. Please use -XX:HeapBaseMinAddress
#     to set the Java Heap base and to place the Java Heap above 4GB virtual address.
# This output file may be truncated or incomplete.
#
#  Out of Memory Error (arena.cpp:184), pid=11192, tid=10932
#
# JRE version: Java(TM) SE Runtime Environment (18.0.2+9) (build 18.0.2+9-61)
# Java VM: Java HotSpot(TM) 64-Bit Server VM (18.0.2+9-61, mixed mode, sharing, tiered, compressed oops, compressed class ptrs, g1 gc, windows-amd64)
# No core dump will be written. Minidumps are not enabled by default on client versions of Windows
#

---------------  S U M M A R Y ------------

Command Line: -javaagent:C:\Program Files\JetBrains\IntelliJ IDEA Community Edition 2022.2\lib\idea_rt.jar=52005:C:\Program Files\JetBrains\IntelliJ IDEA Community Edition 2022.2\bin -Dfile.encoding=UTF-8 com.example.library.LibraryApplication

Host: AMD Ryzen 5 2500X Quad-Core Processor          , 8 cores, 7G,  Windows 10 , 64 bit Build 19041 (10.0.19041.1806)
Time: Thu Aug 11 17:12:21 2022 Türkiye Standart Saati elapsed time: 1.148109 seconds (0d 0h 0m 1s)

---------------  T H R E A D  ---------------

Current thread (0x000002122a09c500):  JavaThread "C2 CompilerThread0" daemon [_thread_in_native, id=10932, stack(0x000000fb8d700000,0x000000fb8d800000)]


Current CompileTask:
C2:   1148 1842       4       java.lang.invoke.MethodType::makeImpl (109 bytes)

Stack: [0x000000fb8d700000,0x000000fb8d800000]
Native frames: (J=compiled Java code, j=interpreted, Vv=VM code, C=native code)
V  [jvm.dll+0x6993ca]
V  [jvm.dll+0x7f481d]
V  [jvm.dll+0x7f612e]
V  [jvm.dll+0x7f67e3]
V  [jvm.dll+0x25cdaf]
V  [jvm.dll+0xb8c2f]
V  [jvm.dll+0xb8fa5]
V  [jvm.dll+0x3860cb]
V  [jvm.dll+0x34fd01]
V  [jvm.dll+0x34f19a]
V  [jvm.dll+0x22ff51]
V  [jvm.dll+0x22f321]
V  [jvm.dll+0x1ba01c]
V  [jvm.dll+0x23ec9a]
V  [jvm.dll+0x23cf85]
V  [jvm.dll+0x7a6e21]
V  [jvm.dll+0x7a125a]
V  [jvm.dll+0x698275]
C  [ucrtbase.dll+0x21bb2]
C  [KERNEL32.DLL+0x17034]
C  [ntdll.dll+0x52651]


---------------  P R O C E S S  ---------------

Threads class SMR info:
_java_thread_list=0x000002122f7bbcd0, length=14, elements={
0x000002120c3e0b10, 0x000002122a077a80, 0x000002122a079f00, 0x000002122a095640,
0x000002122a096ff0, 0x000002122a097990, 0x000002122a098330, 0x000002122a09c500,
0x000002122a0a5b10, 0x000002122a0b3030, 0x000002122a063cf0, 0x000002122ead7e80,
0x000002122eaeb5f0, 0x000002122ee52790
}

Java Threads: ( => current thread )
  0x000002120c3e0b10 JavaThread "main" [_thread_in_Java, id=264, stack(0x000000fb8ca00000,0x000000fb8cb00000)]
  0x000002122a077a80 JavaThread "Reference Handler" daemon [_thread_blocked, id=11652, stack(0x000000fb8d100000,0x000000fb8d200000)]
  0x000002122a079f00 JavaThread "Finalizer" daemon [_thread_blocked, id=1468, stack(0x000000fb8d200000,0x000000fb8d300000)]
  0x000002122a095640 JavaThread "Signal Dispatcher" daemon [_thread_blocked, id=5092, stack(0x000000fb8d300000,0x000000fb8d400000)]
  0x000002122a096ff0 JavaThread "Attach Listener" daemon [_thread_blocked, id=8556, stack(0x000000fb8d400000,0x000000fb8d500000)]
  0x000002122a097990 JavaThread "Service Thread" daemon [_thread_blocked, id=11224, stack(0x000000fb8d500000,0x000000fb8d600000)]
  0x000002122a098330 JavaThread "Monitor Deflation Thread" daemon [_thread_blocked, id=10096, stack(0x000000fb8d600000,0x000000fb8d700000)]
=>0x000002122a09c500 JavaThread "C2 CompilerThread0" daemon [_thread_in_native, id=10932, stack(0x000000fb8d700000,0x000000fb8d800000)]
  0x000002122a0a5b10 JavaThread "C1 CompilerThread0" daemon [_thread_blocked, id=5168, stack(0x000000fb8d800000,0x000000fb8d900000)]
  0x000002122a0b3030 JavaThread "Sweeper thread" daemon [_thread_blocked, id=12996, stack(0x000000fb8d900000,0x000000fb8da00000)]
  0x000002122a063cf0 JavaThread "Common-Cleaner" daemon [_thread_blocked, id=11920, stack(0x000000fb8da00000,0x000000fb8db00000)]
  0x000002122ead7e80 JavaThread "Monitor Ctrl-Break" daemon [_thread_in_native, id=11736, stack(0x000000fb8db00000,0x000000fb8dc00000)]
  0x000002122eaeb5f0 JavaThread "Notification Thread" daemon [_thread_blocked, id=1032, stack(0x000000fb8dc00000,0x000000fb8dd00000)]
  0x000002122ee52790 JavaThread "C2 CompilerThread1" daemon [_thread_in_native, id=7888, stack(0x000000fb8de00000,0x000000fb8df00000)]

Other Threads:
  0x000002122a075280 VMThread "VM Thread" [stack: 0x000000fb8d000000,0x000000fb8d100000] [id=2184]
  0x000002122eaecb50 WatcherThread "VM Periodic Task Thread" [stack: 0x000000fb8dd00000,0x000000fb8de00000] [id=10020]
  0x000002120c43eec0 WorkerThread "GC Thread#0" [stack: 0x000000fb8cb00000,0x000000fb8cc00000] [id=13272]
  0x000002122f036770 WorkerThread "GC Thread#1" [stack: 0x000000fb8df00000,0x000000fb8e000000] [id=8580]
  0x000002122f036a10 WorkerThread "GC Thread#2" [stack: 0x000000fb8e000000,0x000000fb8e100000] [id=6576]
  0x000002122f3cd910 WorkerThread "GC Thread#3" [stack: 0x000000fb8e100000,0x000000fb8e200000] [id=8484]
  0x000002122f385c40 WorkerThread "GC Thread#4" [stack: 0x000000fb8e200000,0x000000fb8e300000] [id=11896]
  0x000002122ef00e60 WorkerThread "GC Thread#5" [stack: 0x000000fb8e300000,0x000000fb8e400000] [id=8412]
  0x000002122efdd210 WorkerThread "GC Thread#6" [stack: 0x000000fb8e400000,0x000000fb8e500000] [id=9652]
  0x000002122efdd4b0 WorkerThread "GC Thread#7" [stack: 0x000000fb8e500000,0x000000fb8e600000] [id=2732]
  0x000002120c451c00 ConcurrentGCThread "G1 Main Marker" [stack: 0x000000fb8cc00000,0x000000fb8cd00000] [id=7764]
  0x000002120c453da0 WorkerThread "G1 Conc#0" [stack: 0x000000fb8cd00000,0x000000fb8ce00000] [id=1064]
  0x000002120c488d60 ConcurrentGCThread "G1 Refine#0" [stack: 0x000000fb8ce00000,0x000000fb8cf00000] [id=10376]
  0x000002122f0374c0 ConcurrentGCThread "G1 Refine#1" [stack: 0x000000fb8e600000,0x000000fb8e700000] [id=12856]
  0x000002120c489580 ConcurrentGCThread "G1 Service" [stack: 0x000000fb8cf00000,0x000000fb8d000000] [id=1648]

Threads with active compile tasks:
C2 CompilerThread0     1162 1842       4       java.lang.invoke.MethodType::makeImpl (109 bytes)
C1 CompilerThread0     1162 1988   !   3       jdk.internal.loader.BuiltinClassLoader$2::run (114 bytes)
C2 CompilerThread1     1162 1984       4       org.springframework.asm.ClassReader::readUtf (161 bytes)

VM state: not at safepoint (normal execution)

VM Mutex/Monitor currently owned by a thread: None

Heap address: 0x0000000081000000, size: 2032 MB, Compressed Oops mode: 32-bit

CDS archive(s) mapped at: [0x0000000800000000-0x0000000800ba0000-0x0000000800ba0000), size 12189696, SharedBaseAddress: 0x0000000800000000, ArchiveRelocationMode: 0.
Compressed class space mapped at: 0x0000000800c00000-0x0000000840c00000, reserved size: 1073741824
Narrow klass base: 0x0000000800000000, Narrow klass shift: 0, Narrow klass range: 0x100000000

GC Precious Log:
 CardTable entry size: 512
 Card Set container configuration: InlinePtr #cards 5 size 8 Array Of Cards #cards 12 size 40 Howl #buckets 4 coarsen threshold 1843 Howl Bitmap #cards 512 size 80 coarsen threshold 460 Card regions per heap region 1 cards per card region 2048
 CPUs: 8 total, 8 available
 Memory: 8121M
 Large Page Support: Disabled
 NUMA Support: Disabled
 Compressed Oops: Enabled (32-bit)
 Heap Region Size: 1M
 Heap Min Capacity: 8M
 Heap Initial Capacity: 128M
 Heap Max Capacity: 2032M
 Pre-touch: Disabled
 Parallel Workers: 8
 Concurrent Workers: 2
 Concurrent Refinement Workers: 8
 Periodic GC: Disabled

Heap:
 garbage-first heap   total 131072K, used 17845K [0x0000000081000000, 0x0000000100000000)
  region size 1024K, 11 young (11264K), 2 survivors (2048K)
 Metaspace       used 15050K, committed 15296K, reserved 1114112K
  class space    used 1804K, committed 1920K, reserved 1048576K

Heap Regions: E=young(eden), S=young(survivor), O=old, HS=humongous(starts), HC=humongous(continues), CS=collection set, F=free, OA=open archive, CA=closed archive, TAMS=top-at-mark-start (previous, next)
|   0|0x0000000081000000, 0x0000000081100000, 0x0000000081100000|100%|HS|  |TAMS 0x0000000081000000, 0x0000000081000000| Complete 
|   1|0x0000000081100000, 0x0000000081200000, 0x0000000081200000|100%| O|  |TAMS 0x0000000081100000, 0x0000000081100000| Untracked 
|   2|0x0000000081200000, 0x0000000081300000, 0x0000000081300000|100%| O|  |TAMS 0x0000000081200000, 0x0000000081200000| Untracked 
|   3|0x0000000081300000, 0x0000000081400000, 0x0000000081400000|100%| O|  |TAMS 0x0000000081300000, 0x0000000081300000| Untracked 
|   4|0x0000000081400000, 0x0000000081500000, 0x0000000081500000|100%| O|  |TAMS 0x0000000081400000, 0x0000000081400000| Untracked 
|   5|0x0000000081500000, 0x0000000081600000, 0x0000000081600000|100%| O|  |TAMS 0x0000000081500000, 0x0000000081500000| Untracked 
|   6|0x0000000081600000, 0x0000000081700000, 0x0000000081700000|100%| O|  |TAMS 0x0000000081600000, 0x0000000081600000| Untracked 
|   7|0x0000000081700000, 0x000000008176d400, 0x0000000081800000| 42%| O|  |TAMS 0x0000000081700000, 0x0000000081700000| Untracked 
|   8|0x0000000081800000, 0x0000000081800000, 0x0000000081900000|  0%| F|  |TAMS 0x0000000081800000, 0x0000000081800000| Untracked 
|   9|0x0000000081900000, 0x0000000081900000, 0x0000000081a00000|  0%| F|  |TAMS 0x0000000081900000, 0x0000000081900000| Untracked 
|  10|0x0000000081a00000, 0x0000000081a00000, 0x0000000081b00000|  0%| F|  |TAMS 0x0000000081a00000, 0x0000000081a00000| Untracked 
|  11|0x0000000081b00000, 0x0000000081b00000, 0x0000000081c00000|  0%| F|  |TAMS 0x0000000081b00000, 0x0000000081b00000| Untracked 
|  12|0x0000000081c00000, 0x0000000081c00000, 0x0000000081d00000|  0%| F|  |TAMS 0x0000000081c00000, 0x0000000081c00000| Untracked 
|  13|0x0000000081d00000, 0x0000000081d00000, 0x0000000081e00000|  0%| F|  |TAMS 0x0000000081d00000, 0x0000000081d00000| Untracked 
|  14|0x0000000081e00000, 0x0000000081e00000, 0x0000000081f00000|  0%| F|  |TAMS 0x0000000081e00000, 0x0000000081e00000| Untracked 
|  15|0x0000000081f00000, 0x0000000081f00000, 0x0000000082000000|  0%| F|  |TAMS 0x0000000081f00000, 0x0000000081f00000| Untracked 
|  16|0x0000000082000000, 0x0000000082000000, 0x0000000082100000|  0%| F|  |TAMS 0x0000000082000000, 0x0000000082000000| Untracked 
|  17|0x0000000082100000, 0x0000000082100000, 0x0000000082200000|  0%| F|  |TAMS 0x0000000082100000, 0x0000000082100000| Untracked 
|  18|0x0000000082200000, 0x0000000082200000, 0x0000000082300000|  0%| F|  |TAMS 0x0000000082200000, 0x0000000082200000| Untracked 
|  19|0x0000000082300000, 0x0000000082300000, 0x0000000082400000|  0%| F|  |TAMS 0x0000000082300000, 0x0000000082300000| Untracked 
|  20|0x0000000082400000, 0x0000000082400000, 0x0000000082500000|  0%| F|  |TAMS 0x0000000082400000, 0x0000000082400000| Untracked 
|  21|0x0000000082500000, 0x0000000082500000, 0x0000000082600000|  0%| F|  |TAMS 0x0000000082500000, 0x0000000082500000| Untracked 
|  22|0x0000000082600000, 0x0000000082600000, 0x0000000082700000|  0%| F|  |TAMS 0x0000000082600000, 0x0000000082600000| Untracked 
|  23|0x0000000082700000, 0x0000000082700000, 0x0000000082800000|  0%| F|  |TAMS 0x0000000082700000, 0x0000000082700000| Untracked 
|  24|0x0000000082800000, 0x0000000082800000, 0x0000000082900000|  0%| F|  |TAMS 0x0000000082800000, 0x0000000082800000| Untracked 
|  25|0x0000000082900000, 0x0000000082900000, 0x0000000082a00000|  0%| F|  |TAMS 0x0000000082900000, 0x0000000082900000| Untracked 
|  26|0x0000000082a00000, 0x0000000082a00000, 0x0000000082b00000|  0%| F|  |TAMS 0x0000000082a00000, 0x0000000082a00000| Untracked 
|  27|0x0000000082b00000, 0x0000000082b00000, 0x0000000082c00000|  0%| F|  |TAMS 0x0000000082b00000, 0x0000000082b00000| Untracked 
|  28|0x0000000082c00000, 0x0000000082c00000, 0x0000000082d00000|  0%| F|  |TAMS 0x0000000082c00000, 0x0000000082c00000| Untracked 
|  29|0x0000000082d00000, 0x0000000082d00000, 0x0000000082e00000|  0%| F|  |TAMS 0x0000000082d00000, 0x0000000082d00000| Untracked 
|  30|0x0000000082e00000, 0x0000000082e00000, 0x0000000082f00000|  0%| F|  |TAMS 0x0000000082e00000, 0x0000000082e00000| Untracked 
|  31|0x0000000082f00000, 0x0000000082f00000, 0x0000000083000000|  0%| F|  |TAMS 0x0000000082f00000, 0x0000000082f00000| Untracked 
|  32|0x0000000083000000, 0x0000000083000000, 0x0000000083100000|  0%| F|  |TAMS 0x0000000083000000, 0x0000000083000000| Untracked 
|  33|0x0000000083100000, 0x0000000083100000, 0x0000000083200000|  0%| F|  |TAMS 0x0000000083100000, 0x0000000083100000| Untracked 
|  34|0x0000000083200000, 0x0000000083200000, 0x0000000083300000|  0%| F|  |TAMS 0x0000000083200000, 0x0000000083200000| Untracked 
|  35|0x0000000083300000, 0x0000000083300000, 0x0000000083400000|  0%| F|  |TAMS 0x0000000083300000, 0x0000000083300000| Untracked 
|  36|0x0000000083400000, 0x0000000083400000, 0x0000000083500000|  0%| F|  |TAMS 0x0000000083400000, 0x0000000083400000| Untracked 
|  37|0x0000000083500000, 0x0000000083500000, 0x0000000083600000|  0%| F|  |TAMS 0x0000000083500000, 0x0000000083500000| Untracked 
|  38|0x0000000083600000, 0x0000000083600000, 0x0000000083700000|  0%| F|  |TAMS 0x0000000083600000, 0x0000000083600000| Untracked 
|  39|0x0000000083700000, 0x0000000083700000, 0x0000000083800000|  0%| F|  |TAMS 0x0000000083700000, 0x0000000083700000| Untracked 
|  40|0x0000000083800000, 0x0000000083800000, 0x0000000083900000|  0%| F|  |TAMS 0x0000000083800000, 0x0000000083800000| Untracked 
|  41|0x0000000083900000, 0x0000000083900000, 0x0000000083a00000|  0%| F|  |TAMS 0x0000000083900000, 0x0000000083900000| Untracked 
|  42|0x0000000083a00000, 0x0000000083a00000, 0x0000000083b00000|  0%| F|  |TAMS 0x0000000083a00000, 0x0000000083a00000| Untracked 
|  43|0x0000000083b00000, 0x0000000083b00000, 0x0000000083c00000|  0%| F|  |TAMS 0x0000000083b00000, 0x0000000083b00000| Untracked 
|  44|0x0000000083c00000, 0x0000000083c00000, 0x0000000083d00000|  0%| F|  |TAMS 0x0000000083c00000, 0x0000000083c00000| Untracked 
|  45|0x0000000083d00000, 0x0000000083d00000, 0x0000000083e00000|  0%| F|  |TAMS 0x0000000083d00000, 0x0000000083d00000| Untracked 
|  46|0x0000000083e00000, 0x0000000083e00000, 0x0000000083f00000|  0%| F|  |TAMS 0x0000000083e00000, 0x0000000083e00000| Untracked 
|  47|0x0000000083f00000, 0x0000000083f00000, 0x0000000084000000|  0%| F|  |TAMS 0x0000000083f00000, 0x0000000083f00000| Untracked 
|  48|0x0000000084000000, 0x0000000084000000, 0x0000000084100000|  0%| F|  |TAMS 0x0000000084000000, 0x0000000084000000| Untracked 
|  49|0x0000000084100000, 0x0000000084100000, 0x0000000084200000|  0%| F|  |TAMS 0x0000000084100000, 0x0000000084100000| Untracked 
|  50|0x0000000084200000, 0x0000000084200000, 0x0000000084300000|  0%| F|  |TAMS 0x0000000084200000, 0x0000000084200000| Untracked 
|  51|0x0000000084300000, 0x0000000084300000, 0x0000000084400000|  0%| F|  |TAMS 0x0000000084300000, 0x0000000084300000| Untracked 
|  52|0x0000000084400000, 0x0000000084400000, 0x0000000084500000|  0%| F|  |TAMS 0x0000000084400000, 0x0000000084400000| Untracked 
|  53|0x0000000084500000, 0x0000000084500000, 0x0000000084600000|  0%| F|  |TAMS 0x0000000084500000, 0x0000000084500000| Untracked 
|  54|0x0000000084600000, 0x0000000084600000, 0x0000000084700000|  0%| F|  |TAMS 0x0000000084600000, 0x0000000084600000| Untracked 
|  55|0x0000000084700000, 0x0000000084700000, 0x0000000084800000|  0%| F|  |TAMS 0x0000000084700000, 0x0000000084700000| Untracked 
|  56|0x0000000084800000, 0x0000000084800000, 0x0000000084900000|  0%| F|  |TAMS 0x0000000084800000, 0x0000000084800000| Untracked 
|  57|0x0000000084900000, 0x0000000084900000, 0x0000000084a00000|  0%| F|  |TAMS 0x0000000084900000, 0x0000000084900000| Untracked 
|  58|0x0000000084a00000, 0x0000000084a00000, 0x0000000084b00000|  0%| F|  |TAMS 0x0000000084a00000, 0x0000000084a00000| Untracked 
|  59|0x0000000084b00000, 0x0000000084b00000, 0x0000000084c00000|  0%| F|  |TAMS 0x0000000084b00000, 0x0000000084b00000| Untracked 
|  60|0x0000000084c00000, 0x0000000084c00000, 0x0000000084d00000|  0%| F|  |TAMS 0x0000000084c00000, 0x0000000084c00000| Untracked 
|  61|0x0000000084d00000, 0x0000000084d00000, 0x0000000084e00000|  0%| F|  |TAMS 0x0000000084d00000, 0x0000000084d00000| Untracked 
|  62|0x0000000084e00000, 0x0000000084e00000, 0x0000000084f00000|  0%| F|  |TAMS 0x0000000084e00000, 0x0000000084e00000| Untracked 
|  63|0x0000000084f00000, 0x0000000084f00000, 0x0000000085000000|  0%| F|  |TAMS 0x0000000084f00000, 0x0000000084f00000| Untracked 
|  64|0x0000000085000000, 0x0000000085000000, 0x0000000085100000|  0%| F|  |TAMS 0x0000000085000000, 0x0000000085000000| Untracked 
|  65|0x0000000085100000, 0x0000000085100000, 0x0000000085200000|  0%| F|  |TAMS 0x0000000085100000, 0x0000000085100000| Untracked 
|  66|0x0000000085200000, 0x0000000085200000, 0x0000000085300000|  0%| F|  |TAMS 0x0000000085200000, 0x0000000085200000| Untracked 
|  67|0x0000000085300000, 0x0000000085300000, 0x0000000085400000|  0%| F|  |TAMS 0x0000000085300000, 0x0000000085300000| Untracked 
|  68|0x0000000085400000, 0x0000000085400000, 0x0000000085500000|  0%| F|  |TAMS 0x0000000085400000, 0x0000000085400000| Untracked 
|  69|0x0000000085500000, 0x0000000085500000, 0x0000000085600000|  0%| F|  |TAMS 0x0000000085500000, 0x0000000085500000| Untracked 
|  70|0x0000000085600000, 0x0000000085600000, 0x0000000085700000|  0%| F|  |TAMS 0x0000000085600000, 0x0000000085600000| Untracked 
|  71|0x0000000085700000, 0x0000000085700000, 0x0000000085800000|  0%| F|  |TAMS 0x0000000085700000, 0x0000000085700000| Untracked 
|  72|0x0000000085800000, 0x0000000085800000, 0x0000000085900000|  0%| F|  |TAMS 0x0000000085800000, 0x0000000085800000| Untracked 
|  73|0x0000000085900000, 0x0000000085900000, 0x0000000085a00000|  0%| F|  |TAMS 0x0000000085900000, 0x0000000085900000| Untracked 
|  74|0x0000000085a00000, 0x0000000085a00000, 0x0000000085b00000|  0%| F|  |TAMS 0x0000000085a00000, 0x0000000085a00000| Untracked 
|  75|0x0000000085b00000, 0x0000000085b00000, 0x0000000085c00000|  0%| F|  |TAMS 0x0000000085b00000, 0x0000000085b00000| Untracked 
|  76|0x0000000085c00000, 0x0000000085c00000, 0x0000000085d00000|  0%| F|  |TAMS 0x0000000085c00000, 0x0000000085c00000| Untracked 
|  77|0x0000000085d00000, 0x0000000085d00000, 0x0000000085e00000|  0%| F|  |TAMS 0x0000000085d00000, 0x0000000085d00000| Untracked 
|  78|0x0000000085e00000, 0x0000000085e00000, 0x0000000085f00000|  0%| F|  |TAMS 0x0000000085e00000, 0x0000000085e00000| Untracked 
|  79|0x0000000085f00000, 0x0000000085f00000, 0x0000000086000000|  0%| F|  |TAMS 0x0000000085f00000, 0x0000000085f00000| Untracked 
|  80|0x0000000086000000, 0x0000000086000000, 0x0000000086100000|  0%| F|  |TAMS 0x0000000086000000, 0x0000000086000000| Untracked 
|  81|0x0000000086100000, 0x0000000086100000, 0x0000000086200000|  0%| F|  |TAMS 0x0000000086100000, 0x0000000086100000| Untracked 
|  82|0x0000000086200000, 0x0000000086200000, 0x0000000086300000|  0%| F|  |TAMS 0x0000000086200000, 0x0000000086200000| Untracked 
|  83|0x0000000086300000, 0x0000000086300000, 0x0000000086400000|  0%| F|  |TAMS 0x0000000086300000, 0x0000000086300000| Untracked 
|  84|0x0000000086400000, 0x0000000086400000, 0x0000000086500000|  0%| F|  |TAMS 0x0000000086400000, 0x0000000086400000| Untracked 
|  85|0x0000000086500000, 0x0000000086500000, 0x0000000086600000|  0%| F|  |TAMS 0x0000000086500000, 0x0000000086500000| Untracked 
|  86|0x0000000086600000, 0x0000000086600000, 0x0000000086700000|  0%| F|  |TAMS 0x0000000086600000, 0x0000000086600000| Untracked 
|  87|0x0000000086700000, 0x0000000086700000, 0x0000000086800000|  0%| F|  |TAMS 0x0000000086700000, 0x0000000086700000| Untracked 
|  88|0x0000000086800000, 0x0000000086800000, 0x0000000086900000|  0%| F|  |TAMS 0x0000000086800000, 0x0000000086800000| Untracked 
|  89|0x0000000086900000, 0x0000000086900000, 0x0000000086a00000|  0%| F|  |TAMS 0x0000000086900000, 0x0000000086900000| Untracked 
|  90|0x0000000086a00000, 0x0000000086a00000, 0x0000000086b00000|  0%| F|  |TAMS 0x0000000086a00000, 0x0000000086a00000| Untracked 
|  91|0x0000000086b00000, 0x0000000086b00000, 0x0000000086c00000|  0%| F|  |TAMS 0x0000000086b00000, 0x0000000086b00000| Untracked 
|  92|0x0000000086c00000, 0x0000000086c00000, 0x0000000086d00000|  0%| F|  |TAMS 0x0000000086c00000, 0x0000000086c00000| Untracked 
|  93|0x0000000086d00000, 0x0000000086d00000, 0x0000000086e00000|  0%| F|  |TAMS 0x0000000086d00000, 0x0000000086d00000| Untracked 
|  94|0x0000000086e00000, 0x0000000086e00000, 0x0000000086f00000|  0%| F|  |TAMS 0x0000000086e00000, 0x0000000086e00000| Untracked 
|  95|0x0000000086f00000, 0x0000000086f00000, 0x0000000087000000|  0%| F|  |TAMS 0x0000000086f00000, 0x0000000086f00000| Untracked 
|  96|0x0000000087000000, 0x0000000087000000, 0x0000000087100000|  0%| F|  |TAMS 0x0000000087000000, 0x0000000087000000| Untracked 
|  97|0x0000000087100000, 0x0000000087100000, 0x0000000087200000|  0%| F|  |TAMS 0x0000000087100000, 0x0000000087100000| Untracked 
|  98|0x0000000087200000, 0x0000000087300000, 0x0000000087300000|100%| S|CS|TAMS 0x0000000087200000, 0x0000000087200000| Complete 
|  99|0x0000000087300000, 0x0000000087400000, 0x0000000087400000|100%| S|CS|TAMS 0x0000000087300000, 0x0000000087300000| Complete 
| 100|0x0000000087400000, 0x0000000087400000, 0x0000000087500000|  0%| F|  |TAMS 0x0000000087400000, 0x0000000087400000| Untracked 
| 101|0x0000000087500000, 0x0000000087500000, 0x0000000087600000|  0%| F|  |TAMS 0x0000000087500000, 0x0000000087500000| Untracked 
| 102|0x0000000087600000, 0x0000000087600000, 0x0000000087700000|  0%| F|  |TAMS 0x0000000087600000, 0x0000000087600000| Untracked 
| 103|0x0000000087700000, 0x0000000087700000, 0x0000000087800000|  0%| F|  |TAMS 0x0000000087700000, 0x0000000087700000| Untracked 
| 104|0x0000000087800000, 0x0000000087800000, 0x0000000087900000|  0%| F|  |TAMS 0x0000000087800000, 0x0000000087800000| Untracked 
| 105|0x0000000087900000, 0x0000000087900000, 0x0000000087a00000|  0%| F|  |TAMS 0x0000000087900000, 0x0000000087900000| Untracked 
| 106|0x0000000087a00000, 0x0000000087a00000, 0x0000000087b00000|  0%| F|  |TAMS 0x0000000087a00000, 0x0000000087a00000| Untracked 
| 107|0x0000000087b00000, 0x0000000087b00000, 0x0000000087c00000|  0%| F|  |TAMS 0x0000000087b00000, 0x0000000087b00000| Untracked 
| 108|0x0000000087c00000, 0x0000000087c00000, 0x0000000087d00000|  0%| F|  |TAMS 0x0000000087c00000, 0x0000000087c00000| Untracked 
| 109|0x0000000087d00000, 0x0000000087d00000, 0x0000000087e00000|  0%| F|  |TAMS 0x0000000087d00000, 0x0000000087d00000| Untracked 
| 110|0x0000000087e00000, 0x0000000087e00000, 0x0000000087f00000|  0%| F|  |TAMS 0x0000000087e00000, 0x0000000087e00000| Untracked 
| 111|0x0000000087f00000, 0x0000000087f00000, 0x0000000088000000|  0%| F|  |TAMS 0x0000000087f00000, 0x0000000087f00000| Untracked 
| 112|0x0000000088000000, 0x0000000088000000, 0x0000000088100000|  0%| F|  |TAMS 0x0000000088000000, 0x0000000088000000| Untracked 
| 113|0x0000000088100000, 0x0000000088100000, 0x0000000088200000|  0%| F|  |TAMS 0x0000000088100000, 0x0000000088100000| Untracked 
| 114|0x0000000088200000, 0x0000000088200000, 0x0000000088300000|  0%| F|  |TAMS 0x0000000088200000, 0x0000000088200000| Untracked 
| 115|0x0000000088300000, 0x0000000088300000, 0x0000000088400000|  0%| F|  |TAMS 0x0000000088300000, 0x0000000088300000| Untracked 
| 116|0x0000000088400000, 0x0000000088400000, 0x0000000088500000|  0%| F|  |TAMS 0x0000000088400000, 0x0000000088400000| Untracked 
| 117|0x0000000088500000, 0x0000000088500000, 0x0000000088600000|  0%| F|  |TAMS 0x0000000088500000, 0x0000000088500000| Untracked 
| 118|0x0000000088600000, 0x0000000088600000, 0x0000000088700000|  0%| F|  |TAMS 0x0000000088600000, 0x0000000088600000| Untracked 
| 119|0x0000000088700000, 0x000000008876b930, 0x0000000088800000| 42%| E|  |TAMS 0x0000000088700000, 0x0000000088700000| Complete 
| 120|0x0000000088800000, 0x0000000088900000, 0x0000000088900000|100%| E|CS|TAMS 0x0000000088800000, 0x0000000088800000| Complete 
| 121|0x0000000088900000, 0x0000000088a00000, 0x0000000088a00000|100%| E|CS|TAMS 0x0000000088900000, 0x0000000088900000| Complete 
| 122|0x0000000088a00000, 0x0000000088b00000, 0x0000000088b00000|100%| E|CS|TAMS 0x0000000088a00000, 0x0000000088a00000| Complete 
| 123|0x0000000088b00000, 0x0000000088c00000, 0x0000000088c00000|100%| E|CS|TAMS 0x0000000088b00000, 0x0000000088b00000| Complete 
| 124|0x0000000088c00000, 0x0000000088d00000, 0x0000000088d00000|100%| E|CS|TAMS 0x0000000088c00000, 0x0000000088c00000| Complete 
| 125|0x0000000088d00000, 0x0000000088e00000, 0x0000000088e00000|100%| E|CS|TAMS 0x0000000088d00000, 0x0000000088d00000| Complete 
| 126|0x0000000088e00000, 0x0000000088f00000, 0x0000000088f00000|100%| E|CS|TAMS 0x0000000088e00000, 0x0000000088e00000| Complete 
| 127|0x0000000088f00000, 0x0000000089000000, 0x0000000089000000|100%| E|CS|TAMS 0x0000000088f00000, 0x0000000088f00000| Complete 

Card table byte_map: [0x0000021223440000,0x0000021223840000] _byte_map_base: 0x0000021223038000

Marking Bits (Prev, Next): (CMBitMap*) 0x000002120c43f4c0, (CMBitMap*) 0x000002120c43f500
 Prev Bits: [0x0000021223c40000, 0x0000021225c00000)
 Next Bits: [0x0000021225c00000, 0x0000021227bc0000)

Polling page: 0x000002120a390000

Metaspace:

Usage:
  Non-class:     12.94 MB used.
      Class:      1.76 MB used.
       Both:     14.70 MB used.

Virtual space:
  Non-class space:       64.00 MB reserved,      13.06 MB ( 20%) committed,  1 nodes.
      Class space:        1.00 GB reserved,       1.88 MB ( <1%) committed,  1 nodes.
             Both:        1.06 GB reserved,      14.94 MB (  1%) committed. 

Chunk freelists:
   Non-Class:  2.22 MB
       Class:  2.11 MB
        Both:  4.33 MB

MaxMetaspaceSize: unlimited
CompressedClassSpaceSize: 1.00 GB
Initial GC threshold: 21.00 MB
Current GC threshold: 21.00 MB
CDS: on
MetaspaceReclaimPolicy: balanced
 - commit_granule_bytes: 65536.
 - commit_granule_words: 8192.
 - virtual_space_node_default_size: 8388608.
 - enlarge_chunks_in_place: 1.
 - new_chunks_are_fully_committed: 0.
 - uncommit_free_chunks: 1.
 - use_allocation_guard: 0.


Internal statistics:

num_allocs_failed_limit: 0.
num_arena_births: 196.
num_arena_deaths: 0.
num_vsnodes_births: 2.
num_vsnodes_deaths: 0.
num_space_committed: 239.
num_space_uncommitted: 0.
num_chunks_returned_to_freelist: 0.
num_chunks_taken_from_freelist: 670.
num_chunk_merges: 0.
num_chunk_splits: 456.
num_chunks_enlarged: 363.
num_inconsistent_stats: 0.

CodeHeap 'non-profiled nmethods': size=120000Kb used=717Kb max_used=717Kb free=119282Kb
 bounds [0x000002121b7e0000, 0x000002121ba50000, 0x0000021222d10000]
CodeHeap 'profiled nmethods': size=120000Kb used=3755Kb max_used=3755Kb free=116244Kb
 bounds [0x00000212142b0000, 0x0000021214660000, 0x000002121b7e0000]
CodeHeap 'non-nmethods': size=5760Kb used=1189Kb max_used=1219Kb free=4570Kb
 bounds [0x0000021213d10000, 0x0000021213f80000, 0x00000212142b0000]
 total_blobs=2459 nmethods=1989 adapters=382
 compilation: enabled
              stopped_count=0, restarted_count=0
 full_count=0

Compilation events (20 events):
Event: 1.142 Thread 0x000002122ee52790 nmethod 1906 0x000002121b88fe90 code [0x000002121b890020, 0x000002121b890118]
Event: 1.142 Thread 0x000002122ee52790 1910       4       org.springframework.asm.ClassReader::readUnsignedShort (26 bytes)
Event: 1.142 Thread 0x000002122a0a5b10 1931       1       org.springframework.core.annotation.AnnotationTypeMapping$MirrorSets$MirrorSet::access$300 (5 bytes)
Event: 1.142 Thread 0x000002122ee52790 nmethod 1910 0x000002121b890210 code [0x000002121b890380, 0x000002121b890458]
Event: 1.142 Thread 0x000002122a0a5b10 nmethod 1931 0x000002121b890590 code [0x000002121b890720, 0x000002121b8907d8]
Event: 1.142 Thread 0x000002122a0a5b10 1932       3       java.nio.ByteOrder::nativeOrder (4 bytes)
Event: 1.142 Thread 0x000002122a0a5b10 nmethod 1932 0x0000021214640290 code [0x0000021214640420, 0x0000021214640518]
Event: 1.143 Thread 0x000002122a0a5b10 1933       3       org.springframework.core.annotation.RepeatableContainers::standardRepeatables (4 bytes)
Event: 1.143 Thread 0x000002122a0a5b10 nmethod 1933 0x0000021214640590 code [0x0000021214640720, 0x0000021214640878]
Event: 1.143 Thread 0x000002122a0a5b10 1934       3       org.springframework.core.annotation.RepeatableContainers$StandardRepeatableContainers::access$000 (4 bytes)
Event: 1.143 Thread 0x000002122a0a5b10 nmethod 1934 0x0000021214640910 code [0x0000021214640aa0, 0x0000021214640b98]
Event: 1.143 Thread 0x000002122a0a5b10 1935       1       sun.nio.fs.WindowsPath::getFileSystem (5 bytes)
Event: 1.143 Thread 0x000002122a0a5b10 nmethod 1935 0x000002121b890890 code [0x000002121b890a20, 0x000002121b890af8]
Event: 1.143 Thread 0x000002122a0a5b10 1936       3       org.springframework.util.Assert::isTrue (14 bytes)
Event: 1.143 Thread 0x000002122a0a5b10 nmethod 1936 0x0000021214640c10 code [0x0000021214640dc0, 0x0000021214640fa8]
Event: 1.144 Thread 0x000002122ee52790 1937       4       java.util.WeakHashMap::hash (28 bytes)
Event: 1.144 Thread 0x000002122a0a5b10 1938       3       org.springframework.core.annotation.AnnotationTypeMapping$MirrorSets::size (6 bytes)
Event: 1.144 Thread 0x000002122a0a5b10 nmethod 1938 0x0000021214641090 code [0x0000021214641220, 0x0000021214641338]
Event: 1.144 Thread 0x000002122ee52790 nmethod 1937 0x000002121b890b90 code [0x000002121b890d20, 0x000002121b890e38]
Event: 1.145 Thread 0x000002122ee52790 1939       4       jdk.internal.org.objectweb.asm.Frame::push (109 bytes)

GC Heap History (4 events):
Event: 0.690 GC heap before
{Heap before GC invocations=0 (full 0):
 garbage-first heap   total 131072K, used 23552K [0x0000000081000000, 0x0000000100000000)
  region size 1024K, 23 young (23552K), 0 survivors (0K)
 Metaspace       used 6274K, committed 6464K, reserved 1114112K
  class space    used 724K, committed 832K, reserved 1048576K
}
Event: 0.696 GC heap after
{Heap after GC invocations=1 (full 0):
 garbage-first heap   total 131072K, used 7535K [0x0000000081000000, 0x0000000100000000)
  region size 1024K, 3 young (3072K), 3 survivors (3072K)
 Metaspace       used 6274K, committed 6464K, reserved 1114112K
  class space    used 724K, committed 832K, reserved 1048576K
}
Event: 1.045 GC heap before
{Heap before GC invocations=1 (full 0):
 garbage-first heap   total 131072K, used 32111K [0x0000000081000000, 0x0000000100000000)
  region size 1024K, 28 young (28672K), 3 survivors (3072K)
 Metaspace       used 13117K, committed 13312K, reserved 1114112K
  class space    used 1556K, committed 1664K, reserved 1048576K
}
Event: 1.050 GC heap after
{Heap after GC invocations=2 (full 0):
 garbage-first heap   total 131072K, used 9653K [0x0000000081000000, 0x0000000100000000)
  region size 1024K, 2 young (2048K), 2 survivors (2048K)
 Metaspace       used 13117K, committed 13312K, reserved 1114112K
  class space    used 1556K, committed 1664K, reserved 1048576K
}

Deoptimization events (20 events):
Event: 1.099 Thread 0x000002120c3e0b10 Uncommon trap: trap_request=0xffffff45 fr.pc=0x000002121b8120a4 relative=0x0000000000000604
Event: 1.099 Thread 0x000002120c3e0b10 Uncommon trap: reason=unstable_if action=reinterpret pc=0x000002121b8120a4 method=java.util.zip.ZipCoder.hash(Ljava/lang/String;)I @ 23 c2
Event: 1.099 Thread 0x000002120c3e0b10 DEOPT PACKING pc=0x000002121b8120a4 sp=0x000000fb8cafe0f0
Event: 1.099 Thread 0x000002120c3e0b10 DEOPT UNPACKING pc=0x0000021213d623a3 sp=0x000000fb8cafdf98 mode 2
Event: 1.099 Thread 0x000002120c3e0b10 Uncommon trap: trap_request=0xffffff45 fr.pc=0x000002121b8108e8 relative=0x00000000000003e8
Event: 1.099 Thread 0x000002120c3e0b10 Uncommon trap: reason=unstable_if action=reinterpret pc=0x000002121b8108e8 method=java.util.zip.ZipCoder.hash(Ljava/lang/String;)I @ 23 c2
Event: 1.099 Thread 0x000002120c3e0b10 DEOPT PACKING pc=0x000002121b8108e8 sp=0x000000fb8cafe070
Event: 1.099 Thread 0x000002120c3e0b10 DEOPT UNPACKING pc=0x0000021213d623a3 sp=0x000000fb8cafdf88 mode 2
Event: 1.099 Thread 0x000002120c3e0b10 Uncommon trap: trap_request=0xffffff45 fr.pc=0x000002121b80f288 relative=0x0000000000000168
Event: 1.099 Thread 0x000002120c3e0b10 Uncommon trap: reason=unstable_if action=reinterpret pc=0x000002121b80f288 method=java.util.zip.ZipCoder.hash(Ljava/lang/String;)I @ 23 c2
Event: 1.099 Thread 0x000002120c3e0b10 DEOPT PACKING pc=0x000002121b80f288 sp=0x000000fb8cafe000
Event: 1.099 Thread 0x000002120c3e0b10 DEOPT UNPACKING pc=0x0000021213d623a3 sp=0x000000fb8cafdf88 mode 2
Event: 1.100 Thread 0x000002120c3e0b10 Uncommon trap: trap_request=0xffffff45 fr.pc=0x000002121b87f41c relative=0x00000000000001fc
Event: 1.100 Thread 0x000002120c3e0b10 Uncommon trap: reason=unstable_if action=reinterpret pc=0x000002121b87f41c method=java.util.StringTokenizer.skipDelimiters(I)I @ 64 c2
Event: 1.100 Thread 0x000002120c3e0b10 DEOPT PACKING pc=0x000002121b87f41c sp=0x000000fb8cafe060
Event: 1.100 Thread 0x000002120c3e0b10 DEOPT UNPACKING pc=0x0000021213d623a3 sp=0x000000fb8cafdff0 mode 2
Event: 1.131 Thread 0x000002120c3e0b10 Uncommon trap: trap_request=0xffffff45 fr.pc=0x000002121b849188 relative=0x0000000000000a08
Event: 1.131 Thread 0x000002120c3e0b10 Uncommon trap: reason=unstable_if action=reinterpret pc=0x000002121b849188 method=jdk.internal.org.objectweb.asm.SymbolTable.put(Ljdk/internal/org/objectweb/asm/SymbolTable$Entry;)Ljdk/internal/org/objectweb/asm/SymbolTable$Entry; @ 13 c2
Event: 1.131 Thread 0x000002120c3e0b10 DEOPT PACKING pc=0x000002121b849188 sp=0x000000fb8cafcdb0
Event: 1.131 Thread 0x000002120c3e0b10 DEOPT UNPACKING pc=0x0000021213d623a3 sp=0x000000fb8cafcce8 mode 2

Classes loaded (20 events):
Event: 1.080 Loading class java/util/regex/Pattern$BnM
Event: 1.080 Loading class java/util/regex/Pattern$BnM done
Event: 1.080 Loading class java/util/regex/Pattern$Pos
Event: 1.080 Loading class java/util/regex/Pattern$Pos done
Event: 1.084 Loading class java/util/concurrent/ConcurrentLinkedDeque$Itr
Event: 1.084 Loading class java/util/concurrent/ConcurrentLinkedDeque$AbstractItr
Event: 1.084 Loading class java/util/concurrent/ConcurrentLinkedDeque$AbstractItr done
Event: 1.084 Loading class java/util/concurrent/ConcurrentLinkedDeque$Itr done
Event: 1.091 Loading class java/net/SocketException
Event: 1.091 Loading class java/net/SocketException done
Event: 1.101 Loading class java/util/regex/Pattern$LazyLoop
Event: 1.101 Loading class java/util/regex/Pattern$Loop
Event: 1.101 Loading class java/util/regex/Pattern$Loop done
Event: 1.101 Loading class java/util/regex/Pattern$LazyLoop done
Event: 1.101 Loading class java/util/regex/Pattern$Prolog
Event: 1.101 Loading class java/util/regex/Pattern$Prolog done
Event: 1.110 Loading class java/lang/AssertionError
Event: 1.110 Loading class java/lang/AssertionError done
Event: 1.119 Loading class java/lang/Deprecated
Event: 1.119 Loading class java/lang/Deprecated done

Classes unloaded (0 events):
No events

Classes redefined (0 events):
No events

Internal exceptions (20 events):
Event: 1.076 Thread 0x000002120c3e0b10 Exception <a 'java/lang/ClassNotFoundException'{0x0000000088ca3af0}: org/springframework/context/annotation/ConfigurationClassPostProcessorCustomizer> (0x0000000088ca3af0) 
thrown [s\open\src\hotspot\share\classfile\systemDictionary.cpp, line 255]
Event: 1.078 Thread 0x000002120c3e0b10 Exception <a 'java/lang/ClassNotFoundException'{0x0000000088cc0d68}: org/springframework/beans/factory/support/BeanDefinitionRegistryPostProcessorCustomizer> (0x0000000088cc0d68) 
thrown [s\open\src\hotspot\share\classfile\systemDictionary.cpp, line 255]
Event: 1.079 Thread 0x000002120c3e0b10 Exception <a 'java/lang/ClassNotFoundException'{0x0000000088cc4ae8}: org/springframework/beans/factory/config/BeanFactoryPostProcessorCustomizer> (0x0000000088cc4ae8) 
thrown [s\open\src\hotspot\share\classfile\systemDictionary.cpp, line 255]
Event: 1.079 Thread 0x000002120c3e0b10 Exception <a 'java/lang/ClassNotFoundException'{0x0000000088cc8750}: org/springframework/core/PriorityOrderedCustomizer> (0x0000000088cc8750) 
thrown [s\open\src\hotspot\share\classfile\systemDictionary.cpp, line 255]
Event: 1.079 Thread 0x000002120c3e0b10 Exception <a 'java/lang/ClassNotFoundException'{0x0000000088ccb058}: org/springframework/core/OrderedCustomizer> (0x0000000088ccb058) 
thrown [s\open\src\hotspot\share\classfile\systemDictionary.cpp, line 255]
Event: 1.080 Thread 0x000002120c3e0b10 Exception <a 'java/lang/ClassNotFoundException'{0x0000000088cceb08}: org/springframework/context/ResourceLoaderAwareCustomizer> (0x0000000088cceb08) 
thrown [s\open\src\hotspot\share\classfile\systemDictionary.cpp, line 255]
Event: 1.080 Thread 0x000002120c3e0b10 Exception <a 'java/lang/ClassNotFoundException'{0x0000000088cd2750}: org/springframework/beans/factory/AwareCustomizer> (0x0000000088cd2750) 
thrown [s\open\src\hotspot\share\classfile\systemDictionary.cpp, line 255]
Event: 1.080 Thread 0x000002120c3e0b10 Exception <a 'java/lang/ClassNotFoundException'{0x0000000088cd5310}: org/springframework/context/ApplicationStartupAwareCustomizer> (0x0000000088cd5310) 
thrown [s\open\src\hotspot\share\classfile\systemDictionary.cpp, line 255]
Event: 1.080 Thread 0x000002120c3e0b10 Exception <a 'java/lang/ClassNotFoundException'{0x0000000088cd91e0}: org/springframework/beans/factory/AwareCustomizer> (0x0000000088cd91e0) 
thrown [s\open\src\hotspot\share\classfile\systemDictionary.cpp, line 255]
Event: 1.081 Thread 0x000002120c3e0b10 Exception <a 'java/lang/ClassNotFoundException'{0x0000000088cdbdd8}: org/springframework/beans/factory/BeanClassLoaderAwareCustomizer> (0x0000000088cdbdd8) 
thrown [s\open\src\hotspot\share\classfile\systemDictionary.cpp, line 255]
Event: 1.081 Thread 0x000002120c3e0b10 Exception <a 'java/lang/ClassNotFoundException'{0x0000000088cdfa08}: org/springframework/beans/factory/AwareCustomizer> (0x0000000088cdfa08) 
thrown [s\open\src\hotspot\share\classfile\systemDictionary.cpp, line 255]
Event: 1.081 Thread 0x000002120c3e0b10 Exception <a 'java/lang/ClassNotFoundException'{0x0000000088ce23b0}: org/springframework/context/EnvironmentAwareCustomizer> (0x0000000088ce23b0) 
thrown [s\open\src\hotspot\share\classfile\systemDictionary.cpp, line 255]
Event: 1.082 Thread 0x000002120c3e0b10 Exception <a 'java/lang/ClassNotFoundException'{0x0000000088ce5f78}: org/springframework/beans/factory/AwareCustomizer> (0x0000000088ce5f78) 
thrown [s\open\src\hotspot\share\classfile\systemDictionary.cpp, line 255]
Event: 1.087 Thread 0x000002122f608590 Exception <a 'java/lang/NoSuchMethodError'{0x0000000088bc9a18}: 'long java.lang.invoke.DirectMethodHandle$Holder.invokeSpecial(java.lang.Object, java.lang.Object)'> (0x0000000088bc9a18) 
thrown [s\open\src\hotspot\share\interpreter\linkResolver.cpp, line 759]
Event: 1.088 Thread 0x000002122f608590 Exception <a 'java/lang/NoSuchMethodError'{0x0000000088bd4d20}: 'long java.lang.invoke.DirectMethodHandle$Holder.invokeStatic(java.lang.Object, java.lang.Object)'> (0x0000000088bd4d20) 
thrown [s\open\src\hotspot\share\interpreter\linkResolver.cpp, line 759]
Event: 1.088 Thread 0x000002122f608590 Exception <a 'java/lang/NoSuchMethodError'{0x0000000088bd8318}: 'long java.lang.invoke.DirectMethodHandle$Holder.invokeStaticInit(java.lang.Object, java.lang.Object)'> (0x0000000088bd8318) 
thrown [s\open\src\hotspot\share\interpreter\linkResolver.cpp, line 759]
Event: 1.090 Thread 0x000002122f608590 Exception <a 'java/lang/NoSuchMethodError'{0x0000000088be69d0}: 'long java.lang.invoke.DirectMethodHandle$Holder.invokeInterface(java.lang.Object, java.lang.Object)'> (0x0000000088be69d0) 
thrown [s\open\src\hotspot\share\interpreter\linkResolver.cpp, line 759]
Event: 1.090 Thread 0x000002122f608590 Exception <a 'java/lang/IncompatibleClassChangeError'{0x0000000088be9f58}: Found class java.lang.Object, but interface was expected> (0x0000000088be9f58) 
thrown [s\open\src\hotspot\share\interpreter\linkResolver.cpp, line 826]
Event: 1.097 Thread 0x000002122f608590 Exception <a 'java/lang/NoSuchMethodError'{0x0000000088ab3280}: 'java.lang.Object java.lang.invoke.DirectMethodHandle$Holder.invokeVirtual(java.lang.Object, java.lang.Object, java.lang.Object, java.lang.Object)'> (0x0000000088ab3280) 
thrown [s\open\src\hotspot\share\interpreter\linkResolver.cpp, line 759]
Event: 1.097 Thread 0x000002120c3e0b10 Exception <a 'java/lang/NoSuchMethodError'{0x0000000088a4cc20}: 'java.lang.Object java.lang.invoke.DirectMethodHandle$Holder.invokeVirtual(java.lang.Object, java.lang.Object, java.lang.Object)'> (0x0000000088a4cc20) 
thrown [s\open\src\hotspot\share\interpreter\linkResolver.cpp, line 759]

VM Operations (20 events):
Event: 0.686 Executing VM operation: ICBufferFull
Event: 0.686 Executing VM operation: ICBufferFull done
Event: 0.690 Executing VM operation: G1CollectForAllocation
Event: 0.696 Executing VM operation: G1CollectForAllocation done
Event: 0.717 Executing VM operation: HandshakeAllThreads
Event: 0.717 Executing VM operation: HandshakeAllThreads done
Event: 0.858 Executing VM operation: HandshakeAllThreads
Event: 0.858 Executing VM operation: HandshakeAllThreads done
Event: 0.859 Executing VM operation: HandshakeAllThreads
Event: 0.859 Executing VM operation: HandshakeAllThreads done
Event: 0.946 Executing VM operation: ICBufferFull
Event: 0.946 Executing VM operation: ICBufferFull done
Event: 1.045 Executing VM operation: G1CollectForAllocation
Event: 1.045 Executing VM operation: G1CollectForAllocation done
Event: 1.045 Executing VM operation: G1CollectForAllocation
Event: 1.050 Executing VM operation: G1CollectForAllocation done
Event: 1.074 Executing VM operation: HandshakeAllThreads
Event: 1.074 Executing VM operation: HandshakeAllThreads done
Event: 1.092 Executing VM operation: HandshakeAllThreads
Event: 1.093 Executing VM operation: HandshakeAllThreads done

Events (20 events):
Event: 0.036 Thread 0x000002122a098330 Thread added: 0x000002122a098330
Event: 0.037 Thread 0x000002122a09c500 Thread added: 0x000002122a09c500
Event: 0.037 Thread 0x000002122a0a5b10 Thread added: 0x000002122a0a5b10
Event: 0.037 Thread 0x000002122a0b3030 Thread added: 0x000002122a0b3030
Event: 0.118 Thread 0x000002122a063cf0 Thread added: 0x000002122a063cf0
Event: 0.138 Loaded shared library C:\Program Files\Java\jdk-18.0.2\bin\zip.dll
Event: 0.142 Loaded shared library C:\Program Files\Java\jdk-18.0.2\bin\instrument.dll
Event: 0.149 Loaded shared library C:\Program Files\Java\jdk-18.0.2\bin\net.dll
Event: 0.151 Loaded shared library C:\Program Files\Java\jdk-18.0.2\bin\nio.dll
Event: 0.153 Loaded shared library C:\Program Files\Java\jdk-18.0.2\bin\zip.dll
Event: 0.247 Loaded shared library C:\Program Files\JetBrains\IntelliJ IDEA Community Edition 2022.2\bin\breakgen64.dll
Event: 0.248 Thread 0x000002122ead7e80 Thread added: 0x000002122ead7e80
Event: 0.248 Thread 0x000002122eaeb5f0 Thread added: 0x000002122eaeb5f0
Event: 0.279 Loaded shared library C:\Program Files\Java\jdk-18.0.2\bin\verify.dll
Event: 0.285 Loaded shared library C:\Program Files\Java\jdk-18.0.2\bin\jimage.dll
Event: 0.398 Thread 0x000002122ee52790 Thread added: 0x000002122ee52790
Event: 0.778 Loaded shared library C:\Program Files\Java\jdk-18.0.2\bin\management.dll
Event: 0.781 Loaded shared library C:\Program Files\Java\jdk-18.0.2\bin\management_ext.dll
Event: 0.847 Thread 0x000002122f608590 Thread added: 0x000002122f608590
Event: 1.099 Thread 0x000002122f608590 Thread exited: 0x000002122f608590


Dynamic libraries:
0x00007ff6f8230000 - 0x00007ff6f8240000 	C:\Program Files\Java\jdk-18.0.2\bin\java.exe
0x00007ffa4b9d0000 - 0x00007ffa4bbc8000 	C:\WINDOWS\SYSTEM32\ntdll.dll
0x00007ffa4ada0000 - 0x00007ffa4ae5d000 	C:\WINDOWS\System32\KERNEL32.DLL
0x00007ffa493a0000 - 0x00007ffa4966e000 	C:\WINDOWS\System32\KERNELBASE.dll
0x00007ffa49200000 - 0x00007ffa49300000 	C:\WINDOWS\System32\ucrtbase.dll
0x00007ffa3d5e0000 - 0x00007ffa3d5fa000 	C:\Program Files\Java\jdk-18.0.2\bin\VCRUNTIME140.dll
0x00007ffa3cea0000 - 0x00007ffa3ceb8000 	C:\Program Files\Java\jdk-18.0.2\bin\jli.dll
0x00007ffa49f00000 - 0x00007ffa49fae000 	C:\WINDOWS\System32\ADVAPI32.dll
0x00007ffa4b3c0000 - 0x00007ffa4b45e000 	C:\WINDOWS\System32\msvcrt.dll
0x00007ffa4a0a0000 - 0x00007ffa4a13c000 	C:\WINDOWS\System32\sechost.dll
0x00007ffa4b290000 - 0x00007ffa4b3b5000 	C:\WINDOWS\System32\RPCRT4.dll
0x00007ffa49ac0000 - 0x00007ffa49c60000 	C:\WINDOWS\System32\USER32.dll
0x00007ffa49950000 - 0x00007ffa49972000 	C:\WINDOWS\System32\win32u.dll
0x00007ffa365f0000 - 0x00007ffa3688a000 	C:\WINDOWS\WinSxS\amd64_microsoft.windows.common-controls_6595b64144ccf1df_6.0.19041.1110_none_60b5254171f9507e\COMCTL32.dll
0x00007ffa4aba0000 - 0x00007ffa4abca000 	C:\WINDOWS\System32\GDI32.dll
0x00007ffa490f0000 - 0x00007ffa491fb000 	C:\WINDOWS\System32\gdi32full.dll
0x00007ffa49300000 - 0x00007ffa4939d000 	C:\WINDOWS\System32\msvcp_win.dll
0x00007ffa42b70000 - 0x00007ffa42b7a000 	C:\WINDOWS\SYSTEM32\VERSION.dll
0x00007ffa4a340000 - 0x00007ffa4a370000 	C:\WINDOWS\System32\IMM32.DLL
0x00007ffa3ce90000 - 0x00007ffa3ce9c000 	C:\Program Files\Java\jdk-18.0.2\bin\vcruntime140_1.dll
0x00007ffa3c830000 - 0x00007ffa3c8bd000 	C:\Program Files\Java\jdk-18.0.2\bin\msvcp140.dll
0x00007ff9e9430000 - 0x00007ff9ea041000 	C:\Program Files\Java\jdk-18.0.2\bin\server\jvm.dll
0x00007ffa4a090000 - 0x00007ffa4a098000 	C:\WINDOWS\System32\PSAPI.DLL
0x00007ffa35650000 - 0x00007ffa35659000 	C:\WINDOWS\SYSTEM32\WSOCK32.dll
0x00007ffa405f0000 - 0x00007ffa40617000 	C:\WINDOWS\SYSTEM32\WINMM.dll
0x00007ffa4b220000 - 0x00007ffa4b28b000 	C:\WINDOWS\System32\WS2_32.dll
0x00007ffa47010000 - 0x00007ffa47022000 	C:\WINDOWS\SYSTEM32\kernel.appcore.dll
0x00007ffa3ce80000 - 0x00007ffa3ce8a000 	C:\Program Files\Java\jdk-18.0.2\bin\jimage.dll
0x00007ffa42d30000 - 0x00007ffa42f14000 	C:\WINDOWS\SYSTEM32\DBGHELP.DLL
0x00007ffa42640000 - 0x00007ffa4266c000 	C:\WINDOWS\SYSTEM32\dbgcore.DLL
0x00007ffa49670000 - 0x00007ffa496f2000 	C:\WINDOWS\System32\bcryptPrimitives.dll
0x00007ffa3c540000 - 0x00007ffa3c54e000 	C:\Program Files\Java\jdk-18.0.2\bin\instrument.dll
0x00007ffa3c3a0000 - 0x00007ffa3c3c5000 	C:\Program Files\Java\jdk-18.0.2\bin\java.dll
0x00007ffa2c4d0000 - 0x00007ffa2c5a6000 	C:\Program Files\Java\jdk-18.0.2\bin\jsvml.dll
0x00007ffa4a370000 - 0x00007ffa4aab4000 	C:\WINDOWS\System32\SHELL32.dll
0x00007ffa47210000 - 0x00007ffa479a4000 	C:\WINDOWS\SYSTEM32\windows.storage.dll
0x00007ffa4ae60000 - 0x00007ffa4b1b4000 	C:\WINDOWS\System32\combase.dll
0x00007ffa48b50000 - 0x00007ffa48b80000 	C:\WINDOWS\SYSTEM32\Wldp.dll
0x00007ffa4a290000 - 0x00007ffa4a33d000 	C:\WINDOWS\System32\SHCORE.dll
0x00007ffa4b460000 - 0x00007ffa4b4b5000 	C:\WINDOWS\System32\shlwapi.dll
0x00007ffa49030000 - 0x00007ffa4904f000 	C:\WINDOWS\SYSTEM32\profapi.dll
0x00007ffa3c2f0000 - 0x00007ffa3c308000 	C:\Program Files\Java\jdk-18.0.2\bin\zip.dll
0x00007ffa3c380000 - 0x00007ffa3c393000 	C:\Program Files\Java\jdk-18.0.2\bin\net.dll
0x00007ffa3d8d0000 - 0x00007ffa3d9da000 	C:\WINDOWS\SYSTEM32\WINHTTP.dll
0x00007ffa488b0000 - 0x00007ffa4891a000 	C:\WINDOWS\system32\mswsock.dll
0x00007ffa3c360000 - 0x00007ffa3c376000 	C:\Program Files\Java\jdk-18.0.2\bin\nio.dll
0x00007ffa3c420000 - 0x00007ffa3c43a000 	C:\Program Files\JetBrains\IntelliJ IDEA Community Edition 2022.2\bin\breakgen64.dll
0x00007ffa3c790000 - 0x00007ffa3c7a0000 	C:\Program Files\Java\jdk-18.0.2\bin\verify.dll
0x00007ffa3c530000 - 0x00007ffa3c539000 	C:\Program Files\Java\jdk-18.0.2\bin\management.dll
0x00007ffa3c440000 - 0x00007ffa3c44b000 	C:\Program Files\Java\jdk-18.0.2\bin\management_ext.dll
0x00007ffa333f0000 - 0x00007ffa33407000 	C:\WINDOWS\system32\napinsp.dll
0x00007ffa32bf0000 - 0x00007ffa32c0b000 	C:\WINDOWS\system32\pnrpnsp.dll
0x00007ffa33230000 - 0x00007ffa33245000 	C:\WINDOWS\system32\wshbth.dll
0x00007ffa44440000 - 0x00007ffa4445d000 	C:\WINDOWS\system32\NLAapi.dll
0x00007ffa48550000 - 0x00007ffa4858b000 	C:\WINDOWS\SYSTEM32\IPHLPAPI.DLL
0x00007ffa485a0000 - 0x00007ffa4866b000 	C:\WINDOWS\SYSTEM32\DNSAPI.dll
0x00007ffa49ab0000 - 0x00007ffa49ab8000 	C:\WINDOWS\System32\NSI.dll
0x00007ffa33210000 - 0x00007ffa33222000 	C:\WINDOWS\System32\winrnr.dll
0x00007ffa3cfe0000 - 0x00007ffa3cfea000 	C:\Windows\System32\rasadhlp.dll
0x00007ffa3d850000 - 0x00007ffa3d8d0000 	C:\WINDOWS\System32\fwpuclnt.dll
0x00007ffa498b0000 - 0x00007ffa498d7000 	C:\WINDOWS\System32\bcrypt.dll

dbghelp: loaded successfully - version: 4.0.5 - missing functions: none
symbol engine: initialized successfully - sym options: 0x614 - pdb path: .;C:\Program Files\Java\jdk-18.0.2\bin;C:\WINDOWS\SYSTEM32;C:\WINDOWS\WinSxS\amd64_microsoft.windows.common-controls_6595b64144ccf1df_6.0.19041.1110_none_60b5254171f9507e;C:\Program Files\Java\jdk-18.0.2\bin\server;C:\Program Files\JetBrains\IntelliJ IDEA Community Edition 2022.2\bin

VM Arguments:
jvm_args: -javaagent:C:\Program Files\JetBrains\IntelliJ IDEA Community Edition 2022.2\lib\idea_rt.jar=52005:C:\Program Files\JetBrains\IntelliJ IDEA Community Edition 2022.2\bin -Dfile.encoding=UTF-8 
java_command: com.example.library.LibraryApplication
java_class_path (initial): C:\Users\Bayram\Desktop\lib\target\classes;C:\Users\Bayram\.m2\repository\org\springframework\boot\spring-boot-starter-data-jpa\2.7.1\spring-boot-starter-data-jpa-2.7.1.jar;C:\Users\Bayram\.m2\repository\org\springframework\boot\spring-boot-starter-aop\2.7.1\spring-boot-starter-aop-2.7.1.jar;C:\Users\Bayram\.m2\repository\org\aspectj\aspectjweaver\1.9.7\aspectjweaver-1.9.7.jar;C:\Users\Bayram\.m2\repository\jakarta\transaction\jakarta.transaction-api\1.3.3\jakarta.transaction-api-1.3.3.jar;C:\Users\Bayram\.m2\repository\jakarta\persistence\jakarta.persistence-api\2.2.3\jakarta.persistence-api-2.2.3.jar;C:\Users\Bayram\.m2\repository\org\hibernate\hibernate-core\5.6.9.Final\hibernate-core-5.6.9.Final.jar;C:\Users\Bayram\.m2\repository\org\jboss\logging\jboss-logging\3.4.3.Final\jboss-logging-3.4.3.Final.jar;C:\Users\Bayram\.m2\repository\net\bytebuddy\byte-buddy\1.12.11\byte-buddy-1.12.11.jar;C:\Users\Bayram\.m2\repository\antlr\antlr\2.7.7\antlr-2.7.7.jar;C:\Users\Bayram\.m2\repository\org\jboss\jandex\2.4.2.Final\jandex-2.4.2.Final.jar;C:\Users\Bayram\.m2\repository\com\fasterxml\classmate\1.5.1\classmate-1.5.1.jar;C:\Users\Bayram\.m2\repository\org\hibernate\common\hibernate-commons-annotations\5.1.2.Final\hibernate-commons-annotations-5.1.2.Final.jar;C:\Users\Bayram\.m2\repository\org\glassfish\jaxb\jaxb-runtime\2.3.6\jaxb-runtime-2.3.6.jar;C:\Users\Bayram\.m2\repository\org\glassfish\jaxb\txw2\2.3.6\txw2-2.3.6.jar;C:\Users\Bayram\.m2\repository\com\sun\istack\istack-commons-runtime\3.0.12\istack-commons-runtime-3.0.12.jar;C:\Users\Bayram\.m2\repository\com\sun\activation\jakarta.activation\1.2.2\jakarta.activation-1.2.2.jar;C:\Users\Bayram\.m2\repository\org\springframework\data\spring-data-jpa\2.7.1\spring-data-jpa-2.7.1.jar;C:\Users\Bayram\.m2\repository\org\springframework\data\spring-data-commons\2.7.1\spring-data-commons-2.7.1.jar;C:\Users\Bayram\.m2\repository\org\springframework\spring-orm\5.3.21\spring-orm-5.3.21.jar;C:\Users\Bayram\.m2\repository\org\springframework\spring-context\5.3.21\spring-context-5.3.21.jar;C:\Users\Bayram\.m2\repository\org\springframework\spring-tx\5.3.21\spring-tx-5.3.21.jar;C:\Users\Bayram\.m2\repository\org\springframework\spring-beans\5.3.21\spring-beans-5.3.21.jar;C:\Users\Bayram\.m2\repository\org\slf4j\slf4j-api\1.7.36\slf4j-api-1.7.36.jar;C:\Users\Bayram\.m2\repository\org\springframework\spring-aspects\5.3.21\spring-aspects-5.3.21.jar;C:\Users\Bayram\.m2\repository\org\springframework\boot\spring-boot-starter-web\2.7.1\spring-boot-starter-web-2.7.1.jar;C:\Users\Bayram\.m2\repository\org\springframework\boot\spring-boot-starter\2.7.1\spring-boot-starter-2.7.1.jar;C:\Users\Bayram\.m2\repository\org\springframework\boot\spring-boot\2.7.1\spring-boot-2.7.1.jar;C:\Users\Bayram\.m2\repository\org\springframework\boot\spring-boot-autoconfigure\2.7.1\spring-boot-autoconfigure-2.7.1.jar;C:\Users\Bayram\.m2\repository\org\springframework\boot\spring-boot-starter-logging\2.7.1\spring-boot-starter-logging-2.7.1.jar;C:\Users\Bayram\.m2\repository\ch\qos\logback\logback-classic\1.2.11\logback-classic-1.2.11.jar;C:\Users\Bayram\.m2\repository\ch\qos\logback\logback-core\1.2.11\logback-core-1.2.11.jar;C:\Users\Bayram\.m2\repository\org\apache\logging\log4j\log4j-to-slf4j\2.17.2\log4j-to-slf4j-2.17.2.jar;C:\Users\Bayram\.m2\repository\org\apache\logging\log4j\log4j-api\2.17.2\log4j-api-2.17.2.jar;C:\Users\Bayram\.m2\repository\org\slf4j\jul-to-slf4j\1.7.36\jul-to-slf4j-1.7.36.jar;C:\Users\Bayram\.m2\repository\jakarta\annotation\jakarta.annotation-api\1.3.5\jakarta.annotation-api-1.3.5.jar;C:\Users\Bayram\.m2\repository\org\yaml\snakeyaml\1.30\snakeyaml-1.30.jar;C:\Users\Bayram\.m2\repository\org\springframework\boot\spring-boot-starter-json\2.7.1\spring-boot-starter-json-2.7.1.jar;C:\Users\Bayram\.m2\repository\com\fasterxml\jackson\datatype\jackson-datatype-jdk8\2.13.3\jackson-datatype-jdk8-2.13.3.jar;C:\Users\Bayram\.m2\repository\com\fasterxml\jackson\datatype\jackson-datatype-jsr310\2.13.3\jackson-datatype-jsr310-2.13.3.jar;C:\Users\Bayram\.m2\repository\com\fasterxml\jackson\module\jackson-module-parameter-names\2.13.3\jackson-module-parameter-names-2.13.3.jar;C:\Users\Bayram\.m2\repository\org\springframework\boot\spring-boot-starter-tomcat\2.7.1\spring-boot-starter-tomcat-2.7.1.jar;C:\Users\Bayram\.m2\repository\org\apache\tomcat\embed\tomcat-embed-core\9.0.64\tomcat-embed-core-9.0.64.jar;C:\Users\Bayram\.m2\repository\org\apache\tomcat\embed\tomcat-embed-el\9.0.64\tomcat-embed-el-9.0.64.jar;C:\Users\Bayram\.m2\repository\org\apache\tomcat\embed\tomcat-embed-websocket\9.0.64\tomcat-embed-websocket-9.0.64.jar;C:\Users\Bayram\.m2\repository\org\springframework\spring-web\5.3.21\spring-web-5.3.21.jar;C:\Users\Bayram\.m2\repository\org\springframework\spring-webmvc\5.3.21\spring-webmvc-5.3.21.jar;C:\Users\Bayram\.m2\repository\org\springframework\spring-expression\5.3.21\spring-expression-5.3.21.jar;C:\Users\Bayram\.m2\repository\org\springframework\boot\spring-boot-starter-jdbc\2.7.1\spring-boot-starter-jdbc-2.7.1.jar;C:\Users\Bayram\.m2\repository\com\zaxxer\HikariCP\4.0.3\HikariCP-4.0.3.jar;C:\Users\Bayram\.m2\repository\org\springframework\spring-jdbc\5.3.21\spring-jdbc-5.3.21.jar;C:\Users\Bayram\.m2\repository\org\postgresql\postgresql\42.3.6\postgresql-42.3.6.jar;C:\Users\Bayram\.m2\repository\org\checkerframework\checker-qual\3.5.0\checker-qual-3.5.0.jar;C:\Users\Bayram\.m2\repository\jakarta\xml\bind\jakarta.xml.bind-api\2.3.3\jakarta.xml.bind-api-2.3.3.jar;C:\Users\Bayram\.m2\repository\jakarta\activation\jakarta.activation-api\1.2.2\jakarta.activation-api-1.2.2.jar;C:\Users\Bayram\.m2\repository\org\springframework\spring-core\5.3.21\spring-core-5.3.21.jar;C:\Users\Bayram\.m2\repository\org\springframework\spring-jcl\5.3.21\spring-jcl-5.3.21.jar;C:\Users\Bayram\.m2\repository\org\springframework\boot\spring-boot-starter-amqp\2.7.1\spring-boot-starter-amqp-2.7.1.jar;C:\Users\Bayram\.m2\repository\org\springframework\spring-messaging\5.3.21\spring-messaging-5.3.21.jar;C:\Users\Bayram\.m2\repository\org\springframework\amqp\spring-rabbit\2.4.6\spring-rabbit-2.4.6.jar;C:\Users\Bayram\.m2\repository\org\springframework\amqp\spring-amqp\2.4.6\spring-amqp-2.4.6.jar;C:\Users\Bayram\.m2\repository\org\springframework\retry\spring-retry\1.3.3\spring-retry-1.3.3.jar;C:\Users\Bayram\.m2\repository\com\rabbitmq\amqp-client\5.14.2\amqp-client-5.14.2.jar;C:\Users\Bayram\.m2\repository\org\springframework\boot\spring-boot-starter-security\2.7.1\spring-boot-starter-security-2.7.1.jar;C:\Users\Bayram\.m2\repository\org\springframework\spring-aop\5.3.21\spring-aop-5.3.21.jar;C:\Users\Bayram\.m2\repository\org\springframework\security\spring-security-config\5.7.2\spring-security-config-5.7.2.jar;C:\Users\Bayram\.m2\repository\org\springframework\security\spring-security-core\5.7.2\spring-security-core-5.7.2.jar;C:\Users\Bayram\.m2\repository\org\springframework\security\spring-security-crypto\5.7.2\spring-security-crypto-5.7.2.jar;C:\Users\Bayram\.m2\repository\org\springframework\security\spring-security-web\5.7.2\spring-security-web-5.7.2.jar;C:\Users\Bayram\.m2\repository\io\jsonwebtoken\jjwt\0.9.1\jjwt-0.9.1.jar;C:\Users\Bayram\.m2\repository\com\fasterxml\jackson\core\jackson-databind\2.13.3\jackson-databind-2.13.3.jar;C:\Users\Bayram\.m2\repository\com\fasterxml\jackson\core\jackson-annotations\2.13.3\jackson-annotations-2.13.3.jar;C:\Users\Bayram\.m2\repository\com\fasterxml\jackson\core\jackson-core\2.13.3\jackson-core-2.13.3.jar;C:\Users\Bayram\.m2\repository\com\auth0\java-jwt\3.18.2\java-jwt-3.18.2.jar;C:\Users\Bayram\.m2\repository\org\projectlombok\lombok\1.18.24\lombok-1.18.24.jar
Launcher Type: SUN_STANDARD

[Global flags]
     intx CICompilerCount                          = 4                                         {product} {ergonomic}
     uint ConcGCThreads                            = 2                                         {product} {ergonomic}
     uint G1ConcRefinementThreads                  = 8                                         {product} {ergonomic}
   size_t G1HeapRegionSize                         = 1048576                                   {product} {ergonomic}
    uintx GCDrainStackTargetSize                   = 64                                        {product} {ergonomic}
   size_t InitialHeapSize                          = 134217728                                 {product} {ergonomic}
   size_t MarkStackSize                            = 4194304                                   {product} {ergonomic}
   size_t MaxHeapSize                              = 2130706432                                {product} {ergonomic}
   size_t MaxNewSize                               = 1278214144                                {product} {ergonomic}
   size_t MinHeapDeltaBytes                        = 1048576                                   {product} {ergonomic}
   size_t MinHeapSize                              = 8388608                                   {product} {ergonomic}
    uintx NonNMethodCodeHeapSize                   = 5839372                                {pd product} {ergonomic}
    uintx NonProfiledCodeHeapSize                  = 122909434                              {pd product} {ergonomic}
    uintx ProfiledCodeHeapSize                     = 122909434                              {pd product} {ergonomic}
    uintx ReservedCodeCacheSize                    = 251658240                              {pd product} {ergonomic}
     bool SegmentedCodeCache                       = true                                      {product} {ergonomic}
   size_t SoftMaxHeapSize                          = 2130706432                             {manageable} {ergonomic}
     bool UseCompressedClassPointers               = true                           {product lp64_product} {ergonomic}
     bool UseCompressedOops                        = true                           {product lp64_product} {ergonomic}
     bool UseG1GC                                  = true                                      {product} {ergonomic}
     bool UseLargePagesIndividualAllocation        = false                                  {pd product} {ergonomic}

Logging:
Log output configuration:
 #0: stdout all=warning uptime,level,tags foldmultilines=false
 #1: stderr all=off uptime,level,tags foldmultilines=false

Environment Variables:
JAVA_HOME=C:\Program Files\Java\jdk1.8.0_271
PATH=C:\Program Files (x86)\Razer\ChromaBroadcast\bin;C:\Program Files\Razer\ChromaBroadcast\bin;C:\Program Files (x86)\NVIDIA Corporation\PhysX\Common;C:\Program Files\Common Files\Oracle\Java\javapath;C:\Program Files (x86)\Common Files\Oracle\Java\javapath;C:\WINDOWS\system32;C:\WINDOWS;C:\WINDOWS\System32\Wbem;C:\WINDOWS\System32\WindowsPowerShell\v1.0\;C:\WINDOWS\System32\OpenSSH\;C:\ProgramData\chocolatey\bin;C:\Program Files\OpenJDK\openjdk-8u275-b01\bin;%JAVA-HOME%\bin;C:\HashiCorp\Vagrant\bin;C:\Program Files\dotnet\;C:\Program Files\Microsoft SQL Server\130\Tools\Binn\;C:\Program Files\Microsoft SQL Server\Client SDK\ODBC\170\Tools\Binn\;C:\WINDOWS\system32\config\systemprofile\AppData\Local\Microsoft\WindowsApps;C:\Program Files\Git\cmd;C:\Program Files (x86)\Microsoft SQL Server\100\Tools\Binn\;C:\Program Files\Microsoft SQL Server\100\Tools\Binn\;C:\Program Files\Microsoft SQL Server\100\DTS\Binn\;C:\Program Files (x86)\Microsoft SQL Server\100\Tools\Binn\VSShell\Common7\IDE\;C:\Program Files (x86)\Microsoft Visual Studio 9.0\Common7\IDE\PrivateAssemblies\;C:\Program Files (x86)\Microsoft SQL Server\100\DTS\Binn\;C:\Program Files\nodejs\;C:\Users\Bayram\anaconda3;C:\Users\Bayram\anaconda3\Library\mingw-w64\bin;C:\Users\Bayram\anaconda3\Library\usr\bin;C:\Users\Bayram\anaconda3\Library\bin;C:\Users\Bayram\anaconda3\Scripts;C:\Users\Bayram\AppData\Local\Programs\Python\Python39\Scripts\;C:\Users\Bayram\AppData\Local\Programs\Python\Python39\;C:\Program Files\MySQL\MySQL Shell 8.0\bin\;C:\Users\Bayram\AppData\Local\Microsoft\WindowsApps;C:\Users\Bayram\AppData\Local\Programs\Microsoft VS Code\bin;C:\Users\Bayram\AppData\Local\Android\Sdk\platform-tools;C:\Users\Bayram\.dotnet\tools;C:\Users\Bayram\AppData\Local\GitHubDesktop\bin;C:\spark\hadoop;C:\Users\Bayram\AppData\Roaming\npm
USERNAME=Bayram
OS=Windows_NT
PROCESSOR_IDENTIFIER=AMD64 Family 23 Model 8 Stepping 2, AuthenticAMD



---------------  S Y S T E M  ---------------

OS:
 Windows 10 , 64 bit Build 19041 (10.0.19041.1806)
OS uptime: 1 days 2:02 hours

CPU: total 8 (initial active 8) (8 cores per cpu, 2 threads per core) family 23 model 8 stepping 2 microcode 0x0, cx8, cmov, fxsr, ht, mmx, 3dnowpref, sse, sse2, sse3, ssse3, sse4a, sse4.1, sse4.2, popcnt, lzcnt, tsc, tscinvbit, avx, avx2, aes, clmul, bmi1, bmi2, adx, sha, fma, vzeroupper, clflush, clflushopt

Memory: 4k page, system-wide physical 8121M (1380M free)
TotalPageFile size 11931M (AvailPageFile size 5M)
current process WorkingSet (physical memory assigned to process): 111M, peak: 111M
current process commit charge ("private bytes"): 248M, peak: 249M

vm_info: Java HotSpot(TM) 64-Bit Server VM (18.0.2+9-61) for windows-amd64 JRE (18.0.2+9-61), built on Jun  7 2022 13:09:01 by "mach5one" with MS VC++ 16.8 / 16.9 (VS2019)

END.
