#
# There is insufficient memory for the Java Runtime Environment to continue.
# Native memory allocation (malloc) failed to allocate 123536 bytes for Chunk::new
# Possible reasons:
#   The system is out of physical RAM or swap space
#   The process is running with CompressedOops enabled, and the Java Heap may be blocking the growth of the native heap
# Possible solutions:
#   Reduce memory load on the system
#   Increase physical memory or swap space
#   Check if swap backing store is full
#   Decrease Java heap size (-Xmx/-Xms)
#   Decrease number of Java threads
#   Decrease Java thread stack sizes (-Xss)
#   Set larger code cache with -XX:ReservedCodeCacheSize=
#   JVM is running with Unscaled Compressed Oops mode in which the Java heap is
#     placed in the first 4GB address space. The Java Heap base address is the
#     maximum limit for the native heap growth. Please use -XX:HeapBaseMinAddress
#     to set the Java Heap base and to place the Java Heap above 4GB virtual address.
# This output file may be truncated or incomplete.
#
#  Out of Memory Error (arena.cpp:184), pid=864, tid=1104
#
# JRE version: Java(TM) SE Runtime Environment (18.0.2+9) (build 18.0.2+9-61)
# Java VM: Java HotSpot(TM) 64-Bit Server VM (18.0.2+9-61, mixed mode, sharing, tiered, compressed oops, compressed class ptrs, g1 gc, windows-amd64)
# No core dump will be written. Minidumps are not enabled by default on client versions of Windows
#

---------------  S U M M A R Y ------------

Command Line: -javaagent:C:\Program Files\JetBrains\IntelliJ IDEA Community Edition 2022.2\lib\idea_rt.jar=51997:C:\Program Files\JetBrains\IntelliJ IDEA Community Edition 2022.2\bin -Dfile.encoding=UTF-8 com.example.library.LibraryApplication

Host: AMD Ryzen 5 2500X Quad-Core Processor          , 8 cores, 7G,  Windows 10 , 64 bit Build 19041 (10.0.19041.1806)
Time: Thu Aug 11 17:12:10 2022 Türkiye Standart Saati elapsed time: 1.644805 seconds (0d 0h 0m 1s)

---------------  T H R E A D  ---------------

Current thread (0x000001fda3e7f630):  JavaThread "C2 CompilerThread2" daemon [_thread_in_native, id=1104, stack(0x0000009036300000,0x0000009036400000)]


Current CompileTask:
C2:   1644 2771       4       java.lang.invoke.MethodType$ConcurrentWeakInternSet::get (47 bytes)

Stack: [0x0000009036300000,0x0000009036400000]
Native frames: (J=compiled Java code, j=interpreted, Vv=VM code, C=native code)
V  [jvm.dll+0x6993ca]
V  [jvm.dll+0x7f481d]
V  [jvm.dll+0x7f612e]
V  [jvm.dll+0x7f67e3]
V  [jvm.dll+0x25cdaf]
V  [jvm.dll+0xb8c2f]
V  [jvm.dll+0xb8fa5]
V  [jvm.dll+0x386091]
V  [jvm.dll+0x34fd01]
V  [jvm.dll+0x34f19a]
V  [jvm.dll+0x22ff51]
V  [jvm.dll+0x22f321]
V  [jvm.dll+0x1ba01c]
V  [jvm.dll+0x23ec9a]
V  [jvm.dll+0x23cf85]
V  [jvm.dll+0x7a6e21]
V  [jvm.dll+0x7a125a]
V  [jvm.dll+0x698275]
C  [ucrtbase.dll+0x21bb2]
C  [KERNEL32.DLL+0x17034]
C  [ntdll.dll+0x52651]


---------------  P R O C E S S  ---------------

Threads class SMR info:
_java_thread_list=0x000001fda3b805d0, length=15, elements={
0x000001fd8003e8c0, 0x000001fd9e1fe250, 0x000001fd9e1ffec0, 0x000001fd9e2197b0,
0x000001fd9e21a150, 0x000001fd9e21bb00, 0x000001fd9e221f20, 0x000001fd9e226680,
0x000001fd9e22f0c0, 0x000001fd9e232ac0, 0x000001fd9e223730, 0x000001fda254f4b0,
0x000001fd9e2223f0, 0x000001fd9e2210b0, 0x000001fda3e7f630
}

Java Threads: ( => current thread )
  0x000001fd8003e8c0 JavaThread "main" [_thread_in_Java, id=5192, stack(0x0000009034600000,0x0000009034700000)]
  0x000001fd9e1fe250 JavaThread "Reference Handler" daemon [_thread_blocked, id=6488, stack(0x0000009034d00000,0x0000009034e00000)]
  0x000001fd9e1ffec0 JavaThread "Finalizer" daemon [_thread_blocked, id=11208, stack(0x0000009034e00000,0x0000009034f00000)]
  0x000001fd9e2197b0 JavaThread "Signal Dispatcher" daemon [_thread_blocked, id=252, stack(0x0000009034f00000,0x0000009035000000)]
  0x000001fd9e21a150 JavaThread "Attach Listener" daemon [_thread_blocked, id=11276, stack(0x0000009035000000,0x0000009035100000)]
  0x000001fd9e21bb00 JavaThread "Service Thread" daemon [_thread_blocked, id=10392, stack(0x0000009035100000,0x0000009035200000)]
  0x000001fd9e221f20 JavaThread "Monitor Deflation Thread" daemon [_thread_blocked, id=9644, stack(0x0000009035200000,0x0000009035300000)]
  0x000001fd9e226680 JavaThread "C2 CompilerThread0" daemon [_thread_in_native, id=1988, stack(0x0000009035300000,0x0000009035400000)]
  0x000001fd9e22f0c0 JavaThread "C1 CompilerThread0" daemon [_thread_in_native, id=1412, stack(0x0000009035400000,0x0000009035500000)]
  0x000001fd9e232ac0 JavaThread "Sweeper thread" daemon [_thread_blocked, id=9972, stack(0x0000009035500000,0x0000009035600000)]
  0x000001fd9e223730 JavaThread "Common-Cleaner" daemon [_thread_blocked, id=10188, stack(0x0000009035600000,0x0000009035700000)]
  0x000001fda254f4b0 JavaThread "C2 CompilerThread1" daemon [_thread_in_native, id=1040, stack(0x0000009035700000,0x0000009035800000)]
  0x000001fd9e2223f0 JavaThread "Monitor Ctrl-Break" daemon [_thread_in_native, id=3688, stack(0x0000009035800000,0x0000009035900000)]
  0x000001fd9e2210b0 JavaThread "Notification Thread" daemon [_thread_blocked, id=14132, stack(0x0000009035900000,0x0000009035a00000)]
=>0x000001fda3e7f630 JavaThread "C2 CompilerThread2" daemon [_thread_in_native, id=1104, stack(0x0000009036300000,0x0000009036400000)]

Other Threads:
  0x000001fd9e1fc260 VMThread "VM Thread" [stack: 0x0000009034c00000,0x0000009034d00000] [id=3916]
  0x000001fda25e49c0 WatcherThread "VM Periodic Task Thread" [stack: 0x0000009035a00000,0x0000009035b00000] [id=7128]
  0x000001fd8009f080 WorkerThread "GC Thread#0" [stack: 0x0000009034700000,0x0000009034800000] [id=8092]
  0x000001fda2c76640 WorkerThread "GC Thread#1" [stack: 0x0000009035b00000,0x0000009035c00000] [id=11924]
  0x000001fda2c76cf0 WorkerThread "GC Thread#2" [stack: 0x0000009035c00000,0x0000009035d00000] [id=7676]
  0x000001fda2fcbc80 WorkerThread "GC Thread#3" [stack: 0x0000009035d00000,0x0000009035e00000] [id=14280]
  0x000001fda3179710 WorkerThread "GC Thread#4" [stack: 0x0000009035e00000,0x0000009035f00000] [id=12400]
  0x000001fda317a1c0 WorkerThread "GC Thread#5" [stack: 0x0000009035f00000,0x0000009036000000] [id=13052]
  0x000001fda3182470 WorkerThread "GC Thread#6" [stack: 0x0000009036000000,0x0000009036100000] [id=2664]
  0x000001fda31837c0 WorkerThread "GC Thread#7" [stack: 0x0000009036100000,0x0000009036200000] [id=13592]
  0x000001fd800b1dd0 ConcurrentGCThread "G1 Main Marker" [stack: 0x0000009034800000,0x0000009034900000] [id=10420]
  0x000001fd800b2f60 WorkerThread "G1 Conc#0" [stack: 0x0000009034900000,0x0000009034a00000] [id=7984]
  0x000001fd9e0b60b0 ConcurrentGCThread "G1 Refine#0" [stack: 0x0000009034a00000,0x0000009034b00000] [id=5320]
  0x000001fda31484a0 ConcurrentGCThread "G1 Refine#1" [stack: 0x0000009036200000,0x0000009036300000] [id=8600]
  0x000001fd9e0b69c0 ConcurrentGCThread "G1 Service" [stack: 0x0000009034b00000,0x0000009034c00000] [id=14008]

Threads with active compile tasks:
C2 CompilerThread0     1664 2674   !   4       jdk.internal.loader.BuiltinClassLoader::loadClassOrNull (143 bytes)
C2 CompilerThread1     1664 2768       4       java.lang.invoke.MethodType::makeImpl (109 bytes)
C2 CompilerThread2     1664 2771       4       java.lang.invoke.MethodType$ConcurrentWeakInternSet::get (47 bytes)

VM state: not at safepoint (normal execution)

VM Mutex/Monitor currently owned by a thread: None

Heap address: 0x0000000081000000, size: 2032 MB, Compressed Oops mode: 32-bit

CDS archive(s) mapped at: [0x0000000800000000-0x0000000800ba0000-0x0000000800ba0000), size 12189696, SharedBaseAddress: 0x0000000800000000, ArchiveRelocationMode: 0.
Compressed class space mapped at: 0x0000000800c00000-0x0000000840c00000, reserved size: 1073741824
Narrow klass base: 0x0000000800000000, Narrow klass shift: 0, Narrow klass range: 0x100000000

GC Precious Log:
 CardTable entry size: 512
 Card Set container configuration: InlinePtr #cards 5 size 8 Array Of Cards #cards 12 size 40 Howl #buckets 4 coarsen threshold 1843 Howl Bitmap #cards 512 size 80 coarsen threshold 460 Card regions per heap region 1 cards per card region 2048
 CPUs: 8 total, 8 available
 Memory: 8121M
 Large Page Support: Disabled
 NUMA Support: Disabled
 Compressed Oops: Enabled (32-bit)
 Heap Region Size: 1M
 Heap Min Capacity: 8M
 Heap Initial Capacity: 128M
 Heap Max Capacity: 2032M
 Pre-touch: Disabled
 Parallel Workers: 8
 Concurrent Workers: 2
 Concurrent Refinement Workers: 8
 Periodic GC: Disabled

Heap:
 garbage-first heap   total 131072K, used 49779K [0x0000000081000000, 0x0000000100000000)
  region size 1024K, 44 young (45056K), 2 survivors (2048K)
 Metaspace       used 19603K, committed 19840K, reserved 1114112K
  class space    used 2322K, committed 2432K, reserved 1048576K

Heap Regions: E=young(eden), S=young(survivor), O=old, HS=humongous(starts), HC=humongous(continues), CS=collection set, F=free, OA=open archive, CA=closed archive, TAMS=top-at-mark-start (previous, next)
|   0|0x0000000081000000, 0x0000000081100000, 0x0000000081100000|100%|HS|  |TAMS 0x0000000081000000, 0x0000000081000000| Complete 
|   1|0x0000000081100000, 0x0000000081200000, 0x0000000081200000|100%| O|  |TAMS 0x0000000081100000, 0x0000000081100000| Untracked 
|   2|0x0000000081200000, 0x0000000081300000, 0x0000000081300000|100%| O|  |TAMS 0x0000000081200000, 0x0000000081200000| Untracked 
|   3|0x0000000081300000, 0x0000000081400000, 0x0000000081400000|100%| O|  |TAMS 0x0000000081300000, 0x0000000081300000| Untracked 
|   4|0x0000000081400000, 0x0000000081500000, 0x0000000081500000|100%| O|  |TAMS 0x0000000081400000, 0x0000000081400000| Untracked 
|   5|0x0000000081500000, 0x0000000081600000, 0x0000000081600000|100%| O|  |TAMS 0x0000000081500000, 0x0000000081500000| Untracked 
|   6|0x0000000081600000, 0x0000000081700000, 0x0000000081700000|100%| O|  |TAMS 0x0000000081600000, 0x0000000081600000| Untracked 
|   7|0x0000000081700000, 0x0000000081730600, 0x0000000081800000| 18%| O|  |TAMS 0x0000000081700000, 0x0000000081700000| Untracked 
|   8|0x0000000081800000, 0x0000000081800000, 0x0000000081900000|  0%| F|  |TAMS 0x0000000081800000, 0x0000000081800000| Untracked 
|   9|0x0000000081900000, 0x0000000081900000, 0x0000000081a00000|  0%| F|  |TAMS 0x0000000081900000, 0x0000000081900000| Untracked 
|  10|0x0000000081a00000, 0x0000000081a00000, 0x0000000081b00000|  0%| F|  |TAMS 0x0000000081a00000, 0x0000000081a00000| Untracked 
|  11|0x0000000081b00000, 0x0000000081b00000, 0x0000000081c00000|  0%| F|  |TAMS 0x0000000081b00000, 0x0000000081b00000| Untracked 
|  12|0x0000000081c00000, 0x0000000081c00000, 0x0000000081d00000|  0%| F|  |TAMS 0x0000000081c00000, 0x0000000081c00000| Untracked 
|  13|0x0000000081d00000, 0x0000000081d00000, 0x0000000081e00000|  0%| F|  |TAMS 0x0000000081d00000, 0x0000000081d00000| Untracked 
|  14|0x0000000081e00000, 0x0000000081e00000, 0x0000000081f00000|  0%| F|  |TAMS 0x0000000081e00000, 0x0000000081e00000| Untracked 
|  15|0x0000000081f00000, 0x0000000081f00000, 0x0000000082000000|  0%| F|  |TAMS 0x0000000081f00000, 0x0000000081f00000| Untracked 
|  16|0x0000000082000000, 0x0000000082000000, 0x0000000082100000|  0%| F|  |TAMS 0x0000000082000000, 0x0000000082000000| Untracked 
|  17|0x0000000082100000, 0x0000000082100000, 0x0000000082200000|  0%| F|  |TAMS 0x0000000082100000, 0x0000000082100000| Untracked 
|  18|0x0000000082200000, 0x0000000082200000, 0x0000000082300000|  0%| F|  |TAMS 0x0000000082200000, 0x0000000082200000| Untracked 
|  19|0x0000000082300000, 0x0000000082300000, 0x0000000082400000|  0%| F|  |TAMS 0x0000000082300000, 0x0000000082300000| Untracked 
|  20|0x0000000082400000, 0x0000000082400000, 0x0000000082500000|  0%| F|  |TAMS 0x0000000082400000, 0x0000000082400000| Untracked 
|  21|0x0000000082500000, 0x0000000082500000, 0x0000000082600000|  0%| F|  |TAMS 0x0000000082500000, 0x0000000082500000| Untracked 
|  22|0x0000000082600000, 0x0000000082600000, 0x0000000082700000|  0%| F|  |TAMS 0x0000000082600000, 0x0000000082600000| Untracked 
|  23|0x0000000082700000, 0x0000000082700000, 0x0000000082800000|  0%| F|  |TAMS 0x0000000082700000, 0x0000000082700000| Untracked 
|  24|0x0000000082800000, 0x0000000082800000, 0x0000000082900000|  0%| F|  |TAMS 0x0000000082800000, 0x0000000082800000| Untracked 
|  25|0x0000000082900000, 0x0000000082900000, 0x0000000082a00000|  0%| F|  |TAMS 0x0000000082900000, 0x0000000082900000| Untracked 
|  26|0x0000000082a00000, 0x0000000082a00000, 0x0000000082b00000|  0%| F|  |TAMS 0x0000000082a00000, 0x0000000082a00000| Untracked 
|  27|0x0000000082b00000, 0x0000000082b00000, 0x0000000082c00000|  0%| F|  |TAMS 0x0000000082b00000, 0x0000000082b00000| Untracked 
|  28|0x0000000082c00000, 0x0000000082c00000, 0x0000000082d00000|  0%| F|  |TAMS 0x0000000082c00000, 0x0000000082c00000| Untracked 
|  29|0x0000000082d00000, 0x0000000082d00000, 0x0000000082e00000|  0%| F|  |TAMS 0x0000000082d00000, 0x0000000082d00000| Untracked 
|  30|0x0000000082e00000, 0x0000000082e00000, 0x0000000082f00000|  0%| F|  |TAMS 0x0000000082e00000, 0x0000000082e00000| Untracked 
|  31|0x0000000082f00000, 0x0000000082f00000, 0x0000000083000000|  0%| F|  |TAMS 0x0000000082f00000, 0x0000000082f00000| Untracked 
|  32|0x0000000083000000, 0x0000000083000000, 0x0000000083100000|  0%| F|  |TAMS 0x0000000083000000, 0x0000000083000000| Untracked 
|  33|0x0000000083100000, 0x0000000083100000, 0x0000000083200000|  0%| F|  |TAMS 0x0000000083100000, 0x0000000083100000| Untracked 
|  34|0x0000000083200000, 0x0000000083200000, 0x0000000083300000|  0%| F|  |TAMS 0x0000000083200000, 0x0000000083200000| Untracked 
|  35|0x0000000083300000, 0x0000000083300000, 0x0000000083400000|  0%| F|  |TAMS 0x0000000083300000, 0x0000000083300000| Untracked 
|  36|0x0000000083400000, 0x0000000083400000, 0x0000000083500000|  0%| F|  |TAMS 0x0000000083400000, 0x0000000083400000| Untracked 
|  37|0x0000000083500000, 0x0000000083500000, 0x0000000083600000|  0%| F|  |TAMS 0x0000000083500000, 0x0000000083500000| Untracked 
|  38|0x0000000083600000, 0x0000000083600000, 0x0000000083700000|  0%| F|  |TAMS 0x0000000083600000, 0x0000000083600000| Untracked 
|  39|0x0000000083700000, 0x0000000083700000, 0x0000000083800000|  0%| F|  |TAMS 0x0000000083700000, 0x0000000083700000| Untracked 
|  40|0x0000000083800000, 0x0000000083800000, 0x0000000083900000|  0%| F|  |TAMS 0x0000000083800000, 0x0000000083800000| Untracked 
|  41|0x0000000083900000, 0x0000000083900000, 0x0000000083a00000|  0%| F|  |TAMS 0x0000000083900000, 0x0000000083900000| Untracked 
|  42|0x0000000083a00000, 0x0000000083a00000, 0x0000000083b00000|  0%| F|  |TAMS 0x0000000083a00000, 0x0000000083a00000| Untracked 
|  43|0x0000000083b00000, 0x0000000083b00000, 0x0000000083c00000|  0%| F|  |TAMS 0x0000000083b00000, 0x0000000083b00000| Untracked 
|  44|0x0000000083c00000, 0x0000000083c00000, 0x0000000083d00000|  0%| F|  |TAMS 0x0000000083c00000, 0x0000000083c00000| Untracked 
|  45|0x0000000083d00000, 0x0000000083d00000, 0x0000000083e00000|  0%| F|  |TAMS 0x0000000083d00000, 0x0000000083d00000| Untracked 
|  46|0x0000000083e00000, 0x0000000083e00000, 0x0000000083f00000|  0%| F|  |TAMS 0x0000000083e00000, 0x0000000083e00000| Untracked 
|  47|0x0000000083f00000, 0x0000000083f00000, 0x0000000084000000|  0%| F|  |TAMS 0x0000000083f00000, 0x0000000083f00000| Untracked 
|  48|0x0000000084000000, 0x0000000084000000, 0x0000000084100000|  0%| F|  |TAMS 0x0000000084000000, 0x0000000084000000| Untracked 
|  49|0x0000000084100000, 0x0000000084100000, 0x0000000084200000|  0%| F|  |TAMS 0x0000000084100000, 0x0000000084100000| Untracked 
|  50|0x0000000084200000, 0x0000000084200000, 0x0000000084300000|  0%| F|  |TAMS 0x0000000084200000, 0x0000000084200000| Untracked 
|  51|0x0000000084300000, 0x0000000084300000, 0x0000000084400000|  0%| F|  |TAMS 0x0000000084300000, 0x0000000084300000| Untracked 
|  52|0x0000000084400000, 0x0000000084400000, 0x0000000084500000|  0%| F|  |TAMS 0x0000000084400000, 0x0000000084400000| Untracked 
|  53|0x0000000084500000, 0x0000000084500000, 0x0000000084600000|  0%| F|  |TAMS 0x0000000084500000, 0x0000000084500000| Untracked 
|  54|0x0000000084600000, 0x0000000084600000, 0x0000000084700000|  0%| F|  |TAMS 0x0000000084600000, 0x0000000084600000| Untracked 
|  55|0x0000000084700000, 0x0000000084700000, 0x0000000084800000|  0%| F|  |TAMS 0x0000000084700000, 0x0000000084700000| Untracked 
|  56|0x0000000084800000, 0x0000000084800000, 0x0000000084900000|  0%| F|  |TAMS 0x0000000084800000, 0x0000000084800000| Untracked 
|  57|0x0000000084900000, 0x0000000084900000, 0x0000000084a00000|  0%| F|  |TAMS 0x0000000084900000, 0x0000000084900000| Untracked 
|  58|0x0000000084a00000, 0x0000000084a00000, 0x0000000084b00000|  0%| F|  |TAMS 0x0000000084a00000, 0x0000000084a00000| Untracked 
|  59|0x0000000084b00000, 0x0000000084b00000, 0x0000000084c00000|  0%| F|  |TAMS 0x0000000084b00000, 0x0000000084b00000| Untracked 
|  60|0x0000000084c00000, 0x0000000084c00000, 0x0000000084d00000|  0%| F|  |TAMS 0x0000000084c00000, 0x0000000084c00000| Untracked 
|  61|0x0000000084d00000, 0x0000000084d00000, 0x0000000084e00000|  0%| F|  |TAMS 0x0000000084d00000, 0x0000000084d00000| Untracked 
|  62|0x0000000084e00000, 0x0000000084e00000, 0x0000000084f00000|  0%| F|  |TAMS 0x0000000084e00000, 0x0000000084e00000| Untracked 
|  63|0x0000000084f00000, 0x0000000084f00000, 0x0000000085000000|  0%| F|  |TAMS 0x0000000084f00000, 0x0000000084f00000| Untracked 
|  64|0x0000000085000000, 0x0000000085000000, 0x0000000085100000|  0%| F|  |TAMS 0x0000000085000000, 0x0000000085000000| Untracked 
|  65|0x0000000085100000, 0x0000000085100000, 0x0000000085200000|  0%| F|  |TAMS 0x0000000085100000, 0x0000000085100000| Untracked 
|  66|0x0000000085200000, 0x0000000085200000, 0x0000000085300000|  0%| F|  |TAMS 0x0000000085200000, 0x0000000085200000| Untracked 
|  67|0x0000000085300000, 0x0000000085300000, 0x0000000085400000|  0%| F|  |TAMS 0x0000000085300000, 0x0000000085300000| Untracked 
|  68|0x0000000085400000, 0x0000000085400000, 0x0000000085500000|  0%| F|  |TAMS 0x0000000085400000, 0x0000000085400000| Untracked 
|  69|0x0000000085500000, 0x0000000085500000, 0x0000000085600000|  0%| F|  |TAMS 0x0000000085500000, 0x0000000085500000| Untracked 
|  70|0x0000000085600000, 0x0000000085600000, 0x0000000085700000|  0%| F|  |TAMS 0x0000000085600000, 0x0000000085600000| Untracked 
|  71|0x0000000085700000, 0x0000000085700000, 0x0000000085800000|  0%| F|  |TAMS 0x0000000085700000, 0x0000000085700000| Untracked 
|  72|0x0000000085800000, 0x0000000085800000, 0x0000000085900000|  0%| F|  |TAMS 0x0000000085800000, 0x0000000085800000| Untracked 
|  73|0x0000000085900000, 0x0000000085900000, 0x0000000085a00000|  0%| F|  |TAMS 0x0000000085900000, 0x0000000085900000| Untracked 
|  74|0x0000000085a00000, 0x0000000085a00000, 0x0000000085b00000|  0%| F|  |TAMS 0x0000000085a00000, 0x0000000085a00000| Untracked 
|  75|0x0000000085b00000, 0x0000000085b00000, 0x0000000085c00000|  0%| F|  |TAMS 0x0000000085b00000, 0x0000000085b00000| Untracked 
|  76|0x0000000085c00000, 0x0000000085c00000, 0x0000000085d00000|  0%| F|  |TAMS 0x0000000085c00000, 0x0000000085c00000| Untracked 
|  77|0x0000000085d00000, 0x0000000085d00000, 0x0000000085e00000|  0%| F|  |TAMS 0x0000000085d00000, 0x0000000085d00000| Untracked 
|  78|0x0000000085e00000, 0x0000000085e00000, 0x0000000085f00000|  0%| F|  |TAMS 0x0000000085e00000, 0x0000000085e00000| Untracked 
|  79|0x0000000085f00000, 0x0000000085f00000, 0x0000000086000000|  0%| F|  |TAMS 0x0000000085f00000, 0x0000000085f00000| Untracked 
|  80|0x0000000086000000, 0x0000000086000000, 0x0000000086100000|  0%| F|  |TAMS 0x0000000086000000, 0x0000000086000000| Untracked 
|  81|0x0000000086100000, 0x0000000086100000, 0x0000000086200000|  0%| F|  |TAMS 0x0000000086100000, 0x0000000086100000| Untracked 
|  82|0x0000000086200000, 0x0000000086200000, 0x0000000086300000|  0%| F|  |TAMS 0x0000000086200000, 0x0000000086200000| Untracked 
|  83|0x0000000086300000, 0x0000000086300000, 0x0000000086400000|  0%| F|  |TAMS 0x0000000086300000, 0x0000000086300000| Untracked 
|  84|0x0000000086400000, 0x00000000864d03f8, 0x0000000086500000| 81%| E|  |TAMS 0x0000000086400000, 0x0000000086400000| Complete 
|  85|0x0000000086500000, 0x0000000086600000, 0x0000000086600000|100%| E|CS|TAMS 0x0000000086500000, 0x0000000086500000| Complete 
|  86|0x0000000086600000, 0x0000000086700000, 0x0000000086700000|100%| E|CS|TAMS 0x0000000086600000, 0x0000000086600000| Complete 
|  87|0x0000000086700000, 0x0000000086800000, 0x0000000086800000|100%| E|CS|TAMS 0x0000000086700000, 0x0000000086700000| Complete 
|  88|0x0000000086800000, 0x0000000086900000, 0x0000000086900000|100%| E|CS|TAMS 0x0000000086800000, 0x0000000086800000| Complete 
|  89|0x0000000086900000, 0x0000000086a00000, 0x0000000086a00000|100%| E|CS|TAMS 0x0000000086900000, 0x0000000086900000| Complete 
|  90|0x0000000086a00000, 0x0000000086b00000, 0x0000000086b00000|100%| E|CS|TAMS 0x0000000086a00000, 0x0000000086a00000| Complete 
|  91|0x0000000086b00000, 0x0000000086c00000, 0x0000000086c00000|100%| E|CS|TAMS 0x0000000086b00000, 0x0000000086b00000| Complete 
|  92|0x0000000086c00000, 0x0000000086d00000, 0x0000000086d00000|100%| E|CS|TAMS 0x0000000086c00000, 0x0000000086c00000| Complete 
|  93|0x0000000086d00000, 0x0000000086e00000, 0x0000000086e00000|100%| E|CS|TAMS 0x0000000086d00000, 0x0000000086d00000| Complete 
|  94|0x0000000086e00000, 0x0000000086f00000, 0x0000000086f00000|100%| E|CS|TAMS 0x0000000086e00000, 0x0000000086e00000| Complete 
|  95|0x0000000086f00000, 0x0000000087000000, 0x0000000087000000|100%| E|CS|TAMS 0x0000000086f00000, 0x0000000086f00000| Complete 
|  96|0x0000000087000000, 0x0000000087100000, 0x0000000087100000|100%| E|CS|TAMS 0x0000000087000000, 0x0000000087000000| Complete 
|  97|0x0000000087100000, 0x0000000087200000, 0x0000000087200000|100%| E|CS|TAMS 0x0000000087100000, 0x0000000087100000| Complete 
|  98|0x0000000087200000, 0x0000000087300000, 0x0000000087300000|100%| E|CS|TAMS 0x0000000087200000, 0x0000000087200000| Complete 
|  99|0x0000000087300000, 0x000000008736c700, 0x0000000087400000| 42%| S|CS|TAMS 0x0000000087300000, 0x0000000087300000| Complete 
| 100|0x0000000087400000, 0x0000000087500000, 0x0000000087500000|100%| S|CS|TAMS 0x0000000087400000, 0x0000000087400000| Complete 
| 101|0x0000000087500000, 0x0000000087600000, 0x0000000087600000|100%| E|CS|TAMS 0x0000000087500000, 0x0000000087500000| Complete 
| 102|0x0000000087600000, 0x0000000087700000, 0x0000000087700000|100%| E|CS|TAMS 0x0000000087600000, 0x0000000087600000| Complete 
| 103|0x0000000087700000, 0x0000000087800000, 0x0000000087800000|100%| E|CS|TAMS 0x0000000087700000, 0x0000000087700000| Complete 
| 104|0x0000000087800000, 0x0000000087900000, 0x0000000087900000|100%| E|CS|TAMS 0x0000000087800000, 0x0000000087800000| Complete 
| 105|0x0000000087900000, 0x0000000087a00000, 0x0000000087a00000|100%| E|CS|TAMS 0x0000000087900000, 0x0000000087900000| Complete 
| 106|0x0000000087a00000, 0x0000000087b00000, 0x0000000087b00000|100%| E|CS|TAMS 0x0000000087a00000, 0x0000000087a00000| Complete 
| 107|0x0000000087b00000, 0x0000000087c00000, 0x0000000087c00000|100%| E|CS|TAMS 0x0000000087b00000, 0x0000000087b00000| Complete 
| 108|0x0000000087c00000, 0x0000000087d00000, 0x0000000087d00000|100%| E|CS|TAMS 0x0000000087c00000, 0x0000000087c00000| Complete 
| 109|0x0000000087d00000, 0x0000000087e00000, 0x0000000087e00000|100%| E|CS|TAMS 0x0000000087d00000, 0x0000000087d00000| Complete 
| 110|0x0000000087e00000, 0x0000000087f00000, 0x0000000087f00000|100%| E|CS|TAMS 0x0000000087e00000, 0x0000000087e00000| Complete 
| 111|0x0000000087f00000, 0x0000000088000000, 0x0000000088000000|100%| E|CS|TAMS 0x0000000087f00000, 0x0000000087f00000| Complete 
| 112|0x0000000088000000, 0x0000000088100000, 0x0000000088100000|100%| E|CS|TAMS 0x0000000088000000, 0x0000000088000000| Complete 
| 113|0x0000000088100000, 0x0000000088200000, 0x0000000088200000|100%| E|CS|TAMS 0x0000000088100000, 0x0000000088100000| Complete 
| 114|0x0000000088200000, 0x0000000088300000, 0x0000000088300000|100%| E|CS|TAMS 0x0000000088200000, 0x0000000088200000| Complete 
| 115|0x0000000088300000, 0x0000000088400000, 0x0000000088400000|100%| E|CS|TAMS 0x0000000088300000, 0x0000000088300000| Complete 
| 116|0x0000000088400000, 0x0000000088500000, 0x0000000088500000|100%| E|CS|TAMS 0x0000000088400000, 0x0000000088400000| Complete 
| 117|0x0000000088500000, 0x0000000088600000, 0x0000000088600000|100%| E|CS|TAMS 0x0000000088500000, 0x0000000088500000| Complete 
| 118|0x0000000088600000, 0x0000000088700000, 0x0000000088700000|100%| E|CS|TAMS 0x0000000088600000, 0x0000000088600000| Complete 
| 119|0x0000000088700000, 0x0000000088800000, 0x0000000088800000|100%| E|CS|TAMS 0x0000000088700000, 0x0000000088700000| Complete 
| 120|0x0000000088800000, 0x0000000088900000, 0x0000000088900000|100%| E|CS|TAMS 0x0000000088800000, 0x0000000088800000| Complete 
| 121|0x0000000088900000, 0x0000000088a00000, 0x0000000088a00000|100%| E|CS|TAMS 0x0000000088900000, 0x0000000088900000| Complete 
| 122|0x0000000088a00000, 0x0000000088b00000, 0x0000000088b00000|100%| E|CS|TAMS 0x0000000088a00000, 0x0000000088a00000| Complete 
| 123|0x0000000088b00000, 0x0000000088c00000, 0x0000000088c00000|100%| E|CS|TAMS 0x0000000088b00000, 0x0000000088b00000| Complete 
| 124|0x0000000088c00000, 0x0000000088d00000, 0x0000000088d00000|100%| E|CS|TAMS 0x0000000088c00000, 0x0000000088c00000| Complete 
| 125|0x0000000088d00000, 0x0000000088e00000, 0x0000000088e00000|100%| E|CS|TAMS 0x0000000088d00000, 0x0000000088d00000| Complete 
| 126|0x0000000088e00000, 0x0000000088f00000, 0x0000000088f00000|100%| E|  |TAMS 0x0000000088e00000, 0x0000000088e00000| Complete 
| 127|0x0000000088f00000, 0x0000000089000000, 0x0000000089000000|100%| E|CS|TAMS 0x0000000088f00000, 0x0000000088f00000| Complete 

Card table byte_map: [0x000001fd970a0000,0x000001fd974a0000] _byte_map_base: 0x000001fd96c98000

Marking Bits (Prev, Next): (CMBitMap*) 0x000001fd8009f680, (CMBitMap*) 0x000001fd8009f6c0
 Prev Bits: [0x000001fd978a0000, 0x000001fd99860000)
 Next Bits: [0x000001fd99860000, 0x000001fd9b820000)

Polling page: 0x000001fdff7c0000

Metaspace:

Usage:
  Non-class:     16.89 MB used.
      Class:      2.28 MB used.
       Both:     19.17 MB used.

Virtual space:
  Non-class space:       64.00 MB reserved,      17.00 MB ( 27%) committed,  1 nodes.
      Class space:        1.00 GB reserved,       2.38 MB ( <1%) committed,  1 nodes.
             Both:        1.06 GB reserved,      19.38 MB (  2%) committed. 

Chunk freelists:
   Non-Class:  2.58 MB
       Class:  1.59 MB
        Both:  4.17 MB

MaxMetaspaceSize: unlimited
CompressedClassSpaceSize: 1.00 GB
Initial GC threshold: 21.00 MB
Current GC threshold: 21.00 MB
CDS: on
MetaspaceReclaimPolicy: balanced
 - commit_granule_bytes: 65536.
 - commit_granule_words: 8192.
 - virtual_space_node_default_size: 8388608.
 - enlarge_chunks_in_place: 1.
 - new_chunks_are_fully_committed: 0.
 - uncommit_free_chunks: 1.
 - use_allocation_guard: 0.


Internal statistics:

num_allocs_failed_limit: 0.
num_arena_births: 206.
num_arena_deaths: 0.
num_vsnodes_births: 2.
num_vsnodes_deaths: 0.
num_space_committed: 310.
num_space_uncommitted: 0.
num_chunks_returned_to_freelist: 0.
num_chunks_taken_from_freelist: 863.
num_chunk_merges: 0.
num_chunk_splits: 589.
num_chunks_enlarged: 486.
num_inconsistent_stats: 0.

CodeHeap 'non-profiled nmethods': size=120000Kb used=1053Kb max_used=1053Kb free=118946Kb
 bounds [0x000001fd8f440000, 0x000001fd8f6b0000, 0x000001fd96970000]
CodeHeap 'profiled nmethods': size=120000Kb used=6263Kb max_used=6263Kb free=113736Kb
 bounds [0x000001fd87f10000, 0x000001fd88530000, 0x000001fd8f440000]
CodeHeap 'non-nmethods': size=5760Kb used=1190Kb max_used=1224Kb free=4569Kb
 bounds [0x000001fd87970000, 0x000001fd87be0000, 0x000001fd87f10000]
 total_blobs=3361 nmethods=2888 adapters=384
 compilation: enabled
              stopped_count=0, restarted_count=0
 full_count=0

Compilation events (20 events):
Event: 1.629 Thread 0x000001fd9e22f0c0 nmethod 2862 0x000001fd8f545690 code [0x000001fd8f545820, 0x000001fd8f5458f8]
Event: 1.629 Thread 0x000001fd9e22f0c0 2863       1       org.springframework.context.annotation.ConfigurationClassBeanDefinitionReader$ConfigurationClassBeanDefinition::getMetadata (5 bytes)
Event: 1.629 Thread 0x000001fd9e22f0c0 nmethod 2863 0x000001fd8f545990 code [0x000001fd8f545b20, 0x000001fd8f545bf8]
Event: 1.630 Thread 0x000001fda3e7f630 nmethod 2842 0x000001fd8f545c90 code [0x000001fd8f545e20, 0x000001fd8f546268]
Event: 1.630 Thread 0x000001fda3e7f630 2840       4       org.springframework.beans.factory.BeanFactoryUtils::transformedBeanName (35 bytes)
Event: 1.632 Thread 0x000001fda3e7f630 nmethod 2840 0x000001fd8f546510 code [0x000001fd8f5466a0, 0x000001fd8f5467e8]
Event: 1.632 Thread 0x000001fda3e7f630 2792       4       java.lang.String::lastIndexOf (12 bytes)
Event: 1.634 Thread 0x000001fd9e22f0c0 2864       3       sun.reflect.annotation.AnnotationParser::parseAnnotations2 (135 bytes)
Event: 1.636 Thread 0x000001fd9e22f0c0 nmethod 2864 0x000001fd8850b710 code [0x000001fd8850ba60, 0x000001fd8850cc18]
Event: 1.636 Thread 0x000001fd9e22f0c0 2866       3       org.springframework.context.annotation.ConditionEvaluator::getCondition (14 bytes)
Event: 1.636 Thread 0x000001fd9e22f0c0 nmethod 2866 0x000001fd8850d390 code [0x000001fd8850d540, 0x000001fd8850d7b8]
Event: 1.636 Thread 0x000001fd9e22f0c0 2865       1       org.springframework.context.annotation.ConfigurationClass::getResource (5 bytes)
Event: 1.636 Thread 0x000001fd9e22f0c0 nmethod 2865 0x000001fd8f546a10 code [0x000001fd8f546ba0, 0x000001fd8f546c78]
Event: 1.636 Thread 0x000001fd9e22f0c0 2867       1       org.springframework.core.type.classreading.SimpleMethodMetadata::getMethodName (5 bytes)
Event: 1.636 Thread 0x000001fd9e22f0c0 nmethod 2867 0x000001fd8f546d10 code [0x000001fd8f546ea0, 0x000001fd8f546f78]
Event: 1.636 Thread 0x000001fda3e7f630 nmethod 2792 0x000001fd8f547010 code [0x000001fd8f5471a0, 0x000001fd8f547398]
Event: 1.636 Thread 0x000001fda3e7f630 2771       4       java.lang.invoke.MethodType$ConcurrentWeakInternSet::get (47 bytes)
Event: 1.638 Thread 0x000001fd9e22f0c0 2868       3       org.springframework.core.env.SystemEnvironmentPropertySource::resolvePropertyName (45 bytes)
Event: 1.638 Thread 0x000001fd9e22f0c0 nmethod 2868 0x000001fd8850d890 code [0x000001fd8850dac0, 0x000001fd8850e1d8]
Event: 1.638 Thread 0x000001fd9e22f0c0 2873   !   3       org.springframework.beans.factory.support.AbstractBeanFactory::doGetBean (832 bytes)

GC Heap History (4 events):
Event: 0.656 GC heap before
{Heap before GC invocations=0 (full 0):
 garbage-first heap   total 131072K, used 23552K [0x0000000081000000, 0x0000000100000000)
  region size 1024K, 23 young (23552K), 0 survivors (0K)
 Metaspace       used 6272K, committed 6464K, reserved 1114112K
  class space    used 724K, committed 832K, reserved 1048576K
}
Event: 0.662 GC heap after
{Heap after GC invocations=1 (full 0):
 garbage-first heap   total 131072K, used 7364K [0x0000000081000000, 0x0000000100000000)
  region size 1024K, 3 young (3072K), 3 survivors (3072K)
 Metaspace       used 6272K, committed 6464K, reserved 1114112K
  class space    used 724K, committed 832K, reserved 1048576K
}
Event: 0.990 GC heap before
{Heap before GC invocations=1 (full 0):
 garbage-first heap   total 131072K, used 30916K [0x0000000081000000, 0x0000000100000000)
  region size 1024K, 27 young (27648K), 3 survivors (3072K)
 Metaspace       used 13018K, committed 13184K, reserved 1114112K
  class space    used 1547K, committed 1600K, reserved 1048576K
}
Event: 0.994 GC heap after
{Heap after GC invocations=2 (full 0):
 garbage-first heap   total 131072K, used 8819K [0x0000000081000000, 0x0000000100000000)
  region size 1024K, 2 young (2048K), 2 survivors (2048K)
 Metaspace       used 13018K, committed 13184K, reserved 1114112K
  class space    used 1547K, committed 1600K, reserved 1048576K
}

Deoptimization events (20 events):
Event: 1.497 Thread 0x000001fd8003e8c0 Uncommon trap: trap_request=0xffffffde fr.pc=0x000001fd8f4abd88 relative=0x0000000000000188
Event: 1.497 Thread 0x000001fd8003e8c0 Uncommon trap: reason=class_check action=maybe_recompile pc=0x000001fd8f4abd88 method=java.lang.String.equals(Ljava/lang/Object;)Z @ 8 c2
Event: 1.497 Thread 0x000001fd8003e8c0 DEOPT PACKING pc=0x000001fd8f4abd88 sp=0x00000090346feab0
Event: 1.497 Thread 0x000001fd8003e8c0 DEOPT UNPACKING pc=0x000001fd879c23a3 sp=0x00000090346fea38 mode 2
Event: 1.497 Thread 0x000001fd8003e8c0 Uncommon trap: trap_request=0xffffffde fr.pc=0x000001fd8f4abd88 relative=0x0000000000000188
Event: 1.497 Thread 0x000001fd8003e8c0 Uncommon trap: reason=class_check action=maybe_recompile pc=0x000001fd8f4abd88 method=java.lang.String.equals(Ljava/lang/Object;)Z @ 8 c2
Event: 1.497 Thread 0x000001fd8003e8c0 DEOPT PACKING pc=0x000001fd8f4abd88 sp=0x00000090346feab0
Event: 1.497 Thread 0x000001fd8003e8c0 DEOPT UNPACKING pc=0x000001fd879c23a3 sp=0x00000090346fea38 mode 2
Event: 1.498 Thread 0x000001fd8003e8c0 Uncommon trap: trap_request=0xffffffde fr.pc=0x000001fd8f5133f0 relative=0x00000000000001d0
Event: 1.498 Thread 0x000001fd8003e8c0 Uncommon trap: reason=class_check action=maybe_recompile pc=0x000001fd8f5133f0 method=java.lang.String.equals(Ljava/lang/Object;)Z @ 8 c2
Event: 1.498 Thread 0x000001fd8003e8c0 DEOPT PACKING pc=0x000001fd8f5133f0 sp=0x00000090346fe790
Event: 1.498 Thread 0x000001fd8003e8c0 DEOPT UNPACKING pc=0x000001fd879c23a3 sp=0x00000090346fe6a8 mode 2
Event: 1.498 Thread 0x000001fd8003e8c0 Uncommon trap: trap_request=0xffffffde fr.pc=0x000001fd8f4abd88 relative=0x0000000000000188
Event: 1.498 Thread 0x000001fd8003e8c0 Uncommon trap: reason=class_check action=maybe_recompile pc=0x000001fd8f4abd88 method=java.lang.String.equals(Ljava/lang/Object;)Z @ 8 c2
Event: 1.498 Thread 0x000001fd8003e8c0 DEOPT PACKING pc=0x000001fd8f4abd88 sp=0x00000090346fe700
Event: 1.498 Thread 0x000001fd8003e8c0 DEOPT UNPACKING pc=0x000001fd879c23a3 sp=0x00000090346fe698 mode 2
Event: 1.509 Thread 0x000001fd8003e8c0 Uncommon trap: trap_request=0xffffff45 fr.pc=0x000001fd8f4c53b8 relative=0x0000000000000118
Event: 1.509 Thread 0x000001fd8003e8c0 Uncommon trap: reason=unstable_if action=reinterpret pc=0x000001fd8f4c53b8 method=java.util.Arrays.equals([Ljava/lang/Object;[Ljava/lang/Object;)Z @ 44 c2
Event: 1.509 Thread 0x000001fd8003e8c0 DEOPT PACKING pc=0x000001fd8f4c53b8 sp=0x00000090346fe040
Event: 1.509 Thread 0x000001fd8003e8c0 DEOPT UNPACKING pc=0x000001fd879c23a3 sp=0x00000090346fdfe0 mode 2

Classes loaded (20 events):
Event: 1.156 Loading class javax/naming/directory/DirContext done
Event: 1.156 Loading class javax/naming/ldap/LdapContext done
Event: 1.326 Loading class java/nio/charset/CharacterCodingException
Event: 1.327 Loading class java/nio/charset/CharacterCodingException done
Event: 1.460 Loading class java/util/stream/Streams$RangeIntSpliterator
Event: 1.460 Loading class java/util/stream/Streams$RangeIntSpliterator done
Event: 1.461 Loading class java/util/stream/IntPipeline$1
Event: 1.461 Loading class java/util/stream/IntPipeline$1 done
Event: 1.461 Loading class java/util/stream/IntPipeline$1$1
Event: 1.461 Loading class java/util/stream/IntPipeline$1$1 done
Event: 1.468 Loading class java/util/stream/Streams$ConcatSpliterator$OfRef
Event: 1.468 Loading class java/util/stream/Streams$ConcatSpliterator
Event: 1.468 Loading class java/util/stream/Streams$ConcatSpliterator done
Event: 1.468 Loading class java/util/stream/Streams$ConcatSpliterator$OfRef done
Event: 1.469 Loading class java/util/stream/Streams$2
Event: 1.469 Loading class java/util/stream/Streams$2 done
Event: 1.490 Loading class java/util/stream/ReferencePipeline$15
Event: 1.490 Loading class java/util/stream/ReferencePipeline$15 done
Event: 1.490 Loading class java/util/stream/ReferencePipeline$15$1
Event: 1.490 Loading class java/util/stream/ReferencePipeline$15$1 done

Classes unloaded (0 events):
No events

Classes redefined (0 events):
No events

Internal exceptions (20 events):
Event: 1.015 Thread 0x000001fd8003e8c0 Exception <a 'java/lang/ClassNotFoundException'{0x0000000088dc0fa0}: org/springframework/core/OrderedCustomizer> (0x0000000088dc0fa0) 
thrown [s\open\src\hotspot\share\classfile\systemDictionary.cpp, line 255]
Event: 1.016 Thread 0x000001fd8003e8c0 Exception <a 'java/lang/ClassNotFoundException'{0x0000000088dc4a50}: org/springframework/context/ResourceLoaderAwareCustomizer> (0x0000000088dc4a50) 
thrown [s\open\src\hotspot\share\classfile\systemDictionary.cpp, line 255]
Event: 1.016 Thread 0x000001fd8003e8c0 Exception <a 'java/lang/ClassNotFoundException'{0x0000000088dc8698}: org/springframework/beans/factory/AwareCustomizer> (0x0000000088dc8698) 
thrown [s\open\src\hotspot\share\classfile\systemDictionary.cpp, line 255]
Event: 1.016 Thread 0x000001fd8003e8c0 Exception <a 'java/lang/ClassNotFoundException'{0x0000000088dcb258}: org/springframework/context/ApplicationStartupAwareCustomizer> (0x0000000088dcb258) 
thrown [s\open\src\hotspot\share\classfile\systemDictionary.cpp, line 255]
Event: 1.017 Thread 0x000001fd8003e8c0 Exception <a 'java/lang/ClassNotFoundException'{0x0000000088dcf128}: org/springframework/beans/factory/AwareCustomizer> (0x0000000088dcf128) 
thrown [s\open\src\hotspot\share\classfile\systemDictionary.cpp, line 255]
Event: 1.017 Thread 0x000001fd8003e8c0 Exception <a 'java/lang/ClassNotFoundException'{0x0000000088dd1d20}: org/springframework/beans/factory/BeanClassLoaderAwareCustomizer> (0x0000000088dd1d20) 
thrown [s\open\src\hotspot\share\classfile\systemDictionary.cpp, line 255]
Event: 1.017 Thread 0x000001fd8003e8c0 Exception <a 'java/lang/ClassNotFoundException'{0x0000000088dd5fa0}: org/springframework/beans/factory/AwareCustomizer> (0x0000000088dd5fa0) 
thrown [s\open\src\hotspot\share\classfile\systemDictionary.cpp, line 255]
Event: 1.017 Thread 0x000001fd8003e8c0 Exception <a 'java/lang/ClassNotFoundException'{0x0000000088dd8948}: org/springframework/context/EnvironmentAwareCustomizer> (0x0000000088dd8948) 
thrown [s\open\src\hotspot\share\classfile\systemDictionary.cpp, line 255]
Event: 1.018 Thread 0x000001fd8003e8c0 Exception <a 'java/lang/ClassNotFoundException'{0x0000000088ddc510}: org/springframework/beans/factory/AwareCustomizer> (0x0000000088ddc510) 
thrown [s\open\src\hotspot\share\classfile\systemDictionary.cpp, line 255]
Event: 1.028 Thread 0x000001fd9e223c00 Exception <a 'java/lang/NoSuchMethodError'{0x0000000088cf84f0}: 'long java.lang.invoke.DirectMethodHandle$Holder.invokeSpecial(java.lang.Object, java.lang.Object)'> (0x0000000088cf84f0) 
thrown [s\open\src\hotspot\share\interpreter\linkResolver.cpp, line 759]
Event: 1.029 Thread 0x000001fd9e223c00 Exception <a 'java/lang/NoSuchMethodError'{0x0000000088b03c98}: 'long java.lang.invoke.DirectMethodHandle$Holder.invokeStatic(java.lang.Object, java.lang.Object)'> (0x0000000088b03c98) 
thrown [s\open\src\hotspot\share\interpreter\linkResolver.cpp, line 759]
Event: 1.029 Thread 0x000001fd9e223c00 Exception <a 'java/lang/NoSuchMethodError'{0x0000000088b07290}: 'long java.lang.invoke.DirectMethodHandle$Holder.invokeStaticInit(java.lang.Object, java.lang.Object)'> (0x0000000088b07290) 
thrown [s\open\src\hotspot\share\interpreter\linkResolver.cpp, line 759]
Event: 1.031 Thread 0x000001fd9e223c00 Exception <a 'java/lang/NoSuchMethodError'{0x0000000088b156e8}: 'long java.lang.invoke.DirectMethodHandle$Holder.invokeInterface(java.lang.Object, java.lang.Object)'> (0x0000000088b156e8) 
thrown [s\open\src\hotspot\share\interpreter\linkResolver.cpp, line 759]
Event: 1.031 Thread 0x000001fd9e223c00 Exception <a 'java/lang/IncompatibleClassChangeError'{0x0000000088b18c70}: Found class java.lang.Object, but interface was expected> (0x0000000088b18c70) 
thrown [s\open\src\hotspot\share\interpreter\linkResolver.cpp, line 826]
Event: 1.037 Thread 0x000001fd8003e8c0 Exception <a 'java/lang/NoSuchMethodError'{0x0000000088b80440}: 'java.lang.Object java.lang.invoke.DirectMethodHandle$Holder.invokeVirtual(java.lang.Object, java.lang.Object, java.lang.Object)'> (0x0000000088b80440) 
thrown [s\open\src\hotspot\share\interpreter\linkResolver.cpp, line 759]
Event: 1.038 Thread 0x000001fd9e223c00 Exception <a 'java/lang/NoSuchMethodError'{0x0000000088a0d1b8}: 'java.lang.Object java.lang.invoke.DirectMethodHandle$Holder.invokeVirtual(java.lang.Object, java.lang.Object, java.lang.Object, java.lang.Object)'> (0x0000000088a0d1b8) 
thrown [s\open\src\hotspot\share\interpreter\linkResolver.cpp, line 759]
Event: 1.045 Thread 0x000001fd9e21a150 Exception <a 'java/lang/NoSuchMethodError'{0x0000000088a5e5c8}: 'java.lang.Object java.lang.invoke.DirectMethodHandle$Holder.invokeStaticInit(java.lang.Object, int)'> (0x0000000088a5e5c8) 
thrown [s\open\src\hotspot\share\interpreter\linkResolver.cpp, line 759]
Event: 1.181 Thread 0x000001fd8003e8c0 Exception <a 'java/lang/IncompatibleClassChangeError'{0x00000000881c5fd0}: Found class java.lang.Object, but interface was expected> (0x00000000881c5fd0) 
thrown [s\open\src\hotspot\share\interpreter\linkResolver.cpp, line 826]
Event: 1.201 Thread 0x000001fd8003e8c0 Exception <a 'java/lang/NoSuchMethodError'{0x0000000087f0c8c0}: 'void java.lang.invoke.DirectMethodHandle$Holder.invokeInterface(java.lang.Object, java.lang.Object, java.lang.Object, java.lang.Object)'> (0x0000000087f0c8c0) 
thrown [s\open\src\hotspot\share\interpreter\linkResolver.cpp, line 759]
Event: 1.461 Thread 0x000001fd8003e8c0 Exception <a 'java/lang/NoSuchMethodError'{0x0000000086e4d130}: 'java.lang.Object java.lang.invoke.DirectMethodHandle$Holder.invokeStatic(java.lang.Object, java.lang.Object, java.lang.Object, java.lang.Object, int)'> (0x0000000086e4d130) 
thrown [s\open\src\hotspot\share\interpreter\linkResolver.cpp, line 759]

VM Operations (20 events):
Event: 0.932 Executing VM operation: ICBufferFull
Event: 0.933 Executing VM operation: ICBufferFull done
Event: 0.990 Executing VM operation: G1CollectForAllocation
Event: 0.994 Executing VM operation: G1CollectForAllocation done
Event: 1.010 Executing VM operation: HandshakeAllThreads
Event: 1.010 Executing VM operation: HandshakeAllThreads done
Event: 1.031 Executing VM operation: HandshakeAllThreads
Event: 1.031 Executing VM operation: HandshakeAllThreads done
Event: 1.233 Executing VM operation: ICBufferFull
Event: 1.233 Executing VM operation: ICBufferFull done
Event: 1.420 Executing VM operation: HandshakeAllThreads
Event: 1.420 Executing VM operation: HandshakeAllThreads done
Event: 1.438 Executing VM operation: HandshakeAllThreads
Event: 1.438 Executing VM operation: HandshakeAllThreads done
Event: 1.438 Executing VM operation: HandshakeAllThreads
Event: 1.438 Executing VM operation: HandshakeAllThreads done
Event: 1.455 Executing VM operation: ICBufferFull
Event: 1.456 Executing VM operation: ICBufferFull done
Event: 1.457 Executing VM operation: HandshakeAllThreads
Event: 1.457 Executing VM operation: HandshakeAllThreads done

Events (20 events):
Event: 0.039 Thread 0x000001fd9e232ac0 Thread added: 0x000001fd9e232ac0
Event: 0.112 Thread 0x000001fd9e223730 Thread added: 0x000001fd9e223730
Event: 0.128 Loaded shared library C:\Program Files\Java\jdk-18.0.2\bin\zip.dll
Event: 0.131 Loaded shared library C:\Program Files\Java\jdk-18.0.2\bin\instrument.dll
Event: 0.137 Loaded shared library C:\Program Files\Java\jdk-18.0.2\bin\net.dll
Event: 0.138 Loaded shared library C:\Program Files\Java\jdk-18.0.2\bin\nio.dll
Event: 0.141 Loaded shared library C:\Program Files\Java\jdk-18.0.2\bin\zip.dll
Event: 0.158 Thread 0x000001fda254f4b0 Thread added: 0x000001fda254f4b0
Event: 0.217 Loaded shared library C:\Program Files\JetBrains\IntelliJ IDEA Community Edition 2022.2\bin\breakgen64.dll
Event: 0.218 Thread 0x000001fd9e2223f0 Thread added: 0x000001fd9e2223f0
Event: 0.218 Thread 0x000001fd9e2210b0 Thread added: 0x000001fd9e2210b0
Event: 0.242 Loaded shared library C:\Program Files\Java\jdk-18.0.2\bin\verify.dll
Event: 0.246 Loaded shared library C:\Program Files\Java\jdk-18.0.2\bin\jimage.dll
Event: 0.741 Loaded shared library C:\Program Files\Java\jdk-18.0.2\bin\management.dll
Event: 0.744 Loaded shared library C:\Program Files\Java\jdk-18.0.2\bin\management_ext.dll
Event: 0.809 Thread 0x000001fd9e223c00 Thread added: 0x000001fd9e223c00
Event: 1.042 Thread 0x000001fd9e223c00 Thread exited: 0x000001fd9e223c00
Event: 1.146 Thread 0x000001fd9e221580 Thread added: 0x000001fd9e221580
Event: 1.162 Thread 0x000001fd9e221580 Thread exited: 0x000001fd9e221580
Event: 1.621 Thread 0x000001fda3e7f630 Thread added: 0x000001fda3e7f630


Dynamic libraries:
0x00007ff6f8230000 - 0x00007ff6f8240000 	C:\Program Files\Java\jdk-18.0.2\bin\java.exe
0x00007ffa4b9d0000 - 0x00007ffa4bbc8000 	C:\WINDOWS\SYSTEM32\ntdll.dll
0x00007ffa4ada0000 - 0x00007ffa4ae5d000 	C:\WINDOWS\System32\KERNEL32.DLL
0x00007ffa493a0000 - 0x00007ffa4966e000 	C:\WINDOWS\System32\KERNELBASE.dll
0x00007ffa49200000 - 0x00007ffa49300000 	C:\WINDOWS\System32\ucrtbase.dll
0x00007ffa3cea0000 - 0x00007ffa3ceb8000 	C:\Program Files\Java\jdk-18.0.2\bin\jli.dll
0x00007ffa3d5e0000 - 0x00007ffa3d5fa000 	C:\Program Files\Java\jdk-18.0.2\bin\VCRUNTIME140.dll
0x00007ffa49f00000 - 0x00007ffa49fae000 	C:\WINDOWS\System32\ADVAPI32.dll
0x00007ffa4b3c0000 - 0x00007ffa4b45e000 	C:\WINDOWS\System32\msvcrt.dll
0x00007ffa4a0a0000 - 0x00007ffa4a13c000 	C:\WINDOWS\System32\sechost.dll
0x00007ffa4b290000 - 0x00007ffa4b3b5000 	C:\WINDOWS\System32\RPCRT4.dll
0x00007ffa49ac0000 - 0x00007ffa49c60000 	C:\WINDOWS\System32\USER32.dll
0x00007ffa365f0000 - 0x00007ffa3688a000 	C:\WINDOWS\WinSxS\amd64_microsoft.windows.common-controls_6595b64144ccf1df_6.0.19041.1110_none_60b5254171f9507e\COMCTL32.dll
0x00007ffa49950000 - 0x00007ffa49972000 	C:\WINDOWS\System32\win32u.dll
0x00007ffa4aba0000 - 0x00007ffa4abca000 	C:\WINDOWS\System32\GDI32.dll
0x00007ffa490f0000 - 0x00007ffa491fb000 	C:\WINDOWS\System32\gdi32full.dll
0x00007ffa49300000 - 0x00007ffa4939d000 	C:\WINDOWS\System32\msvcp_win.dll
0x00007ffa42b70000 - 0x00007ffa42b7a000 	C:\WINDOWS\SYSTEM32\VERSION.dll
0x00007ffa4a340000 - 0x00007ffa4a370000 	C:\WINDOWS\System32\IMM32.DLL
0x00007ffa3ce90000 - 0x00007ffa3ce9c000 	C:\Program Files\Java\jdk-18.0.2\bin\vcruntime140_1.dll
0x00007ffa3c830000 - 0x00007ffa3c8bd000 	C:\Program Files\Java\jdk-18.0.2\bin\msvcp140.dll
0x00007ff9e9430000 - 0x00007ff9ea041000 	C:\Program Files\Java\jdk-18.0.2\bin\server\jvm.dll
0x00007ffa4a090000 - 0x00007ffa4a098000 	C:\WINDOWS\System32\PSAPI.DLL
0x00007ffa405f0000 - 0x00007ffa40617000 	C:\WINDOWS\SYSTEM32\WINMM.dll
0x00007ffa35650000 - 0x00007ffa35659000 	C:\WINDOWS\SYSTEM32\WSOCK32.dll
0x00007ffa4b220000 - 0x00007ffa4b28b000 	C:\WINDOWS\System32\WS2_32.dll
0x00007ffa47010000 - 0x00007ffa47022000 	C:\WINDOWS\SYSTEM32\kernel.appcore.dll
0x00007ffa3ce80000 - 0x00007ffa3ce8a000 	C:\Program Files\Java\jdk-18.0.2\bin\jimage.dll
0x00007ffa42d30000 - 0x00007ffa42f14000 	C:\WINDOWS\SYSTEM32\DBGHELP.DLL
0x00007ffa42640000 - 0x00007ffa4266c000 	C:\WINDOWS\SYSTEM32\dbgcore.DLL
0x00007ffa49670000 - 0x00007ffa496f2000 	C:\WINDOWS\System32\bcryptPrimitives.dll
0x00007ffa3c540000 - 0x00007ffa3c54e000 	C:\Program Files\Java\jdk-18.0.2\bin\instrument.dll
0x00007ffa3c3a0000 - 0x00007ffa3c3c5000 	C:\Program Files\Java\jdk-18.0.2\bin\java.dll
0x00007ffa2c4d0000 - 0x00007ffa2c5a6000 	C:\Program Files\Java\jdk-18.0.2\bin\jsvml.dll
0x00007ffa4a370000 - 0x00007ffa4aab4000 	C:\WINDOWS\System32\SHELL32.dll
0x00007ffa47210000 - 0x00007ffa479a4000 	C:\WINDOWS\SYSTEM32\windows.storage.dll
0x00007ffa4ae60000 - 0x00007ffa4b1b4000 	C:\WINDOWS\System32\combase.dll
0x00007ffa48b50000 - 0x00007ffa48b80000 	C:\WINDOWS\SYSTEM32\Wldp.dll
0x00007ffa4a290000 - 0x00007ffa4a33d000 	C:\WINDOWS\System32\SHCORE.dll
0x00007ffa4b460000 - 0x00007ffa4b4b5000 	C:\WINDOWS\System32\shlwapi.dll
0x00007ffa49030000 - 0x00007ffa4904f000 	C:\WINDOWS\SYSTEM32\profapi.dll
0x00007ffa3c2f0000 - 0x00007ffa3c308000 	C:\Program Files\Java\jdk-18.0.2\bin\zip.dll
0x00007ffa3c380000 - 0x00007ffa3c393000 	C:\Program Files\Java\jdk-18.0.2\bin\net.dll
0x00007ffa3d8d0000 - 0x00007ffa3d9da000 	C:\WINDOWS\SYSTEM32\WINHTTP.dll
0x00007ffa488b0000 - 0x00007ffa4891a000 	C:\WINDOWS\system32\mswsock.dll
0x00007ffa3c360000 - 0x00007ffa3c376000 	C:\Program Files\Java\jdk-18.0.2\bin\nio.dll
0x00007ffa3c420000 - 0x00007ffa3c43a000 	C:\Program Files\JetBrains\IntelliJ IDEA Community Edition 2022.2\bin\breakgen64.dll
0x00007ffa3c790000 - 0x00007ffa3c7a0000 	C:\Program Files\Java\jdk-18.0.2\bin\verify.dll
0x00007ffa3c530000 - 0x00007ffa3c539000 	C:\Program Files\Java\jdk-18.0.2\bin\management.dll
0x00007ffa3c440000 - 0x00007ffa3c44b000 	C:\Program Files\Java\jdk-18.0.2\bin\management_ext.dll
0x00007ffa333f0000 - 0x00007ffa33407000 	C:\WINDOWS\system32\napinsp.dll
0x00007ffa32bf0000 - 0x00007ffa32c0b000 	C:\WINDOWS\system32\pnrpnsp.dll
0x00007ffa33230000 - 0x00007ffa33245000 	C:\WINDOWS\system32\wshbth.dll
0x00007ffa44440000 - 0x00007ffa4445d000 	C:\WINDOWS\system32\NLAapi.dll
0x00007ffa48550000 - 0x00007ffa4858b000 	C:\WINDOWS\SYSTEM32\IPHLPAPI.DLL
0x00007ffa485a0000 - 0x00007ffa4866b000 	C:\WINDOWS\SYSTEM32\DNSAPI.dll
0x00007ffa49ab0000 - 0x00007ffa49ab8000 	C:\WINDOWS\System32\NSI.dll
0x00007ffa33210000 - 0x00007ffa33222000 	C:\WINDOWS\System32\winrnr.dll
0x00007ffa3cfe0000 - 0x00007ffa3cfea000 	C:\Windows\System32\rasadhlp.dll
0x00007ffa3d850000 - 0x00007ffa3d8d0000 	C:\WINDOWS\System32\fwpuclnt.dll
0x00007ffa498b0000 - 0x00007ffa498d7000 	C:\WINDOWS\System32\bcrypt.dll

dbghelp: loaded successfully - version: 4.0.5 - missing functions: none
symbol engine: initialized successfully - sym options: 0x614 - pdb path: .;C:\Program Files\Java\jdk-18.0.2\bin;C:\WINDOWS\SYSTEM32;C:\WINDOWS\WinSxS\amd64_microsoft.windows.common-controls_6595b64144ccf1df_6.0.19041.1110_none_60b5254171f9507e;C:\Program Files\Java\jdk-18.0.2\bin\server;C:\Program Files\JetBrains\IntelliJ IDEA Community Edition 2022.2\bin

VM Arguments:
jvm_args: -javaagent:C:\Program Files\JetBrains\IntelliJ IDEA Community Edition 2022.2\lib\idea_rt.jar=51997:C:\Program Files\JetBrains\IntelliJ IDEA Community Edition 2022.2\bin -Dfile.encoding=UTF-8 
java_command: com.example.library.LibraryApplication
java_class_path (initial): C:\Users\Bayram\Desktop\lib\target\classes;C:\Users\Bayram\.m2\repository\org\springframework\boot\spring-boot-starter-data-jpa\2.7.1\spring-boot-starter-data-jpa-2.7.1.jar;C:\Users\Bayram\.m2\repository\org\springframework\boot\spring-boot-starter-aop\2.7.1\spring-boot-starter-aop-2.7.1.jar;C:\Users\Bayram\.m2\repository\org\aspectj\aspectjweaver\1.9.7\aspectjweaver-1.9.7.jar;C:\Users\Bayram\.m2\repository\jakarta\transaction\jakarta.transaction-api\1.3.3\jakarta.transaction-api-1.3.3.jar;C:\Users\Bayram\.m2\repository\jakarta\persistence\jakarta.persistence-api\2.2.3\jakarta.persistence-api-2.2.3.jar;C:\Users\Bayram\.m2\repository\org\hibernate\hibernate-core\5.6.9.Final\hibernate-core-5.6.9.Final.jar;C:\Users\Bayram\.m2\repository\org\jboss\logging\jboss-logging\3.4.3.Final\jboss-logging-3.4.3.Final.jar;C:\Users\Bayram\.m2\repository\net\bytebuddy\byte-buddy\1.12.11\byte-buddy-1.12.11.jar;C:\Users\Bayram\.m2\repository\antlr\antlr\2.7.7\antlr-2.7.7.jar;C:\Users\Bayram\.m2\repository\org\jboss\jandex\2.4.2.Final\jandex-2.4.2.Final.jar;C:\Users\Bayram\.m2\repository\com\fasterxml\classmate\1.5.1\classmate-1.5.1.jar;C:\Users\Bayram\.m2\repository\org\hibernate\common\hibernate-commons-annotations\5.1.2.Final\hibernate-commons-annotations-5.1.2.Final.jar;C:\Users\Bayram\.m2\repository\org\glassfish\jaxb\jaxb-runtime\2.3.6\jaxb-runtime-2.3.6.jar;C:\Users\Bayram\.m2\repository\org\glassfish\jaxb\txw2\2.3.6\txw2-2.3.6.jar;C:\Users\Bayram\.m2\repository\com\sun\istack\istack-commons-runtime\3.0.12\istack-commons-runtime-3.0.12.jar;C:\Users\Bayram\.m2\repository\com\sun\activation\jakarta.activation\1.2.2\jakarta.activation-1.2.2.jar;C:\Users\Bayram\.m2\repository\org\springframework\data\spring-data-jpa\2.7.1\spring-data-jpa-2.7.1.jar;C:\Users\Bayram\.m2\repository\org\springframework\data\spring-data-commons\2.7.1\spring-data-commons-2.7.1.jar;C:\Users\Bayram\.m2\repository\org\springframework\spring-orm\5.3.21\spring-orm-5.3.21.jar;C:\Users\Bayram\.m2\repository\org\springframework\spring-context\5.3.21\spring-context-5.3.21.jar;C:\Users\Bayram\.m2\repository\org\springframework\spring-tx\5.3.21\spring-tx-5.3.21.jar;C:\Users\Bayram\.m2\repository\org\springframework\spring-beans\5.3.21\spring-beans-5.3.21.jar;C:\Users\Bayram\.m2\repository\org\slf4j\slf4j-api\1.7.36\slf4j-api-1.7.36.jar;C:\Users\Bayram\.m2\repository\org\springframework\spring-aspects\5.3.21\spring-aspects-5.3.21.jar;C:\Users\Bayram\.m2\repository\org\springframework\boot\spring-boot-starter-web\2.7.1\spring-boot-starter-web-2.7.1.jar;C:\Users\Bayram\.m2\repository\org\springframework\boot\spring-boot-starter\2.7.1\spring-boot-starter-2.7.1.jar;C:\Users\Bayram\.m2\repository\org\springframework\boot\spring-boot\2.7.1\spring-boot-2.7.1.jar;C:\Users\Bayram\.m2\repository\org\springframework\boot\spring-boot-autoconfigure\2.7.1\spring-boot-autoconfigure-2.7.1.jar;C:\Users\Bayram\.m2\repository\org\springframework\boot\spring-boot-starter-logging\2.7.1\spring-boot-starter-logging-2.7.1.jar;C:\Users\Bayram\.m2\repository\ch\qos\logback\logback-classic\1.2.11\logback-classic-1.2.11.jar;C:\Users\Bayram\.m2\repository\ch\qos\logback\logback-core\1.2.11\logback-core-1.2.11.jar;C:\Users\Bayram\.m2\repository\org\apache\logging\log4j\log4j-to-slf4j\2.17.2\log4j-to-slf4j-2.17.2.jar;C:\Users\Bayram\.m2\repository\org\apache\logging\log4j\log4j-api\2.17.2\log4j-api-2.17.2.jar;C:\Users\Bayram\.m2\repository\org\slf4j\jul-to-slf4j\1.7.36\jul-to-slf4j-1.7.36.jar;C:\Users\Bayram\.m2\repository\jakarta\annotation\jakarta.annotation-api\1.3.5\jakarta.annotation-api-1.3.5.jar;C:\Users\Bayram\.m2\repository\org\yaml\snakeyaml\1.30\snakeyaml-1.30.jar;C:\Users\Bayram\.m2\repository\org\springframework\boot\spring-boot-starter-json\2.7.1\spring-boot-starter-json-2.7.1.jar;C:\Users\Bayram\.m2\repository\com\fasterxml\jackson\datatype\jackson-datatype-jdk8\2.13.3\jackson-datatype-jdk8-2.13.3.jar;C:\Users\Bayram\.m2\repository\com\fasterxml\jackson\datatype\jackson-datatype-jsr310\2.13.3\jackson-datatype-jsr310-2.13.3.jar;C:\Users\Bayram\.m2\repository\com\fasterxml\jackson\module\jackson-module-parameter-names\2.13.3\jackson-module-parameter-names-2.13.3.jar;C:\Users\Bayram\.m2\repository\org\springframework\boot\spring-boot-starter-tomcat\2.7.1\spring-boot-starter-tomcat-2.7.1.jar;C:\Users\Bayram\.m2\repository\org\apache\tomcat\embed\tomcat-embed-core\9.0.64\tomcat-embed-core-9.0.64.jar;C:\Users\Bayram\.m2\repository\org\apache\tomcat\embed\tomcat-embed-el\9.0.64\tomcat-embed-el-9.0.64.jar;C:\Users\Bayram\.m2\repository\org\apache\tomcat\embed\tomcat-embed-websocket\9.0.64\tomcat-embed-websocket-9.0.64.jar;C:\Users\Bayram\.m2\repository\org\springframework\spring-web\5.3.21\spring-web-5.3.21.jar;C:\Users\Bayram\.m2\repository\org\springframework\spring-webmvc\5.3.21\spring-webmvc-5.3.21.jar;C:\Users\Bayram\.m2\repository\org\springframework\spring-expression\5.3.21\spring-expression-5.3.21.jar;C:\Users\Bayram\.m2\repository\org\springframework\boot\spring-boot-starter-jdbc\2.7.1\spring-boot-starter-jdbc-2.7.1.jar;C:\Users\Bayram\.m2\repository\com\zaxxer\HikariCP\4.0.3\HikariCP-4.0.3.jar;C:\Users\Bayram\.m2\repository\org\springframework\spring-jdbc\5.3.21\spring-jdbc-5.3.21.jar;C:\Users\Bayram\.m2\repository\org\postgresql\postgresql\42.3.6\postgresql-42.3.6.jar;C:\Users\Bayram\.m2\repository\org\checkerframework\checker-qual\3.5.0\checker-qual-3.5.0.jar;C:\Users\Bayram\.m2\repository\jakarta\xml\bind\jakarta.xml.bind-api\2.3.3\jakarta.xml.bind-api-2.3.3.jar;C:\Users\Bayram\.m2\repository\jakarta\activation\jakarta.activation-api\1.2.2\jakarta.activation-api-1.2.2.jar;C:\Users\Bayram\.m2\repository\org\springframework\spring-core\5.3.21\spring-core-5.3.21.jar;C:\Users\Bayram\.m2\repository\org\springframework\spring-jcl\5.3.21\spring-jcl-5.3.21.jar;C:\Users\Bayram\.m2\repository\org\springframework\boot\spring-boot-starter-amqp\2.7.1\spring-boot-starter-amqp-2.7.1.jar;C:\Users\Bayram\.m2\repository\org\springframework\spring-messaging\5.3.21\spring-messaging-5.3.21.jar;C:\Users\Bayram\.m2\repository\org\springframework\amqp\spring-rabbit\2.4.6\spring-rabbit-2.4.6.jar;C:\Users\Bayram\.m2\repository\org\springframework\amqp\spring-amqp\2.4.6\spring-amqp-2.4.6.jar;C:\Users\Bayram\.m2\repository\org\springframework\retry\spring-retry\1.3.3\spring-retry-1.3.3.jar;C:\Users\Bayram\.m2\repository\com\rabbitmq\amqp-client\5.14.2\amqp-client-5.14.2.jar;C:\Users\Bayram\.m2\repository\org\springframework\boot\spring-boot-starter-security\2.7.1\spring-boot-starter-security-2.7.1.jar;C:\Users\Bayram\.m2\repository\org\springframework\spring-aop\5.3.21\spring-aop-5.3.21.jar;C:\Users\Bayram\.m2\repository\org\springframework\security\spring-security-config\5.7.2\spring-security-config-5.7.2.jar;C:\Users\Bayram\.m2\repository\org\springframework\security\spring-security-core\5.7.2\spring-security-core-5.7.2.jar;C:\Users\Bayram\.m2\repository\org\springframework\security\spring-security-crypto\5.7.2\spring-security-crypto-5.7.2.jar;C:\Users\Bayram\.m2\repository\org\springframework\security\spring-security-web\5.7.2\spring-security-web-5.7.2.jar;C:\Users\Bayram\.m2\repository\io\jsonwebtoken\jjwt\0.9.1\jjwt-0.9.1.jar;C:\Users\Bayram\.m2\repository\com\fasterxml\jackson\core\jackson-databind\2.13.3\jackson-databind-2.13.3.jar;C:\Users\Bayram\.m2\repository\com\fasterxml\jackson\core\jackson-annotations\2.13.3\jackson-annotations-2.13.3.jar;C:\Users\Bayram\.m2\repository\com\fasterxml\jackson\core\jackson-core\2.13.3\jackson-core-2.13.3.jar;C:\Users\Bayram\.m2\repository\com\auth0\java-jwt\3.18.2\java-jwt-3.18.2.jar;C:\Users\Bayram\.m2\repository\org\projectlombok\lombok\1.18.24\lombok-1.18.24.jar
Launcher Type: SUN_STANDARD

[Global flags]
     intx CICompilerCount                          = 4                                         {product} {ergonomic}
     uint ConcGCThreads                            = 2                                         {product} {ergonomic}
     uint G1ConcRefinementThreads                  = 8                                         {product} {ergonomic}
   size_t G1HeapRegionSize                         = 1048576                                   {product} {ergonomic}
    uintx GCDrainStackTargetSize                   = 64                                        {product} {ergonomic}
   size_t InitialHeapSize                          = 134217728                                 {product} {ergonomic}
   size_t MarkStackSize                            = 4194304                                   {product} {ergonomic}
   size_t MaxHeapSize                              = 2130706432                                {product} {ergonomic}
   size_t MaxNewSize                               = 1278214144                                {product} {ergonomic}
   size_t MinHeapDeltaBytes                        = 1048576                                   {product} {ergonomic}
   size_t MinHeapSize                              = 8388608                                   {product} {ergonomic}
    uintx NonNMethodCodeHeapSize                   = 5839372                                {pd product} {ergonomic}
    uintx NonProfiledCodeHeapSize                  = 122909434                              {pd product} {ergonomic}
    uintx ProfiledCodeHeapSize                     = 122909434                              {pd product} {ergonomic}
    uintx ReservedCodeCacheSize                    = 251658240                              {pd product} {ergonomic}
     bool SegmentedCodeCache                       = true                                      {product} {ergonomic}
   size_t SoftMaxHeapSize                          = 2130706432                             {manageable} {ergonomic}
     bool UseCompressedClassPointers               = true                           {product lp64_product} {ergonomic}
     bool UseCompressedOops                        = true                           {product lp64_product} {ergonomic}
     bool UseG1GC                                  = true                                      {product} {ergonomic}
     bool UseLargePagesIndividualAllocation        = false                                  {pd product} {ergonomic}

Logging:
Log output configuration:
 #0: stdout all=warning uptime,level,tags foldmultilines=false
 #1: stderr all=off uptime,level,tags foldmultilines=false

Environment Variables:
JAVA_HOME=C:\Program Files\Java\jdk1.8.0_271
PATH=C:\Program Files (x86)\Razer\ChromaBroadcast\bin;C:\Program Files\Razer\ChromaBroadcast\bin;C:\Program Files (x86)\NVIDIA Corporation\PhysX\Common;C:\Program Files\Common Files\Oracle\Java\javapath;C:\Program Files (x86)\Common Files\Oracle\Java\javapath;C:\WINDOWS\system32;C:\WINDOWS;C:\WINDOWS\System32\Wbem;C:\WINDOWS\System32\WindowsPowerShell\v1.0\;C:\WINDOWS\System32\OpenSSH\;C:\ProgramData\chocolatey\bin;C:\Program Files\OpenJDK\openjdk-8u275-b01\bin;%JAVA-HOME%\bin;C:\HashiCorp\Vagrant\bin;C:\Program Files\dotnet\;C:\Program Files\Microsoft SQL Server\130\Tools\Binn\;C:\Program Files\Microsoft SQL Server\Client SDK\ODBC\170\Tools\Binn\;C:\WINDOWS\system32\config\systemprofile\AppData\Local\Microsoft\WindowsApps;C:\Program Files\Git\cmd;C:\Program Files (x86)\Microsoft SQL Server\100\Tools\Binn\;C:\Program Files\Microsoft SQL Server\100\Tools\Binn\;C:\Program Files\Microsoft SQL Server\100\DTS\Binn\;C:\Program Files (x86)\Microsoft SQL Server\100\Tools\Binn\VSShell\Common7\IDE\;C:\Program Files (x86)\Microsoft Visual Studio 9.0\Common7\IDE\PrivateAssemblies\;C:\Program Files (x86)\Microsoft SQL Server\100\DTS\Binn\;C:\Program Files\nodejs\;C:\Users\Bayram\anaconda3;C:\Users\Bayram\anaconda3\Library\mingw-w64\bin;C:\Users\Bayram\anaconda3\Library\usr\bin;C:\Users\Bayram\anaconda3\Library\bin;C:\Users\Bayram\anaconda3\Scripts;C:\Users\Bayram\AppData\Local\Programs\Python\Python39\Scripts\;C:\Users\Bayram\AppData\Local\Programs\Python\Python39\;C:\Program Files\MySQL\MySQL Shell 8.0\bin\;C:\Users\Bayram\AppData\Local\Microsoft\WindowsApps;C:\Users\Bayram\AppData\Local\Programs\Microsoft VS Code\bin;C:\Users\Bayram\AppData\Local\Android\Sdk\platform-tools;C:\Users\Bayram\.dotnet\tools;C:\Users\Bayram\AppData\Local\GitHubDesktop\bin;C:\spark\hadoop;C:\Users\Bayram\AppData\Roaming\npm
USERNAME=Bayram
OS=Windows_NT
PROCESSOR_IDENTIFIER=AMD64 Family 23 Model 8 Stepping 2, AuthenticAMD



---------------  S Y S T E M  ---------------

OS:
 Windows 10 , 64 bit Build 19041 (10.0.19041.1806)
OS uptime: 1 days 2:02 hours

CPU: total 8 (initial active 8) (8 cores per cpu, 2 threads per core) family 23 model 8 stepping 2 microcode 0x0, cx8, cmov, fxsr, ht, mmx, 3dnowpref, sse, sse2, sse3, ssse3, sse4a, sse4.1, sse4.2, popcnt, lzcnt, tsc, tscinvbit, avx, avx2, aes, clmul, bmi1, bmi2, adx, sha, fma, vzeroupper, clflush, clflushopt

Memory: 4k page, system-wide physical 8121M (1380M free)
TotalPageFile size 11931M (AvailPageFile size 5M)
current process WorkingSet (physical memory assigned to process): 149M, peak: 149M
current process commit charge ("private bytes"): 271M, peak: 274M

vm_info: Java HotSpot(TM) 64-Bit Server VM (18.0.2+9-61) for windows-amd64 JRE (18.0.2+9-61), built on Jun  7 2022 13:09:01 by "mach5one" with MS VC++ 16.8 / 16.9 (VS2019)

END.
