#
# There is insufficient memory for the Java Runtime Environment to continue.
# Native memory allocation (malloc) failed to allocate 1072336 bytes for Chunk::new
# Possible reasons:
#   The system is out of physical RAM or swap space
#   The process is running with CompressedOops enabled, and the Java Heap may be blocking the growth of the native heap
# Possible solutions:
#   Reduce memory load on the system
#   Increase physical memory or swap space
#   Check if swap backing store is full
#   Decrease Java heap size (-Xmx/-Xms)
#   Decrease number of Java threads
#   Decrease Java thread stack sizes (-Xss)
#   Set larger code cache with -XX:ReservedCodeCacheSize=
#   JVM is running with Unscaled Compressed Oops mode in which the Java heap is
#     placed in the first 4GB address space. The Java Heap base address is the
#     maximum limit for the native heap growth. Please use -XX:HeapBaseMinAddress
#     to set the Java Heap base and to place the Java Heap above 4GB virtual address.
# This output file may be truncated or incomplete.
#
#  Out of Memory Error (arena.cpp:184), pid=12776, tid=2276
#
# JRE version: Java(TM) SE Runtime Environment (18.0.2+9) (build 18.0.2+9-61)
# Java VM: Java HotSpot(TM) 64-Bit Server VM (18.0.2+9-61, mixed mode, sharing, tiered, compressed oops, compressed class ptrs, g1 gc, windows-amd64)
# No core dump will be written. Minidumps are not enabled by default on client versions of Windows
#

---------------  S U M M A R Y ------------

Command Line: -javaagent:C:\Program Files\JetBrains\IntelliJ IDEA Community Edition 2022.2\lib\idea_rt.jar=50385:C:\Program Files\JetBrains\IntelliJ IDEA Community Edition 2022.2\bin -Dfile.encoding=UTF-8 com.example.library.LibraryApplication

Host: AMD Ryzen 5 2500X Quad-Core Processor          , 8 cores, 7G,  Windows 10 , 64 bit Build 19041 (10.0.19041.1889)
Time: Fri Aug 12 15:15:33 2022 Türkiye Standart Saati elapsed time: 27.322571 seconds (0d 0h 0m 27s)

---------------  T H R E A D  ---------------

Current thread (0x000002bee97f77d0):  JavaThread "C2 CompilerThread0" daemon [_thread_in_native, id=2276, stack(0x000000f086a00000,0x000000f086b00000)]


Current CompileTask:
C2:  27322 5920   !   4       org.springframework.beans.factory.support.DefaultListableBeanFactory::doGetBeanNamesForType (528 bytes)

Stack: [0x000000f086a00000,0x000000f086b00000]
Native frames: (J=compiled Java code, j=interpreted, Vv=VM code, C=native code)
V  [jvm.dll+0x6993ca]
V  [jvm.dll+0x7f481d]
V  [jvm.dll+0x7f612e]
V  [jvm.dll+0x7f67e3]
V  [jvm.dll+0x25cdaf]
V  [jvm.dll+0xb8c2f]
V  [jvm.dll+0xb8fa5]
V  [jvm.dll+0x386091]
V  [jvm.dll+0x1d29c2]
V  [jvm.dll+0x2300a9]
V  [jvm.dll+0x22f321]
V  [jvm.dll+0x1ba01c]
V  [jvm.dll+0x23ec9a]
V  [jvm.dll+0x23cf85]
V  [jvm.dll+0x7a6e21]
V  [jvm.dll+0x7a125a]
V  [jvm.dll+0x698275]
C  [ucrtbase.dll+0x21bb2]
C  [KERNEL32.DLL+0x17034]
C  [ntdll.dll+0x52651]


---------------  P R O C E S S  ---------------

Threads class SMR info:
_java_thread_list=0x000002bef21b58a0, length=35, elements={
0x000002bee97c7950, 0x000002bee97c8d50, 0x000002bee97e2f20, 0x000002bee97e48d0,
0x000002bee97e8a30, 0x000002bee97ec4c0, 0x000002bee97f77d0, 0x000002bee97f90d0,
0x000002bee97fa820, 0x000002bee97ec990, 0x000002bee97eb650, 0x000002bee97ea7e0,
0x000002bee97eb180, 0x000002bee97ebb20, 0x000002bee97ed800, 0x000002bee97ebff0,
0x000002bef0478fc0, 0x000002bef047d7f0, 0x000002bef0476e10, 0x000002bef04772e0,
0x000002bef047b170, 0x000002bef047bb10, 0x000002bef0476470, 0x000002bef0478150,
0x000002bef0478620, 0x000002bef0475fa0, 0x000002bef0479e30, 0x000002bef047c980,
0x000002bef047d320, 0x000002bef0476940, 0x000002bef047a300, 0x000002bef047ce50,
0x000002bef047bfe0, 0x000002bef0479490, 0x000002bef047c4b0
}

Java Threads: ( => current thread )
  0x000002bee97c7950 JavaThread "Reference Handler" daemon [_thread_blocked, id=2760, stack(0x000000f086400000,0x000000f086500000)]
  0x000002bee97c8d50 JavaThread "Finalizer" daemon [_thread_blocked, id=11712, stack(0x000000f086500000,0x000000f086600000)]
  0x000002bee97e2f20 JavaThread "Signal Dispatcher" daemon [_thread_blocked, id=12348, stack(0x000000f086600000,0x000000f086700000)]
  0x000002bee97e48d0 JavaThread "Attach Listener" daemon [_thread_blocked, id=13668, stack(0x000000f086700000,0x000000f086800000)]
  0x000002bee97e8a30 JavaThread "Service Thread" daemon [_thread_blocked, id=11784, stack(0x000000f086800000,0x000000f086900000)]
  0x000002bee97ec4c0 JavaThread "Monitor Deflation Thread" daemon [_thread_blocked, id=11292, stack(0x000000f086900000,0x000000f086a00000)]
=>0x000002bee97f77d0 JavaThread "C2 CompilerThread0" daemon [_thread_in_native, id=2276, stack(0x000000f086a00000,0x000000f086b00000)]
  0x000002bee97f90d0 JavaThread "C1 CompilerThread0" daemon [_thread_blocked, id=8568, stack(0x000000f086b00000,0x000000f086c00000)]
  0x000002bee97fa820 JavaThread "Sweeper thread" daemon [_thread_blocked, id=7236, stack(0x000000f086c00000,0x000000f086d00000)]
  0x000002bee97ec990 JavaThread "Common-Cleaner" daemon [_thread_blocked, id=9452, stack(0x000000f086d00000,0x000000f086e00000)]
  0x000002bee97eb650 JavaThread "Monitor Ctrl-Break" daemon [_thread_in_native, id=1812, stack(0x000000f086f00000,0x000000f087000000)]
  0x000002bee97ea7e0 JavaThread "Notification Thread" daemon [_thread_blocked, id=11532, stack(0x000000f087000000,0x000000f087100000)]
  0x000002bee97eb180 JavaThread "HikariPool-1 housekeeper" daemon [_thread_blocked, id=6256, stack(0x000000f087d00000,0x000000f087e00000)]
  0x000002bee97ebb20 JavaThread "Catalina-utility-1" [_thread_blocked, id=4200, stack(0x000000f087f00000,0x000000f088000000)]
  0x000002bee97ed800 JavaThread "Catalina-utility-2" [_thread_blocked, id=7400, stack(0x000000f088000000,0x000000f088100000)]
  0x000002bee97ebff0 JavaThread "container-0" [_thread_blocked, id=7448, stack(0x000000f088100000,0x000000f088200000)]
  0x000002bef0478fc0 JavaThread "http-nio-9009-exec-1" daemon [_thread_blocked, id=12500, stack(0x000000f088200000,0x000000f088300000)]
  0x000002bef047d7f0 JavaThread "http-nio-9009-exec-2" daemon [_thread_blocked, id=5908, stack(0x000000f088300000,0x000000f088400000)]
  0x000002bef0476e10 JavaThread "http-nio-9009-exec-3" daemon [_thread_in_Java, id=2252, stack(0x000000f088400000,0x000000f088500000)]
  0x000002bef04772e0 JavaThread "http-nio-9009-exec-4" daemon [_thread_blocked, id=11744, stack(0x000000f088500000,0x000000f088600000)]
  0x000002bef047b170 JavaThread "http-nio-9009-exec-5" daemon [_thread_blocked, id=9960, stack(0x000000f088600000,0x000000f088700000)]
  0x000002bef047bb10 JavaThread "http-nio-9009-exec-6" daemon [_thread_blocked, id=7480, stack(0x000000f088700000,0x000000f088800000)]
  0x000002bef0476470 JavaThread "http-nio-9009-exec-7" daemon [_thread_blocked, id=13540, stack(0x000000f088800000,0x000000f088900000)]
  0x000002bef0478150 JavaThread "http-nio-9009-exec-8" daemon [_thread_blocked, id=11752, stack(0x000000f088900000,0x000000f088a00000)]
  0x000002bef0478620 JavaThread "http-nio-9009-exec-9" daemon [_thread_blocked, id=5240, stack(0x000000f088a00000,0x000000f088b00000)]
  0x000002bef0475fa0 JavaThread "http-nio-9009-exec-10" daemon [_thread_blocked, id=6060, stack(0x000000f088b00000,0x000000f088c00000)]
  0x000002bef0479e30 JavaThread "http-nio-9009-Poller" daemon [_thread_in_native, id=1584, stack(0x000000f088c00000,0x000000f088d00000)]
  0x000002bef047c980 JavaThread "http-nio-9009-Acceptor" daemon [_thread_in_native, id=2296, stack(0x000000f088d00000,0x000000f088e00000)]
  0x000002bef047d320 JavaThread "AMQP Connection 127.0.0.1:5672" [_thread_in_native, id=10832, stack(0x000000f088e00000,0x000000f088f00000)]
  0x000002bef0476940 JavaThread "pool-1-thread-2" [_thread_blocked, id=12760, stack(0x000000f088f00000,0x000000f089000000)]
  0x000002bef047a300 JavaThread "org.springframework.amqp.rabbit.RabbitListenerEndpointContainer#0-1" [_thread_blocked, id=12664, stack(0x000000f089000000,0x000000f089100000)]
  0x000002bef047ce50 JavaThread "pool-1-thread-3" [_thread_blocked, id=6240, stack(0x000000f089100000,0x000000f089200000)]
  0x000002bef047bfe0 JavaThread "org.springframework.amqp.rabbit.RabbitListenerEndpointContainer#1-1" [_thread_blocked, id=9164, stack(0x000000f089200000,0x000000f089300000)]
  0x000002bef0479490 JavaThread "pool-1-thread-4" [_thread_blocked, id=10660, stack(0x000000f089300000,0x000000f089400000)]
  0x000002bef047c4b0 JavaThread "DestroyJavaVM" [_thread_blocked, id=3288, stack(0x000000f085d00000,0x000000f085e00000)]

Other Threads:
  0x000002bee97c51c0 VMThread "VM Thread" [stack: 0x000000f086300000,0x000000f086400000] [id=13600]
  0x000002beedcfe400 WatcherThread "VM Periodic Task Thread" [stack: 0x000000f087100000,0x000000f087200000] [id=13024]
  0x000002becb66f190 WorkerThread "GC Thread#0" [stack: 0x000000f085e00000,0x000000f085f00000] [id=5736]
  0x000002beee7cb720 WorkerThread "GC Thread#1" [stack: 0x000000f087200000,0x000000f087300000] [id=9284]
  0x000002beee7cb9c0 WorkerThread "GC Thread#2" [stack: 0x000000f087300000,0x000000f087400000] [id=6004]
  0x000002beee3ebea0 WorkerThread "GC Thread#3" [stack: 0x000000f087400000,0x000000f087500000] [id=12428]
  0x000002beee2e7390 WorkerThread "GC Thread#4" [stack: 0x000000f087500000,0x000000f087600000] [id=13504]
  0x000002beee2e7630 WorkerThread "GC Thread#5" [stack: 0x000000f087600000,0x000000f087700000] [id=8996]
  0x000002beee4ddf90 WorkerThread "GC Thread#6" [stack: 0x000000f087700000,0x000000f087800000] [id=12064]
  0x000002beee829340 WorkerThread "GC Thread#7" [stack: 0x000000f087800000,0x000000f087900000] [id=8068]
  0x000002becb67fec0 ConcurrentGCThread "G1 Main Marker" [stack: 0x000000f085f00000,0x000000f086000000] [id=13152]
  0x000002becb682060 WorkerThread "G1 Conc#0" [stack: 0x000000f086000000,0x000000f086100000] [id=9916]
  0x000002beeed072b0 WorkerThread "G1 Conc#1" [stack: 0x000000f087a00000,0x000000f087b00000] [id=12264]
  0x000002becb6cdce0 ConcurrentGCThread "G1 Refine#0" [stack: 0x000000f086100000,0x000000f086200000] [id=10168]
  0x000002beee7cbc60 ConcurrentGCThread "G1 Refine#1" [stack: 0x000000f087900000,0x000000f087a00000] [id=7708]
  0x000002becb6ce5f0 ConcurrentGCThread "G1 Service" [stack: 0x000000f086200000,0x000000f086300000] [id=11916]

Threads with active compile tasks:
C2 CompilerThread0    27342 5920   !   4       org.springframework.beans.factory.support.DefaultListableBeanFactory::doGetBeanNamesForType (528 bytes)
C1 CompilerThread0    27342 5958       3       org.apache.tomcat.util.buf.MessageBytes::toString (88 bytes)

VM state: not at safepoint (normal execution)

VM Mutex/Monitor currently owned by a thread: None

Heap address: 0x0000000081000000, size: 2032 MB, Compressed Oops mode: 32-bit

CDS archive(s) mapped at: [0x0000000800000000-0x0000000800ba0000-0x0000000800ba0000), size 12189696, SharedBaseAddress: 0x0000000800000000, ArchiveRelocationMode: 0.
Compressed class space mapped at: 0x0000000800c00000-0x0000000840c00000, reserved size: 1073741824
Narrow klass base: 0x0000000800000000, Narrow klass shift: 0, Narrow klass range: 0x100000000

GC Precious Log:
 CardTable entry size: 512
 Card Set container configuration: InlinePtr #cards 5 size 8 Array Of Cards #cards 12 size 40 Howl #buckets 4 coarsen threshold 1843 Howl Bitmap #cards 512 size 80 coarsen threshold 460 Card regions per heap region 1 cards per card region 2048
 CPUs: 8 total, 8 available
 Memory: 8121M
 Large Page Support: Disabled
 NUMA Support: Disabled
 Compressed Oops: Enabled (32-bit)
 Heap Region Size: 1M
 Heap Min Capacity: 8M
 Heap Initial Capacity: 128M
 Heap Max Capacity: 2032M
 Pre-touch: Disabled
 Parallel Workers: 8
 Concurrent Workers: 2
 Concurrent Refinement Workers: 8
 Periodic GC: Disabled

Heap:
 garbage-first heap   total 73728K, used 35909K [0x0000000081000000, 0x0000000100000000)
  region size 1024K, 8 young (8192K), 1 survivors (1024K)
 Metaspace       used 61855K, committed 62400K, reserved 1114112K
  class space    used 8115K, committed 8384K, reserved 1048576K

Heap Regions: E=young(eden), S=young(survivor), O=old, HS=humongous(starts), HC=humongous(continues), CS=collection set, F=free, OA=open archive, CA=closed archive, TAMS=top-at-mark-start (previous, next)
|   0|0x0000000081000000, 0x0000000081100000, 0x0000000081100000|100%|HS|  |TAMS 0x0000000081100000, 0x0000000081000000| Complete 
|   1|0x0000000081100000, 0x0000000081200000, 0x0000000081200000|100%| O|  |TAMS 0x0000000081200000, 0x0000000081100000| Untracked 
|   2|0x0000000081200000, 0x0000000081300000, 0x0000000081300000|100%| O|  |TAMS 0x0000000081300000, 0x0000000081200000| Untracked 
|   3|0x0000000081300000, 0x0000000081400000, 0x0000000081400000|100%| O|  |TAMS 0x0000000081400000, 0x0000000081300000| Untracked 
|   4|0x0000000081400000, 0x0000000081500000, 0x0000000081500000|100%| O|  |TAMS 0x0000000081500000, 0x0000000081400000| Untracked 
|   5|0x0000000081500000, 0x0000000081600000, 0x0000000081600000|100%| O|  |TAMS 0x0000000081600000, 0x0000000081500000| Untracked 
|   6|0x0000000081600000, 0x0000000081700000, 0x0000000081700000|100%| O|  |TAMS 0x0000000081700000, 0x0000000081600000| Untracked 
|   7|0x0000000081700000, 0x000000008176f800, 0x0000000081800000| 43%| O|  |TAMS 0x000000008176f800, 0x0000000081700000| Untracked 
|   8|0x0000000081800000, 0x0000000081900000, 0x0000000081900000|100%| O|  |TAMS 0x0000000081900000, 0x0000000081800000| Untracked 
|   9|0x0000000081900000, 0x0000000081a00000, 0x0000000081a00000|100%| O|  |TAMS 0x0000000081a00000, 0x0000000081900000| Untracked 
|  10|0x0000000081a00000, 0x0000000081b00000, 0x0000000081b00000|100%| O|  |TAMS 0x0000000081b00000, 0x0000000081a00000| Untracked 
|  11|0x0000000081b00000, 0x0000000081c00000, 0x0000000081c00000|100%| O|  |TAMS 0x0000000081c00000, 0x0000000081b00000| Untracked 
|  12|0x0000000081c00000, 0x0000000081d00000, 0x0000000081d00000|100%| O|  |TAMS 0x0000000081d00000, 0x0000000081c00000| Untracked 
|  13|0x0000000081d00000, 0x0000000081e00000, 0x0000000081e00000|100%| O|  |TAMS 0x0000000081e00000, 0x0000000081d00000| Untracked 
|  14|0x0000000081e00000, 0x0000000081f00000, 0x0000000081f00000|100%| O|  |TAMS 0x0000000081f00000, 0x0000000081e00000| Untracked 
|  15|0x0000000081f00000, 0x0000000082000000, 0x0000000082000000|100%| O|  |TAMS 0x0000000082000000, 0x0000000081f00000| Untracked 
|  16|0x0000000082000000, 0x0000000082100000, 0x0000000082100000|100%| O|  |TAMS 0x0000000082100000, 0x0000000082000000| Untracked 
|  17|0x0000000082100000, 0x0000000082200000, 0x0000000082200000|100%| O|  |TAMS 0x0000000082200000, 0x0000000082100000| Untracked 
|  18|0x0000000082200000, 0x0000000082300000, 0x0000000082300000|100%| O|  |TAMS 0x0000000082300000, 0x0000000082200000| Untracked 
|  19|0x0000000082300000, 0x0000000082400000, 0x0000000082400000|100%| O|  |TAMS 0x0000000082400000, 0x0000000082300000| Untracked 
|  20|0x0000000082400000, 0x0000000082500000, 0x0000000082500000|100%| O|  |TAMS 0x0000000082500000, 0x0000000082400000| Untracked 
|  21|0x0000000082500000, 0x0000000082600000, 0x0000000082600000|100%| O|  |TAMS 0x0000000082600000, 0x0000000082500000| Untracked 
|  22|0x0000000082600000, 0x0000000082700000, 0x0000000082700000|100%| O|  |TAMS 0x0000000082700000, 0x0000000082600000| Untracked 
|  23|0x0000000082700000, 0x0000000082800000, 0x0000000082800000|100%| O|  |TAMS 0x0000000082800000, 0x0000000082700000| Untracked 
|  24|0x0000000082800000, 0x0000000082900000, 0x0000000082900000|100%| O|  |TAMS 0x0000000082900000, 0x0000000082800000| Untracked 
|  25|0x0000000082900000, 0x0000000082a00000, 0x0000000082a00000|100%| O|  |TAMS 0x0000000082a00000, 0x0000000082900000| Untracked 
|  26|0x0000000082a00000, 0x0000000082b00000, 0x0000000082b00000|100%| O|  |TAMS 0x0000000082ac0400, 0x0000000082a00000| Untracked 
|  27|0x0000000082b00000, 0x0000000082c00000, 0x0000000082c00000|100%| O|  |TAMS 0x0000000082b00000, 0x0000000082b00000| Untracked 
|  28|0x0000000082c00000, 0x0000000082cbf400, 0x0000000082d00000| 74%| O|  |TAMS 0x0000000082c00000, 0x0000000082c00000| Untracked 
|  29|0x0000000082d00000, 0x0000000082d00000, 0x0000000082e00000|  0%| F|  |TAMS 0x0000000082d00000, 0x0000000082d00000| Untracked 
|  30|0x0000000082e00000, 0x0000000082e00000, 0x0000000082f00000|  0%| F|  |TAMS 0x0000000082e00000, 0x0000000082e00000| Untracked 
|  31|0x0000000082f00000, 0x0000000082f00000, 0x0000000083000000|  0%| F|  |TAMS 0x0000000082f00000, 0x0000000082f00000| Untracked 
|  32|0x0000000083000000, 0x0000000083000000, 0x0000000083100000|  0%| F|  |TAMS 0x0000000083000000, 0x0000000083000000| Untracked 
|  33|0x0000000083100000, 0x0000000083100000, 0x0000000083200000|  0%| F|  |TAMS 0x0000000083100000, 0x0000000083100000| Untracked 
|  34|0x0000000083200000, 0x0000000083200000, 0x0000000083300000|  0%| F|  |TAMS 0x0000000083200000, 0x0000000083200000| Untracked 
|  35|0x0000000083300000, 0x0000000083300000, 0x0000000083400000|  0%| F|  |TAMS 0x0000000083300000, 0x0000000083300000| Untracked 
|  36|0x0000000083400000, 0x0000000083400000, 0x0000000083500000|  0%| F|  |TAMS 0x0000000083400000, 0x0000000083400000| Untracked 
|  37|0x0000000083500000, 0x0000000083500000, 0x0000000083600000|  0%| F|  |TAMS 0x0000000083500000, 0x0000000083500000| Untracked 
|  38|0x0000000083600000, 0x0000000083600000, 0x0000000083700000|  0%| F|  |TAMS 0x0000000083600000, 0x0000000083600000| Untracked 
|  39|0x0000000083700000, 0x0000000083700000, 0x0000000083800000|  0%| F|  |TAMS 0x0000000083700000, 0x0000000083700000| Untracked 
|  40|0x0000000083800000, 0x0000000083800000, 0x0000000083900000|  0%| F|  |TAMS 0x0000000083800000, 0x0000000083800000| Untracked 
|  41|0x0000000083900000, 0x0000000083900000, 0x0000000083a00000|  0%| F|  |TAMS 0x0000000083900000, 0x0000000083900000| Untracked 
|  42|0x0000000083a00000, 0x0000000083a00000, 0x0000000083b00000|  0%| F|  |TAMS 0x0000000083a00000, 0x0000000083a00000| Untracked 
|  43|0x0000000083b00000, 0x0000000083b00000, 0x0000000083c00000|  0%| F|  |TAMS 0x0000000083b00000, 0x0000000083b00000| Untracked 
|  44|0x0000000083c00000, 0x0000000083c00000, 0x0000000083d00000|  0%| F|  |TAMS 0x0000000083c00000, 0x0000000083c00000| Untracked 
|  45|0x0000000083d00000, 0x0000000083d00000, 0x0000000083e00000|  0%| F|  |TAMS 0x0000000083d00000, 0x0000000083d00000| Untracked 
|  46|0x0000000083e00000, 0x0000000083e00000, 0x0000000083f00000|  0%| F|  |TAMS 0x0000000083e00000, 0x0000000083e00000| Untracked 
|  47|0x0000000083f00000, 0x0000000083fe2988, 0x0000000084000000| 88%| S|CS|TAMS 0x0000000083f00000, 0x0000000083f00000| Complete 
|  48|0x0000000084000000, 0x0000000084000000, 0x0000000084100000|  0%| F|  |TAMS 0x0000000084000000, 0x0000000084000000| Untracked 
|  49|0x0000000084100000, 0x0000000084100000, 0x0000000084200000|  0%| F|  |TAMS 0x0000000084100000, 0x0000000084100000| Untracked 
|  50|0x0000000084200000, 0x0000000084200000, 0x0000000084300000|  0%| F|  |TAMS 0x0000000084200000, 0x0000000084200000| Untracked 
|  51|0x0000000084300000, 0x0000000084300000, 0x0000000084400000|  0%| F|  |TAMS 0x0000000084300000, 0x0000000084300000| Untracked 
|  52|0x0000000084400000, 0x0000000084400000, 0x0000000084500000|  0%| F|  |TAMS 0x0000000084400000, 0x0000000084400000| Untracked 
|  53|0x0000000084500000, 0x0000000084500000, 0x0000000084600000|  0%| F|  |TAMS 0x0000000084500000, 0x0000000084500000| Untracked 
|  54|0x0000000084600000, 0x0000000084600000, 0x0000000084700000|  0%| F|  |TAMS 0x0000000084600000, 0x0000000084600000| Untracked 
|  55|0x0000000084700000, 0x0000000084700000, 0x0000000084800000|  0%| F|  |TAMS 0x0000000084700000, 0x0000000084700000| Untracked 
|  56|0x0000000084800000, 0x0000000084800000, 0x0000000084900000|  0%| F|  |TAMS 0x0000000084800000, 0x0000000084800000| Untracked 
|  57|0x0000000084900000, 0x0000000084900000, 0x0000000084a00000|  0%| F|  |TAMS 0x0000000084900000, 0x0000000084900000| Untracked 
|  58|0x0000000084a00000, 0x0000000084a00000, 0x0000000084b00000|  0%| F|  |TAMS 0x0000000084a00000, 0x0000000084a00000| Untracked 
|  59|0x0000000084b00000, 0x0000000084b00000, 0x0000000084c00000|  0%| F|  |TAMS 0x0000000084b00000, 0x0000000084b00000| Untracked 
|  60|0x0000000084c00000, 0x0000000084c00000, 0x0000000084d00000|  0%| F|  |TAMS 0x0000000084c00000, 0x0000000084c00000| Untracked 
|  61|0x0000000084d00000, 0x0000000084d00000, 0x0000000084e00000|  0%| F|  |TAMS 0x0000000084d00000, 0x0000000084d00000| Untracked 
|  62|0x0000000084e00000, 0x0000000084e00000, 0x0000000084f00000|  0%| F|  |TAMS 0x0000000084e00000, 0x0000000084e00000| Untracked 
|  63|0x0000000084f00000, 0x0000000084f00000, 0x0000000085000000|  0%| F|  |TAMS 0x0000000084f00000, 0x0000000084f00000| Untracked 
|  64|0x0000000085000000, 0x0000000085000000, 0x0000000085100000|  0%| F|  |TAMS 0x0000000085000000, 0x0000000085000000| Untracked 
|  68|0x0000000085400000, 0x00000000854e4a08, 0x0000000085500000| 89%| E|  |TAMS 0x0000000085400000, 0x0000000085400000| Complete 
|  69|0x0000000085500000, 0x0000000085600000, 0x0000000085600000|100%| E|CS|TAMS 0x0000000085500000, 0x0000000085500000| Complete 
|  70|0x0000000085600000, 0x0000000085700000, 0x0000000085700000|100%| E|CS|TAMS 0x0000000085600000, 0x0000000085600000| Complete 
|  71|0x0000000085700000, 0x0000000085800000, 0x0000000085800000|100%| E|CS|TAMS 0x0000000085700000, 0x0000000085700000| Complete 
|  72|0x0000000085800000, 0x0000000085900000, 0x0000000085900000|100%| E|CS|TAMS 0x0000000085800000, 0x0000000085800000| Complete 
|  73|0x0000000085900000, 0x0000000085a00000, 0x0000000085a00000|100%| E|CS|TAMS 0x0000000085900000, 0x0000000085900000| Complete 
| 127|0x0000000088f00000, 0x0000000089000000, 0x0000000089000000|100%| E|CS|TAMS 0x0000000088f00000, 0x0000000088f00000| Complete 

Card table byte_map: [0x000002bee2680000,0x000002bee2a80000] _byte_map_base: 0x000002bee2278000

Marking Bits (Prev, Next): (CMBitMap*) 0x000002becb66f7d0, (CMBitMap*) 0x000002becb66f790
 Prev Bits: [0x000002bee4e40000, 0x000002bee6e00000)
 Next Bits: [0x000002bee2e80000, 0x000002bee4e40000)

Polling page: 0x000002becadd0000

Metaspace:

Usage:
  Non-class:     52.52 MB used.
      Class:      7.93 MB used.
       Both:     60.45 MB used.

Virtual space:
  Non-class space:       64.00 MB reserved,      52.81 MB ( 83%) committed,  1 nodes.
      Class space:        1.00 GB reserved,       8.19 MB ( <1%) committed,  1 nodes.
             Both:        1.06 GB reserved,      61.00 MB (  6%) committed. 

Chunk freelists:
   Non-Class:  3.17 MB
       Class:  3.67 MB
        Both:  6.84 MB

MaxMetaspaceSize: unlimited
CompressedClassSpaceSize: 1.00 GB
Initial GC threshold: 21.00 MB
Current GC threshold: 98.75 MB
CDS: on
MetaspaceReclaimPolicy: balanced
 - commit_granule_bytes: 65536.
 - commit_granule_words: 8192.
 - virtual_space_node_default_size: 8388608.
 - enlarge_chunks_in_place: 1.
 - new_chunks_are_fully_committed: 0.
 - uncommit_free_chunks: 1.
 - use_allocation_guard: 0.


Internal statistics:

num_allocs_failed_limit: 9.
num_arena_births: 642.
num_arena_deaths: 0.
num_vsnodes_births: 2.
num_vsnodes_deaths: 0.
num_space_committed: 976.
num_space_uncommitted: 0.
num_chunks_returned_to_freelist: 9.
num_chunks_taken_from_freelist: 2818.
num_chunk_merges: 9.
num_chunk_splits: 2021.
num_chunks_enlarged: 1663.
num_inconsistent_stats: 0.

CodeHeap 'non-profiled nmethods': size=120000Kb used=3477Kb max_used=3477Kb free=116522Kb
 bounds [0x000002bedaa10000, 0x000002bedad80000, 0x000002bee1f40000]
CodeHeap 'profiled nmethods': size=120000Kb used=10806Kb max_used=10806Kb free=109193Kb
 bounds [0x000002bed34e0000, 0x000002bed3f70000, 0x000002bedaa10000]
CodeHeap 'non-nmethods': size=5760Kb used=1320Kb max_used=1347Kb free=4439Kb
 bounds [0x000002bed2f40000, 0x000002bed31b0000, 0x000002bed34e0000]
 total_blobs=5795 nmethods=5158 adapters=549
 compilation: enabled
              stopped_count=0, restarted_count=0
 full_count=0

Compilation events (20 events):
Event: 27.304 Thread 0x000002bee97f90d0 5936       3       java.lang.String::indexOf (64 bytes)
Event: 27.304 Thread 0x000002bee97f90d0 nmethod 5936 0x000002bed3f66810 code [0x000002bed3f66a20, 0x000002bed3f66ee8]
Event: 27.304 Thread 0x000002bee97f90d0 5938       3       java.util.StringTokenizer::scanToken (179 bytes)
Event: 27.305 Thread 0x000002bee97f90d0 nmethod 5938 0x000002bed3f67090 code [0x000002bed3f673e0, 0x000002bed3f68a38]
Event: 27.305 Thread 0x000002bee97f90d0 5937       3       java.lang.String::contains (19 bytes)
Event: 27.305 Thread 0x000002bee97f90d0 nmethod 5937 0x000002bed3f69290 code [0x000002bed3f69440, 0x000002bed3f696b8]
Event: 27.305 Thread 0x000002bee97f90d0 5939       3       java.nio.CharBuffer::array (35 bytes)
Event: 27.305 Thread 0x000002bee97f90d0 nmethod 5939 0x000002bed3f69790 code [0x000002bed3f69960, 0x000002bed3f69c38]
Event: 27.306 Thread 0x000002bee97f90d0 5940       1       org.postgresql.core.v3.SimpleQuery::getFields (5 bytes)
Event: 27.306 Thread 0x000002bee97f90d0 nmethod 5940 0x000002bedad74e10 code [0x000002bedad74fa0, 0x000002bedad75078]
Event: 27.306 Thread 0x000002bee97f90d0 5941       3       sun.nio.ch.NioSocketImpl::ensureOpenAndConnected (36 bytes)
Event: 27.306 Thread 0x000002bee97f90d0 nmethod 5941 0x000002bed3f69d90 code [0x000002bed3f69f60, 0x000002bed3f6a298]
Event: 27.306 Thread 0x000002bee97f90d0 5942       3       sun.nio.ch.IOStatus::okayToRetry (22 bytes)
Event: 27.306 Thread 0x000002bee97f90d0 nmethod 5942 0x000002bed3f6a410 code [0x000002bed3f6a5a0, 0x000002bed3f6a738]
Event: 27.312 Thread 0x000002bee97f90d0 5943       3       org.postgresql.util.PGbytea::getHex (9 bytes)
Event: 27.312 Thread 0x000002bee97f90d0 nmethod 5943 0x000002bed3f6a810 code [0x000002bed3f6a9a0, 0x000002bed3f6aab8]
Event: 27.315 Thread 0x000002bee97f90d0 5945       3       org.jboss.logging.Logger::isTraceEnabled (8 bytes)
Event: 27.316 Thread 0x000002bee97f90d0 nmethod 5945 0x000002bed3f6ab90 code [0x000002bed3f6ad40, 0x000002bed3f6afe8]
Event: 27.318 Thread 0x000002bee97f90d0 5946       1       org.hibernate.type.EntityType::isAssociationType (2 bytes)
Event: 27.318 Thread 0x000002bee97f90d0 nmethod 5946 0x000002bedad75110 code [0x000002bedad752a0, 0x000002bedad75378]

GC Heap History (20 events):
Event: 3.039 GC heap before
{Heap before GC invocations=5 (full 0):
 garbage-first heap   total 51200K, used 34678K [0x0000000081000000, 0x0000000100000000)
  region size 1024K, 22 young (22528K), 4 survivors (4096K)
 Metaspace       used 29233K, committed 29632K, reserved 1114112K
  class space    used 3599K, committed 3776K, reserved 1048576K
}
Event: 3.046 GC heap after
{Heap after GC invocations=6 (full 0):
 garbage-first heap   total 51200K, used 17498K [0x0000000081000000, 0x0000000100000000)
  region size 1024K, 2 young (2048K), 2 survivors (2048K)
 Metaspace       used 29233K, committed 29632K, reserved 1114112K
  class space    used 3599K, committed 3776K, reserved 1048576K
}
Event: 3.607 GC heap before
{Heap before GC invocations=6 (full 0):
 garbage-first heap   total 51200K, used 35930K [0x0000000081000000, 0x0000000100000000)
  region size 1024K, 20 young (20480K), 2 survivors (2048K)
 Metaspace       used 34996K, committed 35328K, reserved 1114112K
  class space    used 4518K, committed 4672K, reserved 1048576K
}
Event: 3.611 GC heap after
{Heap after GC invocations=7 (full 0):
 garbage-first heap   total 51200K, used 18424K [0x0000000081000000, 0x0000000100000000)
  region size 1024K, 3 young (3072K), 3 survivors (3072K)
 Metaspace       used 34996K, committed 35328K, reserved 1114112K
  class space    used 4518K, committed 4672K, reserved 1048576K
}
Event: 3.648 GC heap before
{Heap before GC invocations=7 (full 0):
 garbage-first heap   total 51200K, used 19448K [0x0000000081000000, 0x0000000100000000)
  region size 1024K, 5 young (5120K), 3 survivors (3072K)
 Metaspace       used 35626K, committed 35968K, reserved 1114112K
  class space    used 4579K, committed 4736K, reserved 1048576K
}
Event: 3.652 GC heap after
{Heap after GC invocations=8 (full 0):
 garbage-first heap   total 51200K, used 18808K [0x0000000081000000, 0x0000000100000000)
  region size 1024K, 2 young (2048K), 2 survivors (2048K)
 Metaspace       used 35626K, committed 35968K, reserved 1114112K
  class space    used 4579K, committed 4736K, reserved 1048576K
}
Event: 4.079 GC heap before
{Heap before GC invocations=9 (full 0):
 garbage-first heap   total 51200K, used 37240K [0x0000000081000000, 0x0000000100000000)
  region size 1024K, 20 young (20480K), 2 survivors (2048K)
 Metaspace       used 40778K, committed 41088K, reserved 1114112K
  class space    used 5219K, committed 5376K, reserved 1048576K
}
Event: 4.085 GC heap after
{Heap after GC invocations=10 (full 0):
 garbage-first heap   total 51200K, used 20042K [0x0000000081000000, 0x0000000100000000)
  region size 1024K, 3 young (3072K), 3 survivors (3072K)
 Metaspace       used 40778K, committed 41088K, reserved 1114112K
  class space    used 5219K, committed 5376K, reserved 1048576K
}
Event: 4.517 GC heap before
{Heap before GC invocations=10 (full 0):
 garbage-first heap   total 51200K, used 37450K [0x0000000081000000, 0x0000000100000000)
  region size 1024K, 21 young (21504K), 3 survivors (3072K)
 Metaspace       used 44839K, committed 45248K, reserved 1114112K
  class space    used 5909K, committed 6080K, reserved 1048576K
}
Event: 4.522 GC heap after
{Heap after GC invocations=11 (full 0):
 garbage-first heap   total 61440K, used 21156K [0x0000000081000000, 0x0000000100000000)
  region size 1024K, 3 young (3072K), 3 survivors (3072K)
 Metaspace       used 44839K, committed 45248K, reserved 1114112K
  class space    used 5909K, committed 6080K, reserved 1048576K
}
Event: 4.873 GC heap before
{Heap before GC invocations=11 (full 0):
 garbage-first heap   total 61440K, used 46756K [0x0000000081000000, 0x0000000100000000)
  region size 1024K, 28 young (28672K), 3 survivors (3072K)
 Metaspace       used 48553K, committed 48960K, reserved 1114112K
  class space    used 6397K, committed 6592K, reserved 1048576K
}
Event: 4.879 GC heap after
{Heap after GC invocations=12 (full 0):
 garbage-first heap   total 61440K, used 22796K [0x0000000081000000, 0x0000000100000000)
  region size 1024K, 3 young (3072K), 3 survivors (3072K)
 Metaspace       used 48553K, committed 48960K, reserved 1114112K
  class space    used 6397K, committed 6592K, reserved 1048576K
}
Event: 5.322 GC heap before
{Heap before GC invocations=12 (full 0):
 garbage-first heap   total 61440K, used 46348K [0x0000000081000000, 0x0000000100000000)
  region size 1024K, 27 young (27648K), 3 survivors (3072K)
 Metaspace       used 52772K, committed 53120K, reserved 1114112K
  class space    used 6890K, committed 7040K, reserved 1048576K
}
Event: 5.326 GC heap after
{Heap after GC invocations=13 (full 0):
 garbage-first heap   total 61440K, used 25057K [0x0000000081000000, 0x0000000100000000)
  region size 1024K, 4 young (4096K), 4 survivors (4096K)
 Metaspace       used 52772K, committed 53120K, reserved 1114112K
  class space    used 6890K, committed 7040K, reserved 1048576K
}
Event: 5.548 GC heap before
{Heap before GC invocations=13 (full 0):
 garbage-first heap   total 61440K, used 46561K [0x0000000081000000, 0x0000000100000000)
  region size 1024K, 25 young (25600K), 4 survivors (4096K)
 Metaspace       used 54051K, committed 54464K, reserved 1114112K
  class space    used 7054K, committed 7232K, reserved 1048576K
}
Event: 5.552 GC heap after
{Heap after GC invocations=14 (full 0):
 garbage-first heap   total 61440K, used 26894K [0x0000000081000000, 0x0000000100000000)
  region size 1024K, 2 young (2048K), 2 survivors (2048K)
 Metaspace       used 54051K, committed 54464K, reserved 1114112K
  class space    used 7054K, committed 7232K, reserved 1048576K
}
Event: 5.906 GC heap before
{Heap before GC invocations=14 (full 0):
 garbage-first heap   total 61440K, used 48398K [0x0000000081000000, 0x0000000100000000)
  region size 1024K, 23 young (23552K), 2 survivors (2048K)
 Metaspace       used 57161K, committed 57536K, reserved 1114112K
  class space    used 7515K, committed 7680K, reserved 1048576K
}
Event: 5.910 GC heap after
{Heap after GC invocations=15 (full 0):
 garbage-first heap   total 61440K, used 29068K [0x0000000081000000, 0x0000000100000000)
  region size 1024K, 3 young (3072K), 3 survivors (3072K)
 Metaspace       used 57161K, committed 57536K, reserved 1114112K
  class space    used 7515K, committed 7680K, reserved 1048576K
}
Event: 27.189 GC heap before
{Heap before GC invocations=15 (full 0):
 garbage-first heap   total 61440K, used 39308K [0x0000000081000000, 0x0000000100000000)
  region size 1024K, 15 young (15360K), 3 survivors (3072K)
 Metaspace       used 59950K, committed 60416K, reserved 1114112K
  class space    used 7871K, committed 8128K, reserved 1048576K
}
Event: 27.192 GC heap after
{Heap after GC invocations=16 (full 0):
 garbage-first heap   total 73728K, used 29765K [0x0000000081000000, 0x0000000100000000)
  region size 1024K, 1 young (1024K), 1 survivors (1024K)
 Metaspace       used 59950K, committed 60416K, reserved 1114112K
  class space    used 7871K, committed 8128K, reserved 1048576K
}

Deoptimization events (20 events):
Event: 6.039 Thread 0x000002becb60e3b0 DEOPT PACKING pc=0x000002bedab31e30 sp=0x000000f085dfedd0
Event: 6.039 Thread 0x000002becb60e3b0 DEOPT UNPACKING pc=0x000002bed2f923a3 sp=0x000000f085dfed00 mode 2
Event: 27.163 Thread 0x000002bef0476e10 Uncommon trap: trap_request=0xffffff45 fr.pc=0x000002bedabbca98 relative=0x00000000000001f8
Event: 27.163 Thread 0x000002bef0476e10 Uncommon trap: reason=unstable_if action=reinterpret pc=0x000002bedabbca98 method=java.lang.String.indexOf(Ljava/lang/String;)I @ 10 c2
Event: 27.163 Thread 0x000002bef0476e10 DEOPT PACKING pc=0x000002bedabbca98 sp=0x000000f0884fdc20
Event: 27.163 Thread 0x000002bef0476e10 DEOPT UNPACKING pc=0x000002bed2f923a3 sp=0x000000f0884fdb58 mode 2
Event: 27.163 Thread 0x000002bef0476e10 Uncommon trap: trap_request=0xffffff45 fr.pc=0x000002bedaad9450 relative=0x00000000000001d0
Event: 27.163 Thread 0x000002bef0476e10 Uncommon trap: reason=unstable_if action=reinterpret pc=0x000002bedaad9450 method=java.lang.String.indexOf(Ljava/lang/String;)I @ 10 c2
Event: 27.163 Thread 0x000002bef0476e10 DEOPT PACKING pc=0x000002bedaad9450 sp=0x000000f0884fdbb0
Event: 27.163 Thread 0x000002bef0476e10 DEOPT UNPACKING pc=0x000002bed2f923a3 sp=0x000000f0884fdb50 mode 2
Event: 27.198 Thread 0x000002bef0476e10 Uncommon trap: trap_request=0xffffff45 fr.pc=0x000002bedaafc490 relative=0x00000000000009d0
Event: 27.198 Thread 0x000002bef0476e10 Uncommon trap: reason=unstable_if action=reinterpret pc=0x000002bedaafc490 method=org.springframework.transaction.annotation.SpringTransactionAnnotationParser.parseTransactionAnnotation(Ljava/lang/reflect/AnnotatedElement;)Lorg/springframework/transaction
Event: 27.198 Thread 0x000002bef0476e10 DEOPT PACKING pc=0x000002bedaafc490 sp=0x000000f0884fb390
Event: 27.198 Thread 0x000002bef0476e10 DEOPT UNPACKING pc=0x000002bed2f923a3 sp=0x000000f0884fb2d8 mode 2
Event: 27.199 Thread 0x000002bef0476e10 DEOPT PACKING pc=0x000002bed3c3aa68 sp=0x000000f0884fb080
Event: 27.199 Thread 0x000002bef0476e10 DEOPT UNPACKING pc=0x000002bed2f92b43 sp=0x000000f0884fa5e0 mode 0
Event: 27.220 Thread 0x000002bef0476e10 Uncommon trap: trap_request=0xffffff45 fr.pc=0x000002bedabd5bbc relative=0x000000000000029c
Event: 27.220 Thread 0x000002bef0476e10 Uncommon trap: reason=unstable_if action=reinterpret pc=0x000002bedabd5bbc method=java.util.StringTokenizer.scanToken(I)I @ 96 c2
Event: 27.220 Thread 0x000002bef0476e10 DEOPT PACKING pc=0x000002bedabd5bbc sp=0x000000f0884f9d90
Event: 27.220 Thread 0x000002bef0476e10 DEOPT UNPACKING pc=0x000002bed2f923a3 sp=0x000000f0884f9d30 mode 2

Classes loaded (20 events):
Event: 6.036 Loading class jdk/internal/math/FDBigInteger
Event: 6.038 Loading class jdk/internal/math/FDBigInteger done
Event: 27.109 Loading class java/nio/BufferOverflowException
Event: 27.109 Loading class java/nio/BufferOverflowException done
Event: 27.110 Loading class java/nio/channels/ReadPendingException
Event: 27.110 Loading class java/nio/channels/ReadPendingException done
Event: 27.110 Loading class java/nio/channels/WritePendingException
Event: 27.110 Loading class java/nio/channels/WritePendingException done
Event: 27.111 Loading class java/nio/channels/ClosedChannelException
Event: 27.111 Loading class java/nio/channels/ClosedChannelException done
Event: 27.112 Loading class sun/nio/ch/SocketAdaptor
Event: 27.112 Loading class sun/nio/ch/SocketAdaptor done
Event: 27.114 Loading class sun/nio/ch/SelectionKeyImpl
Event: 27.115 Loading class java/nio/channels/spi/AbstractSelectionKey
Event: 27.115 Loading class java/nio/channels/SelectionKey
Event: 27.115 Loading class java/nio/channels/SelectionKey done
Event: 27.115 Loading class java/nio/channels/spi/AbstractSelectionKey done
Event: 27.115 Loading class sun/nio/ch/SelectionKeyImpl done
Event: 27.115 Loading class java/lang/invoke/ConstantBootstraps
Event: 27.115 Loading class java/lang/invoke/ConstantBootstraps done

Classes unloaded (0 events):
No events

Classes redefined (0 events):
No events

Internal exceptions (20 events):
Event: 5.847 Thread 0x000002becb60e3b0 Exception <a 'java/lang/ClassNotFoundException'{0x0000000083a982d0}: java/lang/ObjectCustomizer> (0x0000000083a982d0) 
thrown [s\open\src\hotspot\share\classfile\systemDictionary.cpp, line 255]
Event: 5.848 Thread 0x000002becb60e3b0 Exception <a 'java/lang/ClassNotFoundException'{0x0000000083a9e8c0}: org/springframework/security/config/annotation/web/configuration/HttpSecurityConfigurationCustomizer> (0x0000000083a9e8c0) 
thrown [s\open\src\hotspot\share\classfile\systemDictionary.cpp, line 255]
Event: 5.879 Thread 0x000002becb60e3b0 Exception <a 'java/lang/IncompatibleClassChangeError'{0x000000008384e3a0}: Found class java.lang.Object, but interface was expected> (0x000000008384e3a0) 
thrown [s\open\src\hotspot\share\interpreter\linkResolver.cpp, line 826]
Event: 5.891 Thread 0x000002becb60e3b0 Exception <a 'java/lang/NoSuchMethodError'{0x0000000083718550}: 'void java.lang.invoke.DirectMethodHandle$Holder.invokeSpecial(java.lang.Object, java.lang.Object, long)'> (0x0000000083718550) 
thrown [s\open\src\hotspot\share\interpreter\linkResolver.cpp, line 759]
Event: 5.892 Thread 0x000002becb60e3b0 Exception <a 'java/lang/NoSuchMethodError'{0x0000000083722138}: 'void java.lang.invoke.DirectMethodHandle$Holder.invokeSpecial(java.lang.Object, java.lang.Object, int)'> (0x0000000083722138) 
thrown [s\open\src\hotspot\share\interpreter\linkResolver.cpp, line 759]
Event: 5.895 Thread 0x000002becb60e3b0 Exception <a 'java/lang/NoSuchMethodError'{0x0000000083742378}: 'java.lang.Object java.lang.invoke.DirectMethodHandle$Holder.invokeSpecial(java.lang.Object, java.lang.Object, int, java.lang.Object, int, java.lang.Object)'> (0x0000000083742378) 
thrown [s\open\src\hotspot\share\interpreter\linkResolver.cpp, line 759]
Event: 5.895 Thread 0x000002becb60e3b0 Exception <a 'java/lang/NoSuchMethodError'{0x000000008374a170}: 'java.lang.Object java.lang.invoke.DirectMethodHandle$Holder.newInvokeSpecial(java.lang.Object, java.lang.Object, int, java.lang.Object, int)'> (0x000000008374a170) 
thrown [s\open\src\hotspot\share\interpreter\linkResolver.cpp, line 759]
Event: 5.896 Thread 0x000002becb60e3b0 Exception <a 'java/lang/NoSuchMethodError'{0x000000008374e278}: 'java.lang.Object java.lang.invoke.DirectMethodHandle$Holder.invokeSpecial(java.lang.Object, java.lang.Object, java.lang.Object, int, java.lang.Object, int)'> (0x000000008374e278) 
thrown [s\open\src\hotspot\share\interpreter\linkResolver.cpp, line 759]
Event: 5.897 Thread 0x000002becb60e3b0 Exception <a 'java/lang/NoSuchMethodError'{0x0000000083757a00}: 'void java.lang.invoke.DirectMethodHandle$Holder.invokeVirtual(java.lang.Object, java.lang.Object)'> (0x0000000083757a00) 
thrown [s\open\src\hotspot\share\interpreter\linkResolver.cpp, line 759]
Event: 5.997 Thread 0x000002becb60e3b0 Implicit null exception at 0x000002bedad12d4b to 0x000002bedad12e74
Event: 5.998 Thread 0x000002becb60e3b0 Exception <a 'java/lang/NoSuchMethodError'{0x000000008554c110}: 'java.lang.Object java.lang.invoke.DelegatingMethodHandle$Holder.reinvoke_L(java.lang.Object, java.lang.Object, java.lang.Object, java.lang.Object, int, int, int, java.lang.Object)'> (0x000000008554c110) 
thrown [s\open\src\hotspot\share\interpreter\linkResolver.cpp, line 759]
Event: 6.001 Thread 0x000002becb60e3b0 Exception <a 'java/lang/NoSuchMethodError'{0x000000008556adf0}: 'java.lang.Object java.lang.invoke.DirectMethodHandle$Holder.invokeInterface(java.lang.Object, java.lang.Object, java.lang.Object, int, int, int, java.lang.Object)'> (0x000000008556adf0) 
thrown [s\open\src\hotspot\share\interpreter\linkResolver.cpp, line 759]
Event: 6.001 Thread 0x000002becb60e3b0 Exception <a 'java/lang/NoSuchMethodError'{0x000000008556f220}: 'java.lang.Object java.lang.invoke.DirectMethodHandle$Holder.invokeSpecial(java.lang.Object, java.lang.Object, java.lang.Object, java.lang.Object, int, int, int, java.lang.Object)'> (0x000000008556f220) 
thrown [s\open\src\hotspot\share\interpreter\linkResolver.cpp, line 759]
Event: 6.002 Thread 0x000002becb60e3b0 Exception <a 'java/lang/NoSuchMethodError'{0x0000000085572e50}: 'java.lang.Object java.lang.invoke.DelegatingMethodHandle$Holder.reinvoke_L(java.lang.Object, java.lang.Object, java.lang.Object, int, int, int, java.lang.Object)'> (0x0000000085572e50) 
thrown [s\open\src\hotspot\share\interpreter\linkResolver.cpp, line 759]
Event: 6.004 Thread 0x000002becb60e3b0 Exception <a 'java/lang/NoSuchMethodError'{0x0000000085590a68}: 'java.lang.Object java.lang.invoke.DirectMethodHandle$Holder.invokeInterface(java.lang.Object, java.lang.Object, java.lang.Object, java.lang.Object, java.lang.Object, java.lang.Object)'> (0x0000000085590a68) 
thrown [s\open\src\hotspot\share\interpreter\linkResolver.cpp, line 759]
Event: 6.019 Thread 0x000002bef047a300 Exception <a 'java/lang/NoSuchMethodError'{0x0000000085439b38}: 'void java.lang.invoke.DirectMethodHandle$Holder.invokeInterface(java.lang.Object, java.lang.Object, int, int)'> (0x0000000085439b38) 
thrown [s\open\src\hotspot\share\interpreter\linkResolver.cpp, line 759]
Event: 6.019 Thread 0x000002bef047a300 Exception <a 'java/lang/NoSuchMethodError'{0x0000000085440fb0}: 'void java.lang.invoke.DelegatingMethodHandle$Holder.reinvoke_L(java.lang.Object, java.lang.Object, int, int)'> (0x0000000085440fb0) 
thrown [s\open\src\hotspot\share\interpreter\linkResolver.cpp, line 759]
Event: 6.021 Thread 0x000002bef047a300 Exception <a 'java/lang/NoSuchMethodError'{0x0000000085465010}: 'java.lang.Object java.lang.invoke.DelegatingMethodHandle$Holder.reinvoke_L(java.lang.Object, java.lang.Object, java.lang.Object, int, java.lang.Object, int, int, java.lang.Object, java.lang.Object)'> (0x0000000085465010) 
thrown [s\open\src\hotspot\share\interpreter\linkResolver.cpp, line 759]
Event: 27.299 Thread 0x000002bef0476e10 Exception <a 'java/lang/NoSuchMethodError'{0x00000000856cb350}: 'java.lang.Object java.lang.invoke.DirectMethodHandle$Holder.invokeInterface(java.lang.Object, java.lang.Object, java.lang.Object, java.lang.Object)'> (0x00000000856cb350) 
thrown [s\open\src\hotspot\share\interpreter\linkResolver.cpp, line 759]
Event: 27.317 Thread 0x000002bef0476e10 Exception <a 'java/lang/NoSuchMethodError'{0x00000000855b9b98}: 'java.lang.Object java.lang.invoke.DirectMethodHandle$Holder.invokeStaticInit(java.lang.Object, java.lang.Object, java.lang.Object, java.lang.Object, java.lang.Object, java.lang.Object)'> (0x00000000855b9b98) 
thrown [s\open\src\hotspot\share\interpreter\linkResolver.cpp, line 759]

VM Operations (20 events):
Event: 5.622 Executing VM operation: HandshakeAllThreads
Event: 5.623 Executing VM operation: HandshakeAllThreads done
Event: 5.906 Executing VM operation: G1CollectForAllocation
Event: 5.910 Executing VM operation: G1CollectForAllocation done
Event: 5.976 Executing VM operation: HandshakeAllThreads
Event: 5.976 Executing VM operation: HandshakeAllThreads done
Event: 6.986 Executing VM operation: Cleanup
Event: 6.986 Executing VM operation: Cleanup done
Event: 27.146 Executing VM operation: HandshakeAllThreads
Event: 27.146 Executing VM operation: HandshakeAllThreads done
Event: 27.163 Executing VM operation: HandshakeAllThreads
Event: 27.163 Executing VM operation: HandshakeAllThreads done
Event: 27.163 Executing VM operation: Cleanup
Event: 27.163 Executing VM operation: Cleanup done
Event: 27.189 Executing VM operation: CollectForMetadataAllocation
Event: 27.192 Executing VM operation: CollectForMetadataAllocation done
Event: 27.211 Executing VM operation: G1Concurrent
Event: 27.214 Executing VM operation: G1Concurrent done
Event: 27.226 Executing VM operation: G1Concurrent
Event: 27.226 Executing VM operation: G1Concurrent done

Events (20 events):
Event: 5.905 Thread 0x000002bef04772e0 Thread added: 0x000002bef04772e0
Event: 5.905 Thread 0x000002bef047b170 Thread added: 0x000002bef047b170
Event: 5.906 Thread 0x000002bef047bb10 Thread added: 0x000002bef047bb10
Event: 5.910 Thread 0x000002bef0476470 Thread added: 0x000002bef0476470
Event: 5.910 Thread 0x000002bef0478150 Thread added: 0x000002bef0478150
Event: 5.910 Thread 0x000002bef0478620 Thread added: 0x000002bef0478620
Event: 5.910 Thread 0x000002bef0475fa0 Thread added: 0x000002bef0475fa0
Event: 5.921 Thread 0x000002bef0479e30 Thread added: 0x000002bef0479e30
Event: 5.922 Thread 0x000002bef047c980 Thread added: 0x000002bef047c980
Event: 5.938 Thread 0x000002bef047d320 Thread added: 0x000002bef047d320
Event: 5.968 Thread 0x000002bef0476940 Thread added: 0x000002bef0476940
Event: 6.014 Thread 0x000002bef047a300 Thread added: 0x000002bef047a300
Event: 6.024 Thread 0x000002bef047ce50 Thread added: 0x000002bef047ce50
Event: 6.025 Thread 0x000002bef047bfe0 Thread added: 0x000002bef047bfe0
Event: 6.027 Thread 0x000002bef0479490 Thread added: 0x000002bef0479490
Event: 6.043 Thread 0x000002becb60e3b0 Thread exited: 0x000002becb60e3b0
Event: 6.043 Thread 0x000002bef047c4b0 Thread added: 0x000002bef047c4b0
Event: 9.296 Thread 0x000002bee97ece60 Thread exited: 0x000002bee97ece60
Event: 11.928 Thread 0x000002beedd69b00 Thread exited: 0x000002beedd69b00
Event: 11.928 Thread 0x000002beeeba2f30 Thread exited: 0x000002beeeba2f30


Dynamic libraries:
0x00007ff625ab0000 - 0x00007ff625ac0000 	C:\Program Files\Java\jdk-18.0.2\bin\java.exe
0x00007ff886030000 - 0x00007ff886228000 	C:\WINDOWS\SYSTEM32\ntdll.dll
0x00007ff884450000 - 0x00007ff88450d000 	C:\WINDOWS\System32\KERNEL32.DLL
0x00007ff883b60000 - 0x00007ff883e2e000 	C:\WINDOWS\System32\KERNELBASE.dll
0x00007ff883e30000 - 0x00007ff883f30000 	C:\WINDOWS\System32\ucrtbase.dll
0x00007ff827550000 - 0x00007ff827568000 	C:\Program Files\Java\jdk-18.0.2\bin\jli.dll
0x00007ff827530000 - 0x00007ff82754a000 	C:\Program Files\Java\jdk-18.0.2\bin\VCRUNTIME140.dll
0x00007ff8842b0000 - 0x00007ff88435e000 	C:\WINDOWS\System32\ADVAPI32.dll
0x00007ff885570000 - 0x00007ff88560e000 	C:\WINDOWS\System32\msvcrt.dll
0x00007ff884cf0000 - 0x00007ff884d8c000 	C:\WINDOWS\System32\sechost.dll
0x00007ff885440000 - 0x00007ff885565000 	C:\WINDOWS\System32\RPCRT4.dll
0x00007ff884740000 - 0x00007ff8848e0000 	C:\WINDOWS\System32\USER32.dll
0x00007ff8838d0000 - 0x00007ff8838f2000 	C:\WINDOWS\System32\win32u.dll
0x00007ff875d80000 - 0x00007ff87601a000 	C:\WINDOWS\WinSxS\amd64_microsoft.windows.common-controls_6595b64144ccf1df_6.0.19041.1110_none_60b5254171f9507e\COMCTL32.dll
0x00007ff8848e0000 - 0x00007ff88490a000 	C:\WINDOWS\System32\GDI32.dll
0x00007ff883f80000 - 0x00007ff88408b000 	C:\WINDOWS\System32\gdi32full.dll
0x00007ff883800000 - 0x00007ff88389d000 	C:\WINDOWS\System32\msvcp_win.dll
0x00007ff87b880000 - 0x00007ff87b88a000 	C:\WINDOWS\SYSTEM32\VERSION.dll
0x00007ff884410000 - 0x00007ff884440000 	C:\WINDOWS\System32\IMM32.DLL
0x00007ff8576b0000 - 0x00007ff8576bc000 	C:\Program Files\Java\jdk-18.0.2\bin\vcruntime140_1.dll
0x00007ff8274a0000 - 0x00007ff82752d000 	C:\Program Files\Java\jdk-18.0.2\bin\msvcp140.dll
0x00007ff826880000 - 0x00007ff827491000 	C:\Program Files\Java\jdk-18.0.2\bin\server\jvm.dll
0x00007ff884440000 - 0x00007ff884448000 	C:\WINDOWS\System32\PSAPI.DLL
0x00007ff86b6d0000 - 0x00007ff86b6d9000 	C:\WINDOWS\SYSTEM32\WSOCK32.dll
0x00007ff87b590000 - 0x00007ff87b5b7000 	C:\WINDOWS\SYSTEM32\WINMM.dll
0x00007ff884920000 - 0x00007ff88498b000 	C:\WINDOWS\System32\WS2_32.dll
0x00007ff881670000 - 0x00007ff881682000 	C:\WINDOWS\SYSTEM32\kernel.appcore.dll
0x00007ff857170000 - 0x00007ff85717a000 	C:\Program Files\Java\jdk-18.0.2\bin\jimage.dll
0x00007ff87cae0000 - 0x00007ff87ccc4000 	C:\WINDOWS\SYSTEM32\DBGHELP.DLL
0x00007ff871840000 - 0x00007ff87186c000 	C:\WINDOWS\SYSTEM32\dbgcore.DLL
0x00007ff883900000 - 0x00007ff883982000 	C:\WINDOWS\System32\bcryptPrimitives.dll
0x00007ff87f040000 - 0x00007ff87f04e000 	C:\Program Files\Java\jdk-18.0.2\bin\instrument.dll
0x00007ff826850000 - 0x00007ff826875000 	C:\Program Files\Java\jdk-18.0.2\bin\java.dll
0x00007ff826770000 - 0x00007ff826846000 	C:\Program Files\Java\jdk-18.0.2\bin\jsvml.dll
0x00007ff8856f0000 - 0x00007ff885e34000 	C:\WINDOWS\System32\SHELL32.dll
0x00007ff881870000 - 0x00007ff882004000 	C:\WINDOWS\SYSTEM32\windows.storage.dll
0x00007ff884990000 - 0x00007ff884ce4000 	C:\WINDOWS\System32\combase.dll
0x00007ff8831b0000 - 0x00007ff8831e0000 	C:\WINDOWS\SYSTEM32\Wldp.dll
0x00007ff884360000 - 0x00007ff88440d000 	C:\WINDOWS\System32\SHCORE.dll
0x00007ff884d90000 - 0x00007ff884de5000 	C:\WINDOWS\System32\shlwapi.dll
0x00007ff883690000 - 0x00007ff8836af000 	C:\WINDOWS\SYSTEM32\profapi.dll
0x00007ff826500000 - 0x00007ff826518000 	C:\Program Files\Java\jdk-18.0.2\bin\zip.dll
0x00007ff826750000 - 0x00007ff826763000 	C:\Program Files\Java\jdk-18.0.2\bin\net.dll
0x00007ff87d940000 - 0x00007ff87da4a000 	C:\WINDOWS\SYSTEM32\WINHTTP.dll
0x00007ff882f10000 - 0x00007ff882f7a000 	C:\WINDOWS\system32\mswsock.dll
0x00007ff826730000 - 0x00007ff826746000 	C:\Program Files\Java\jdk-18.0.2\bin\nio.dll
0x00007ff86acf0000 - 0x00007ff86ad0a000 	C:\Program Files\JetBrains\IntelliJ IDEA Community Edition 2022.2\bin\breakgen64.dll
0x00007ff826660000 - 0x00007ff826670000 	C:\Program Files\Java\jdk-18.0.2\bin\verify.dll
0x00007ff86ace0000 - 0x00007ff86ace9000 	C:\Program Files\Java\jdk-18.0.2\bin\management.dll
0x00007ff86acd0000 - 0x00007ff86acdb000 	C:\Program Files\Java\jdk-18.0.2\bin\management_ext.dll
0x00007ff86b510000 - 0x00007ff86b527000 	C:\WINDOWS\system32\napinsp.dll
0x00007ff86b4f0000 - 0x00007ff86b50b000 	C:\WINDOWS\system32\pnrpnsp.dll
0x00007ff86b4d0000 - 0x00007ff86b4e5000 	C:\WINDOWS\system32\wshbth.dll
0x00007ff8801a0000 - 0x00007ff8801bd000 	C:\WINDOWS\system32\NLAapi.dll
0x00007ff882bb0000 - 0x00007ff882beb000 	C:\WINDOWS\SYSTEM32\IPHLPAPI.DLL
0x00007ff882c00000 - 0x00007ff882cca000 	C:\WINDOWS\SYSTEM32\DNSAPI.dll
0x00007ff885610000 - 0x00007ff885618000 	C:\WINDOWS\System32\NSI.dll
0x00007ff86b460000 - 0x00007ff86b472000 	C:\WINDOWS\System32\winrnr.dll
0x00007ff87d720000 - 0x00007ff87d72a000 	C:\Windows\System32\rasadhlp.dll
0x00007ff87cd90000 - 0x00007ff87ce10000 	C:\WINDOWS\System32\fwpuclnt.dll
0x00007ff8838a0000 - 0x00007ff8838c7000 	C:\WINDOWS\System32\bcrypt.dll
0x00007ff883100000 - 0x00007ff883118000 	C:\WINDOWS\SYSTEM32\CRYPTSP.dll
0x00007ff882820000 - 0x00007ff882854000 	C:\WINDOWS\system32\rsaenh.dll
0x00007ff883610000 - 0x00007ff88363e000 	C:\WINDOWS\SYSTEM32\USERENV.dll
0x00007ff883120000 - 0x00007ff88312c000 	C:\WINDOWS\SYSTEM32\CRYPTBASE.dll
0x00007ff87e4a0000 - 0x00007ff87e4b7000 	C:\WINDOWS\SYSTEM32\dhcpcsvc6.DLL
0x00007ff87e480000 - 0x00007ff87e49d000 	C:\WINDOWS\SYSTEM32\dhcpcsvc.DLL
0x00007ff86acc0000 - 0x00007ff86acce000 	C:\Program Files\Java\jdk-18.0.2\bin\sunmscapi.dll
0x00007ff883990000 - 0x00007ff883ae6000 	C:\WINDOWS\System32\CRYPT32.dll
0x00007ff883220000 - 0x00007ff883247000 	C:\WINDOWS\SYSTEM32\ncrypt.dll
0x00007ff8831e0000 - 0x00007ff88321b000 	C:\WINDOWS\SYSTEM32\NTASN1.dll

dbghelp: loaded successfully - version: 4.0.5 - missing functions: none
symbol engine: initialized successfully - sym options: 0x614 - pdb path: .;C:\Program Files\Java\jdk-18.0.2\bin;C:\WINDOWS\SYSTEM32;C:\WINDOWS\WinSxS\amd64_microsoft.windows.common-controls_6595b64144ccf1df_6.0.19041.1110_none_60b5254171f9507e;C:\Program Files\Java\jdk-18.0.2\bin\server;C:\Program Files\JetBrains\IntelliJ IDEA Community Edition 2022.2\bin

VM Arguments:
jvm_args: -javaagent:C:\Program Files\JetBrains\IntelliJ IDEA Community Edition 2022.2\lib\idea_rt.jar=50385:C:\Program Files\JetBrains\IntelliJ IDEA Community Edition 2022.2\bin -Dfile.encoding=UTF-8 
java_command: com.example.library.LibraryApplication
java_class_path (initial): C:\Users\Bayram\Desktop\lib\target\classes;C:\Users\Bayram\.m2\repository\org\springframework\boot\spring-boot-starter-data-jpa\2.7.1\spring-boot-starter-data-jpa-2.7.1.jar;C:\Users\Bayram\.m2\repository\org\springframework\boot\spring-boot-starter-aop\2.7.1\spring-boot-starter-aop-2.7.1.jar;C:\Users\Bayram\.m2\repository\org\aspectj\aspectjweaver\1.9.7\aspectjweaver-1.9.7.jar;C:\Users\Bayram\.m2\repository\jakarta\transaction\jakarta.transaction-api\1.3.3\jakarta.transaction-api-1.3.3.jar;C:\Users\Bayram\.m2\repository\jakarta\persistence\jakarta.persistence-api\2.2.3\jakarta.persistence-api-2.2.3.jar;C:\Users\Bayram\.m2\repository\org\hibernate\hibernate-core\5.6.9.Final\hibernate-core-5.6.9.Final.jar;C:\Users\Bayram\.m2\repository\org\jboss\logging\jboss-logging\3.4.3.Final\jboss-logging-3.4.3.Final.jar;C:\Users\Bayram\.m2\repository\net\bytebuddy\byte-buddy\1.12.11\byte-buddy-1.12.11.jar;C:\Users\Bayram\.m2\repository\antlr\antlr\2.7.7\antlr-2.7.7.jar;C:\Users\Bayram\.m2\repository\org\jboss\jandex\2.4.2.Final\jandex-2.4.2.Final.jar;C:\Users\Bayram\.m2\repository\com\fasterxml\classmate\1.5.1\classmate-1.5.1.jar;C:\Users\Bayram\.m2\repository\org\hibernate\common\hibernate-commons-annotations\5.1.2.Final\hibernate-commons-annotations-5.1.2.Final.jar;C:\Users\Bayram\.m2\repository\org\glassfish\jaxb\jaxb-runtime\2.3.6\jaxb-runtime-2.3.6.jar;C:\Users\Bayram\.m2\repository\org\glassfish\jaxb\txw2\2.3.6\txw2-2.3.6.jar;C:\Users\Bayram\.m2\repository\com\sun\istack\istack-commons-runtime\3.0.12\istack-commons-runtime-3.0.12.jar;C:\Users\Bayram\.m2\repository\com\sun\activation\jakarta.activation\1.2.2\jakarta.activation-1.2.2.jar;C:\Users\Bayram\.m2\repository\org\springframework\data\spring-data-jpa\2.7.1\spring-data-jpa-2.7.1.jar;C:\Users\Bayram\.m2\repository\org\springframework\data\spring-data-commons\2.7.1\spring-data-commons-2.7.1.jar;C:\Users\Bayram\.m2\repository\org\springframework\spring-orm\5.3.21\spring-orm-5.3.21.jar;C:\Users\Bayram\.m2\repository\org\springframework\spring-context\5.3.21\spring-context-5.3.21.jar;C:\Users\Bayram\.m2\repository\org\springframework\spring-tx\5.3.21\spring-tx-5.3.21.jar;C:\Users\Bayram\.m2\repository\org\springframework\spring-beans\5.3.21\spring-beans-5.3.21.jar;C:\Users\Bayram\.m2\repository\org\slf4j\slf4j-api\1.7.36\slf4j-api-1.7.36.jar;C:\Users\Bayram\.m2\repository\org\springframework\spring-aspects\5.3.21\spring-aspects-5.3.21.jar;C:\Users\Bayram\.m2\repository\org\springframework\boot\spring-boot-starter-web\2.7.1\spring-boot-starter-web-2.7.1.jar;C:\Users\Bayram\.m2\repository\org\springframework\boot\spring-boot-starter\2.7.1\spring-boot-starter-2.7.1.jar;C:\Users\Bayram\.m2\repository\org\springframework\boot\spring-boot\2.7.1\spring-boot-2.7.1.jar;C:\Users\Bayram\.m2\repository\org\springframework\boot\spring-boot-autoconfigure\2.7.1\spring-boot-autoconfigure-2.7.1.jar;C:\Users\Bayram\.m2\repository\org\springframework\boot\spring-boot-starter-logging\2.7.1\spring-boot-starter-logging-2.7.1.jar;C:\Users\Bayram\.m2\repository\ch\qos\logback\logback-classic\1.2.11\logback-classic-1.2.11.jar;C:\Users\Bayram\.m2\repository\ch\qos\logback\logback-core\1.2.11\logback-core-1.2.11.jar;C:\Users\Bayram\.m2\repository\org\apache\logging\log4j\log4j-to-slf4j\2.17.2\log4j-to-slf4j-2.17.2.jar;C:\Users\Bayram\.m2\repository\org\apache\logging\log4j\log4j-api\2.17.2\log4j-api-2.17.2.jar;C:\Users\Bayram\.m2\repository\org\slf4j\jul-to-slf4j\1.7.36\jul-to-slf4j-1.7.36.jar;C:\Users\Bayram\.m2\repository\jakarta\annotation\jakarta.annotation-api\1.3.5\jakarta.annotation-api-1.3.5.jar;C:\Users\Bayram\.m2\repository\org\yaml\snakeyaml\1.30\snakeyaml-1.30.jar;C:\Users\Bayram\.m2\repository\org\springframework\boot\spring-boot-starter-json\2.7.1\spring-boot-starter-json-2.7.1.jar;C:\Users\Bayram\.m2\repository\com\fasterxml\jackson\datatype\jackson-datatype-jdk8\2.13.3\jackson-datatype-jdk8-2.13.3.jar;C:\Users\Bayram\.m2\repository\com\fasterxml\jackson\datatype\jackson-datatype-jsr310\2.13.3\jackson-datatype-jsr310-2.13.3.jar;C:\Users\Bayram\.m2\repository\com\fasterxml\jackson\module\jackson-module-parameter-names\2.13.3\jackson-module-parameter-names-2.13.3.jar;C:\Users\Bayram\.m2\repository\org\springframework\boot\spring-boot-starter-tomcat\2.7.1\spring-boot-starter-tomcat-2.7.1.jar;C:\Users\Bayram\.m2\repository\org\apache\tomcat\embed\tomcat-embed-core\9.0.64\tomcat-embed-core-9.0.64.jar;C:\Users\Bayram\.m2\repository\org\apache\tomcat\embed\tomcat-embed-el\9.0.64\tomcat-embed-el-9.0.64.jar;C:\Users\Bayram\.m2\repository\org\apache\tomcat\embed\tomcat-embed-websocket\9.0.64\tomcat-embed-websocket-9.0.64.jar;C:\Users\Bayram\.m2\repository\org\springframework\spring-web\5.3.21\spring-web-5.3.21.jar;C:\Users\Bayram\.m2\repository\org\springframework\spring-webmvc\5.3.21\spring-webmvc-5.3.21.jar;C:\Users\Bayram\.m2\repository\org\springframework\spring-expression\5.3.21\spring-expression-5.3.21.jar;C:\Users\Bayram\.m2\repository\org\springframework\boot\spring-boot-starter-jdbc\2.7.1\spring-boot-starter-jdbc-2.7.1.jar;C:\Users\Bayram\.m2\repository\com\zaxxer\HikariCP\4.0.3\HikariCP-4.0.3.jar;C:\Users\Bayram\.m2\repository\org\springframework\spring-jdbc\5.3.21\spring-jdbc-5.3.21.jar;C:\Users\Bayram\.m2\repository\org\postgresql\postgresql\42.3.6\postgresql-42.3.6.jar;C:\Users\Bayram\.m2\repository\org\checkerframework\checker-qual\3.5.0\checker-qual-3.5.0.jar;C:\Users\Bayram\.m2\repository\jakarta\xml\bind\jakarta.xml.bind-api\2.3.3\jakarta.xml.bind-api-2.3.3.jar;C:\Users\Bayram\.m2\repository\jakarta\activation\jakarta.activation-api\1.2.2\jakarta.activation-api-1.2.2.jar;C:\Users\Bayram\.m2\repository\org\springframework\spring-core\5.3.21\spring-core-5.3.21.jar;C:\Users\Bayram\.m2\repository\org\springframework\spring-jcl\5.3.21\spring-jcl-5.3.21.jar;C:\Users\Bayram\.m2\repository\org\springframework\boot\spring-boot-starter-amqp\2.7.1\spring-boot-starter-amqp-2.7.1.jar;C:\Users\Bayram\.m2\repository\org\springframework\spring-messaging\5.3.21\spring-messaging-5.3.21.jar;C:\Users\Bayram\.m2\repository\org\springframework\amqp\spring-rabbit\2.4.6\spring-rabbit-2.4.6.jar;C:\Users\Bayram\.m2\repository\org\springframework\amqp\spring-amqp\2.4.6\spring-amqp-2.4.6.jar;C:\Users\Bayram\.m2\repository\org\springframework\retry\spring-retry\1.3.3\spring-retry-1.3.3.jar;C:\Users\Bayram\.m2\repository\com\rabbitmq\amqp-client\5.14.2\amqp-client-5.14.2.jar;C:\Users\Bayram\.m2\repository\org\springframework\boot\spring-boot-starter-security\2.7.1\spring-boot-starter-security-2.7.1.jar;C:\Users\Bayram\.m2\repository\org\springframework\spring-aop\5.3.21\spring-aop-5.3.21.jar;C:\Users\Bayram\.m2\repository\org\springframework\security\spring-security-config\5.7.2\spring-security-config-5.7.2.jar;C:\Users\Bayram\.m2\repository\org\springframework\security\spring-security-core\5.7.2\spring-security-core-5.7.2.jar;C:\Users\Bayram\.m2\repository\org\springframework\security\spring-security-crypto\5.7.2\spring-security-crypto-5.7.2.jar;C:\Users\Bayram\.m2\repository\org\springframework\security\spring-security-web\5.7.2\spring-security-web-5.7.2.jar;C:\Users\Bayram\.m2\repository\io\jsonwebtoken\jjwt\0.9.1\jjwt-0.9.1.jar;C:\Users\Bayram\.m2\repository\com\fasterxml\jackson\core\jackson-databind\2.13.3\jackson-databind-2.13.3.jar;C:\Users\Bayram\.m2\repository\com\fasterxml\jackson\core\jackson-annotations\2.13.3\jackson-annotations-2.13.3.jar;C:\Users\Bayram\.m2\repository\com\fasterxml\jackson\core\jackson-core\2.13.3\jackson-core-2.13.3.jar;C:\Users\Bayram\.m2\repository\com\auth0\java-jwt\3.18.2\java-jwt-3.18.2.jar;C:\Users\Bayram\.m2\repository\org\projectlombok\lombok\1.18.24\lombok-1.18.24.jar
Launcher Type: SUN_STANDARD

[Global flags]
     intx CICompilerCount                          = 4                                         {product} {ergonomic}
     uint ConcGCThreads                            = 2                                         {product} {ergonomic}
     uint G1ConcRefinementThreads                  = 8                                         {product} {ergonomic}
   size_t G1HeapRegionSize                         = 1048576                                   {product} {ergonomic}
    uintx GCDrainStackTargetSize                   = 64                                        {product} {ergonomic}
   size_t InitialHeapSize                          = 134217728                                 {product} {ergonomic}
   size_t MarkStackSize                            = 4194304                                   {product} {ergonomic}
   size_t MaxHeapSize                              = 2130706432                                {product} {ergonomic}
   size_t MaxNewSize                               = 1278214144                                {product} {ergonomic}
   size_t MinHeapDeltaBytes                        = 1048576                                   {product} {ergonomic}
   size_t MinHeapSize                              = 8388608                                   {product} {ergonomic}
    uintx NonNMethodCodeHeapSize                   = 5839372                                {pd product} {ergonomic}
    uintx NonProfiledCodeHeapSize                  = 122909434                              {pd product} {ergonomic}
    uintx ProfiledCodeHeapSize                     = 122909434                              {pd product} {ergonomic}
    uintx ReservedCodeCacheSize                    = 251658240                              {pd product} {ergonomic}
     bool SegmentedCodeCache                       = true                                      {product} {ergonomic}
   size_t SoftMaxHeapSize                          = 2130706432                             {manageable} {ergonomic}
     bool UseCompressedClassPointers               = true                           {product lp64_product} {ergonomic}
     bool UseCompressedOops                        = true                           {product lp64_product} {ergonomic}
     bool UseG1GC                                  = true                                      {product} {ergonomic}
     bool UseLargePagesIndividualAllocation        = false                                  {pd product} {ergonomic}

Logging:
Log output configuration:
 #0: stdout all=warning uptime,level,tags foldmultilines=false
 #1: stderr all=off uptime,level,tags foldmultilines=false

Environment Variables:
JAVA_HOME=C:\Program Files\Java\jdk1.8.0_271
PATH=C:\Program Files (x86)\Razer\ChromaBroadcast\bin;C:\Program Files\Razer\ChromaBroadcast\bin;C:\Program Files (x86)\NVIDIA Corporation\PhysX\Common;C:\Program Files\Common Files\Oracle\Java\javapath;C:\Program Files (x86)\Common Files\Oracle\Java\javapath;C:\WINDOWS\system32;C:\WINDOWS;C:\WINDOWS\System32\Wbem;C:\WINDOWS\System32\WindowsPowerShell\v1.0\;C:\WINDOWS\System32\OpenSSH\;C:\ProgramData\chocolatey\bin;C:\Program Files\OpenJDK\openjdk-8u275-b01\bin;%JAVA-HOME%\bin;C:\HashiCorp\Vagrant\bin;C:\Program Files\dotnet\;C:\Program Files\Microsoft SQL Server\130\Tools\Binn\;C:\Program Files\Microsoft SQL Server\Client SDK\ODBC\170\Tools\Binn\;C:\WINDOWS\system32\config\systemprofile\AppData\Local\Microsoft\WindowsApps;C:\Program Files\Git\cmd;C:\Program Files (x86)\Microsoft SQL Server\100\Tools\Binn\;C:\Program Files\Microsoft SQL Server\100\Tools\Binn\;C:\Program Files\Microsoft SQL Server\100\DTS\Binn\;C:\Program Files (x86)\Microsoft SQL Server\100\Tools\Binn\VSShell\Common7\IDE\;C:\Program Files (x86)\Microsoft Visual Studio 9.0\Common7\IDE\PrivateAssemblies\;C:\Program Files (x86)\Microsoft SQL Server\100\DTS\Binn\;C:\Program Files\nodejs\;C:\Users\Bayram\anaconda3;C:\Users\Bayram\anaconda3\Library\mingw-w64\bin;C:\Users\Bayram\anaconda3\Library\usr\bin;C:\Users\Bayram\anaconda3\Library\bin;C:\Users\Bayram\anaconda3\Scripts;C:\Users\Bayram\AppData\Local\Programs\Python\Python39\Scripts\;C:\Users\Bayram\AppData\Local\Programs\Python\Python39\;C:\Program Files\MySQL\MySQL Shell 8.0\bin\;C:\Users\Bayram\AppData\Local\Microsoft\WindowsApps;C:\Users\Bayram\AppData\Local\Programs\Microsoft VS Code\bin;C:\Users\Bayram\AppData\Local\Android\Sdk\platform-tools;C:\Users\Bayram\.dotnet\tools;C:\Users\Bayram\AppData\Local\GitHubDesktop\bin;C:\spark\hadoop;C:\Users\Bayram\AppData\Roaming\npm
USERNAME=Bayram
OS=Windows_NT
PROCESSOR_IDENTIFIER=AMD64 Family 23 Model 8 Stepping 2, AuthenticAMD



---------------  S Y S T E M  ---------------

OS:
 Windows 10 , 64 bit Build 19041 (10.0.19041.1889)
OS uptime: 0 days 0:13 hours

CPU: total 8 (initial active 8) (8 cores per cpu, 2 threads per core) family 23 model 8 stepping 2 microcode 0x0, cx8, cmov, fxsr, ht, mmx, 3dnowpref, sse, sse2, sse3, ssse3, sse4a, sse4.1, sse4.2, popcnt, lzcnt, tsc, tscinvbit, avx, avx2, aes, clmul, bmi1, bmi2, adx, sha, fma, vzeroupper, clflush, clflushopt

Memory: 4k page, system-wide physical 8121M (722M free)
TotalPageFile size 12187M (AvailPageFile size 5M)
current process WorkingSet (physical memory assigned to process): 223M, peak: 250M
current process commit charge ("private bytes"): 275M, peak: 291M

vm_info: Java HotSpot(TM) 64-Bit Server VM (18.0.2+9-61) for windows-amd64 JRE (18.0.2+9-61), built on Jun  7 2022 13:09:01 by "mach5one" with MS VC++ 16.8 / 16.9 (VS2019)

END.
